#
# There is insufficient memory for the Java Runtime Environment to continue.
# Native memory allocation (malloc) failed to allocate 32744 bytes for ChunkPool::allocate
# Possible reasons:
#   The system is out of physical RAM or swap space
#   In 32 bit mode, the process size limit was hit
# Possible solutions:
#   Reduce memory load on the system
#   Increase physical memory or swap space
#   Check if swap backing store is full
#   Use 64 bit Java on a 64 bit OS
#   Decrease Java heap size (-Xmx/-Xms)
#   Decrease number of Java threads
#   Decrease Java thread stack sizes (-Xss)
#   Set larger code cache with -XX:ReservedCodeCacheSize=
# This output file may be truncated or incomplete.
#
#  Out of Memory Error (allocation.cpp:273), pid=11796, tid=11444
#
# JRE version: Java(TM) SE Runtime Environment (8.0_60-b27) (build 1.8.0_60-b27)
# Java VM: Java HotSpot(TM) 64-Bit Server VM (25.60-b23 mixed mode windows-amd64 compressed oops)
# Failed to write core dump. Minidumps are not enabled by default on client versions of Windows
#

---------------  T H R E A D  ---------------

Current thread (0x000000001487c800):  JavaThread "C2 CompilerThread0" daemon [_thread_in_native, id=11444, stack(0x0000000015ed0000,0x0000000015fd0000)]

Stack: [0x0000000015ed0000,0x0000000015fd0000]
[error occurred during error reporting (printing stack bounds), id 0xc0000005]

Native frames: (J=compiled Java code, j=interpreted, Vv=VM code, C=native code)


Current CompileTask:
C2:   3108 1577   !   4       com.android.dx.cf.cst.ConstantPoolParser::parse0 (731 bytes)


---------------  P R O C E S S  ---------------

Java Threads: ( => current thread )
  0x0000000016476800 JavaThread "pool-2-thread-4" [_thread_blocked, id=10728, stack(0x0000000016bd0000,0x0000000016cd0000)]
  0x0000000016475000 JavaThread "pool-2-thread-3" [_thread_blocked, id=4716, stack(0x0000000016ad0000,0x0000000016bd0000)]
  0x0000000016473000 JavaThread "pool-2-thread-2" [_thread_blocked, id=9340, stack(0x00000000169d0000,0x0000000016ad0000)]
  0x0000000016468000 JavaThread "pool-3-thread-1" [_thread_blocked, id=6804, stack(0x00000000168d0000,0x00000000169d0000)]
  0x00000000164a2800 JavaThread "pool-2-thread-1" [_thread_in_Java, id=10784, stack(0x00000000167d0000,0x00000000168d0000)]
  0x00000000148dd800 JavaThread "Service Thread" daemon [_thread_blocked, id=11244, stack(0x00000000165d0000,0x00000000166d0000)]
  0x00000000148dc000 JavaThread "C1 CompilerThread2" daemon [_thread_blocked, id=10688, stack(0x00000000160d0000,0x00000000161d0000)]
  0x00000000148d9000 JavaThread "C2 CompilerThread1" daemon [_thread_in_native, id=11760, stack(0x0000000015fd0000,0x00000000160d0000)]
=>0x000000001487c800 JavaThread "C2 CompilerThread0" daemon [_thread_in_native, id=11444, stack(0x0000000015ed0000,0x0000000015fd0000)]
  0x000000001487a800 JavaThread "Attach Listener" daemon [_thread_blocked, id=6324, stack(0x0000000015dd0000,0x0000000015ed0000)]
  0x0000000014879800 JavaThread "Signal Dispatcher" daemon [_thread_blocked, id=8568, stack(0x0000000015cd0000,0x0000000015dd0000)]
  0x00000000021a0800 JavaThread "Finalizer" daemon [_thread_blocked, id=5128, stack(0x0000000015ae0000,0x0000000015be0000)]
  0x000000000219d000 JavaThread "Reference Handler" daemon [_thread_blocked, id=11720, stack(0x00000000159e0000,0x0000000015ae0000)]
  0x00000000020b0800 JavaThread "main" [_thread_in_Java, id=5088, stack(0x0000000001fb0000,0x00000000020b0000)]

Other Threads:
  0x0000000014848000 VMThread [stack: 0x00000000158e0000,0x00000000159e0000] [id=8232]
  0x00000000161d5800 WatcherThread [stack: 0x00000000166d0000,0x00000000167d0000] [id=10188]

VM state:not at safepoint (normal execution)

VM Mutex/Monitor currently owned by a thread: None

Heap:
 PSYoungGen      total 71680K, used 49264K [0x00000000eab00000, 0x00000000ef600000, 0x0000000100000000)
  eden space 66560K, 66% used [0x00000000eab00000,0x00000000ed61e460,0x00000000eec00000)
  from space 5120K, 99% used [0x00000000ef100000,0x00000000ef5fdf70,0x00000000ef600000)
  to   space 5120K, 0% used [0x00000000eec00000,0x00000000eec00000,0x00000000ef100000)
 ParOldGen       total 87552K, used 6397K [0x00000000c0000000, 0x00000000c5580000, 0x00000000eab00000)
  object space 87552K, 7% used [0x00000000c0000000,0x00000000c063f758,0x00000000c5580000)
 Metaspace       used 6314K, capacity 7128K, committed 7424K, reserved 1056768K
  class space    used 622K, capacity 656K, committed 768K, reserved 1048576K

Card table byte_map: [0x0000000011570000,0x0000000011780000] byte_map_base: 0x0000000010f70000

Marking Bits: (ParMarkBitMap*) 0x00000000726aa5b0
 Begin Bits: [0x0000000011ce0000, 0x0000000012ce0000)
 End Bits:   [0x0000000012ce0000, 0x0000000013ce0000)

Polling page: 0x00000000001f0000

CodeCache: size=245760Kb used=6818Kb max_used=6818Kb free=238941Kb
 bounds [0x00000000021b0000, 0x0000000002860000, 0x00000000111b0000]
 total_blobs=1890 nmethods=1620 adapters=182
 compilation: enabled

Compilation events (10 events):
Event: 3.069 Thread 0x00000000148dc000 1661   !   2       java.lang.Class::getEnumConstantsShared (73 bytes)
Event: 3.069 Thread 0x00000000148dc000 nmethod 1661 0x000000000285b7d0 code [0x000000000285b980, 0x000000000285be28]
Event: 3.077 Thread 0x00000000148dc000 1662       2       com.android.dx.ssa.Optimizer::optimize (67 bytes)
Event: 3.077 Thread 0x00000000148dc000 nmethod 1662 0x000000000285c0d0 code [0x000000000285c280, 0x000000000285c678]
Event: 3.087 Thread 0x00000000148dc000 1663       2       com.android.dx.rop.code.LocalVariableExtractor::<init> (59 bytes)
Event: 3.087 Thread 0x00000000148dc000 nmethod 1663 0x000000000285c990 code [0x000000000285cb20, 0x000000000285cee8]
Event: 3.087 Thread 0x00000000148dc000 1664       2       com.android.dx.dex.code.OutputFinisher::<init> (48 bytes)
Event: 3.087 Thread 0x00000000148dc000 nmethod 1664 0x000000000285d0d0 code [0x000000000285d240, 0x000000000285d468]
Event: 3.087 Thread 0x00000000148dc000 1665       2       com.android.dx.dex.code.OutputCollector::appendSuffixToOutput (45 bytes)
Event: 3.088 Thread 0x00000000148dc000 nmethod 1665 0x000000000285d550 code [0x000000000285d700, 0x000000000285dbb8]

GC Heap History (4 events):
Event: 2.293 GC heap before
{Heap before GC invocations=1 (full 0):
 PSYoungGen      total 38400K, used 33280K [0x00000000eab00000, 0x00000000ed580000, 0x0000000100000000)
  eden space 33280K, 100% used [0x00000000eab00000,0x00000000ecb80000,0x00000000ecb80000)
  from space 5120K, 0% used [0x00000000ed080000,0x00000000ed080000,0x00000000ed580000)
  to   space 5120K, 0% used [0x00000000ecb80000,0x00000000ecb80000,0x00000000ed080000)
 ParOldGen       total 87552K, used 0K [0x00000000c0000000, 0x00000000c5580000, 0x00000000eab00000)
  object space 87552K, 0% used [0x00000000c0000000,0x00000000c0000000,0x00000000c5580000)
 Metaspace       used 6041K, capacity 6960K, committed 7040K, reserved 1056768K
  class space    used 598K, capacity 616K, committed 640K, reserved 1048576K
Event: 2.339 GC heap after
Heap after GC invocations=1 (full 0):
 PSYoungGen      total 38400K, used 5112K [0x00000000eab00000, 0x00000000ef600000, 0x0000000100000000)
  eden space 33280K, 0% used [0x00000000eab00000,0x00000000eab00000,0x00000000ecb80000)
  from space 5120K, 99% used [0x00000000ecb80000,0x00000000ed07e0e8,0x00000000ed080000)
  to   space 5120K, 0% used [0x00000000ef100000,0x00000000ef100000,0x00000000ef600000)
 ParOldGen       total 87552K, used 1228K [0x00000000c0000000, 0x00000000c5580000, 0x00000000eab00000)
  object space 87552K, 1% used [0x00000000c0000000,0x00000000c0133158,0x00000000c5580000)
 Metaspace       used 6041K, capacity 6960K, committed 7040K, reserved 1056768K
  class space    used 598K, capacity 616K, committed 640K, reserved 1048576K
}
Event: 2.607 GC heap before
{Heap before GC invocations=2 (full 0):
 PSYoungGen      total 38400K, used 38392K [0x00000000eab00000, 0x00000000ef600000, 0x0000000100000000)
  eden space 33280K, 100% used [0x00000000eab00000,0x00000000ecb80000,0x00000000ecb80000)
  from space 5120K, 99% used [0x00000000ecb80000,0x00000000ed07e0e8,0x00000000ed080000)
  to   space 5120K, 0% used [0x00000000ef100000,0x00000000ef100000,0x00000000ef600000)
 ParOldGen       total 87552K, used 1228K [0x00000000c0000000, 0x00000000c5580000, 0x00000000eab00000)
  object space 87552K, 1% used [0x00000000c0000000,0x00000000c0133158,0x00000000c5580000)
 Metaspace       used 6148K, capacity 7024K, committed 7296K, reserved 1056768K
  class space    used 602K, capacity 616K, committed 640K, reserved 1048576K
Event: 2.618 GC heap after
Heap after GC invocations=2 (full 0):
 PSYoungGen      total 71680K, used 5111K [0x00000000eab00000, 0x00000000ef600000, 0x0000000100000000)
  eden space 66560K, 0% used [0x00000000eab00000,0x00000000eab00000,0x00000000eec00000)
  from space 5120K, 99% used [0x00000000ef100000,0x00000000ef5fdf70,0x00000000ef600000)
  to   space 5120K, 0% used [0x00000000eec00000,0x00000000eec00000,0x00000000ef100000)
 ParOldGen       total 87552K, used 6397K [0x00000000c0000000, 0x00000000c5580000, 0x00000000eab00000)
  object space 87552K, 7% used [0x00000000c0000000,0x00000000c063f758,0x00000000c5580000)
 Metaspace       used 6148K, capacity 7024K, committed 7296K, reserved 1056768K
  class space    used 602K, capacity 616K, committed 640K, reserved 1048576K
}

Deoptimization events (10 events):
Event: 2.628 Thread 0x00000000164a2800 Uncommon trap: reason=unstable_if action=reinterpret pc=0x00000000027adc28 method=com.android.dx.ssa.SCCP.simulateBranch(Lcom/android/dx/ssa/SsaInsn;)V @ 64
Event: 2.636 Thread 0x00000000164a2800 Uncommon trap: reason=unstable_if action=reinterpret pc=0x00000000027a58f8 method=com.android.dx.cf.code.Ropper.labelToResultIndex(I)I @ 34
Event: 2.637 Thread 0x0000000016476800 Uncommon trap: reason=unstable_if action=reinterpret pc=0x00000000025304f4 method=java.util.HashMap.putVal(ILjava/lang/Object;Ljava/lang/Object;ZZ)Ljava/lang/Object; @ 162
Event: 2.640 Thread 0x0000000016476800 Uncommon trap: reason=unstable_if action=reinterpret pc=0x000000000275e250 method=java.util.HashMap.getNode(ILjava/lang/Object;)Ljava/util/HashMap$Node; @ 84
Event: 2.640 Thread 0x0000000016476800 Uncommon trap: reason=unstable_if action=reinterpret pc=0x000000000275bde4 method=java.util.HashMap.getNode(ILjava/lang/Object;)Ljava/util/HashMap$Node; @ 84
Event: 2.992 Thread 0x00000000164a2800 Uncommon trap: reason=unstable_if action=reinterpret pc=0x0000000002810f6c method=com.android.dx.cf.code.ByteCatchList.listFor(I)Lcom/android/dx/cf/code/ByteCatchList; @ 19
Event: 3.004 Thread 0x00000000164a2800 Uncommon trap: reason=unstable_if action=reinterpret pc=0x000000000255127c method=com.android.dx.util.IntList.binarysearch(I)I @ 105
Event: 3.008 Thread 0x00000000164a2800 Uncommon trap: reason=bimorphic action=maybe_recompile pc=0x00000000027c5988 method=com.android.dx.ssa.LiteralOpUpgrader.tryReplacingWithConstant(Lcom/android/dx/ssa/NormalSsaInsn;)Z @ 52
Event: 3.010 Thread 0x00000000164a2800 Uncommon trap: reason=unstable_if action=reinterpret pc=0x00000000027e50b0 method=com.android.dx.ssa.SsaMethod.blockIndexToRopLabel(I)I @ 1
Event: 3.012 Thread 0x00000000164a2800 Uncommon trap: reason=bimorphic action=maybe_recompile pc=0x00000000027c5988 method=com.android.dx.ssa.LiteralOpUpgrader.tryReplacingWithConstant(Lcom/android/dx/ssa/NormalSsaInsn;)Z @ 52

Internal exceptions (6 events):
Event: 0.213 Thread 0x00000000020b0800 Exception <a 'java/lang/NoSuchMethodError': Method sun.misc.Unsafe.defineClass(Ljava/lang/String;[BII)Ljava/lang/Class; name or signature does not match> (0x00000000eab0d700) thrown at [C:\re\workspace\8-2-build-windows-amd64-cygwin\jdk8u60\4407\hotspot\sr}è+6À?
Event: 0.213 Thread 0x00000000020b0800 Exception <a 'java/lang/NoSuchMethodError': Method sun.misc.Unsafe.prefetchRead(Ljava/lang/Object;J)V name or signature does not match> (0x00000000eab0d9e8) thrown at [C:\re\workspace\8-2-build-windows-amd64-cygwin\jdk8u60\4407\hotspot\src\share\vm\prims\jï}iÈ{@
Event: 2.436 Thread 0x0000000016473000 Implicit null exception at 0x00000000024d7f23 to 0x00000000024d9f31
Event: 2.639 Thread 0x0000000016476800 Exception <a 'java/lang/ArrayIndexOutOfBoundsException': 18> (0x00000000eb23cce8) thrown at [C:\re\workspace\8-2-build-windows-amd64-cygwin\jdk8u60\4407\hotspot\src\share\vm\interpreter\interpreterRuntime.cpp, line 366]
Event: 2.639 Thread 0x0000000016476800 Exception <a 'java/lang/ArrayIndexOutOfBoundsException': 145> (0x00000000eb23e868) thrown at [C:\re\workspace\8-2-build-windows-amd64-cygwin\jdk8u60\4407\hotspot\src\share\vm\interpreter\interpreterRuntime.cpp, line 366]
Event: 2.640 Thread 0x0000000016476800 Exception <a 'java/lang/ArrayIndexOutOfBoundsException': 40> (0x00000000eb23fb50) thrown at [C:\re\workspace\8-2-build-windows-amd64-cygwin\jdk8u60\4407\hotspot\src\share\vm\interpreter\interpreterRuntime.cpp, line 366]

Events (10 events):
Event: 3.010 Thread 0x00000000164a2800 Uncommon trap: trap_request=0xffffff65 fr.pc=0x00000000027e50b0
Event: 3.010 Thread 0x00000000164a2800 DEOPT PACKING pc=0x00000000027e50b0 sp=0x00000000168ce720
Event: 3.010 Thread 0x00000000164a2800 DEOPT UNPACKING pc=0x00000000021f582a sp=0x00000000168ce648 mode 2
Event: 3.012 Thread 0x00000000164a2800 Uncommon trap: trap_request=0xffffffc6 fr.pc=0x00000000027c5988
Event: 3.012 Thread 0x00000000164a2800 DEOPT PACKING pc=0x00000000027c5988 sp=0x00000000168ce600
Event: 3.012 Thread 0x00000000164a2800 DEOPT UNPACKING pc=0x00000000021f582a sp=0x00000000168ce5a0 mode 2
Event: 3.040 Thread 0x00000000164a2800 DEOPT PACKING pc=0x00000000027e8ad2 sp=0x00000000168ce520
Event: 3.040 Thread 0x00000000164a2800 DEOPT UNPACKING pc=0x00000000021f787f sp=0x00000000168ce288 mode 0
Event: 3.095 Thread 0x00000000020b0800 DEOPT PACKING pc=0x00000000027e8ad2 sp=0x00000000020ae500
Event: 3.095 Thread 0x00000000020b0800 DEOPT UNPACKING pc=0x00000000021f787f sp=0x00000000020ae268 mode 0


Dynamic libraries:
0x00007ff622e40000 - 0x00007ff622e77000 	C:\Program Files\Java\jdk1.8.0_60\bin\java.exe
0x00007fffbb0e0000 - 0x00007fffbb2a1000 	C:\WINDOWS\SYSTEM32\ntdll.dll
0x00007fffb8820000 - 0x00007fffb88cd000 	C:\WINDOWS\system32\KERNEL32.DLL
0x00007fffb81e0000 - 0x00007fffb83c8000 	C:\WINDOWS\system32\KERNELBASE.dll
0x00007fffb9ad0000 - 0x00007fffb9b77000 	C:\WINDOWS\system32\ADVAPI32.dll
0x00007fffb8d80000 - 0x00007fffb8e1d000 	C:\WINDOWS\system32\msvcrt.dll
0x00007fffb8e30000 - 0x00007fffb8e8b000 	C:\WINDOWS\system32\sechost.dll
0x00007fffb8ed0000 - 0x00007fffb8fec000 	C:\WINDOWS\system32\RPCRT4.dll
0x00007fffb84e0000 - 0x00007fffb8636000 	C:\WINDOWS\system32\USER32.dll
0x00007fffb8a80000 - 0x00007fffb8c06000 	C:\WINDOWS\system32\GDI32.dll
0x00007fffb34a0000 - 0x00007fffb3714000 	C:\WINDOWS\WinSxS\amd64_microsoft.windows.common-controls_6595b64144ccf1df_6.0.10586.0_none_8c15ae12515e1c22\COMCTL32.dll
0x00007fffb9830000 - 0x00007fffb9aad000 	C:\WINDOWS\system32\combase.dll
0x00007fffb8120000 - 0x00007fffb818a000 	C:\WINDOWS\system32\bcryptPrimitives.dll
0x00007fffb8e90000 - 0x00007fffb8ecb000 	C:\WINDOWS\system32\IMM32.DLL
0x000000006fa70000 - 0x000000006fb42000 	C:\Program Files\Java\jdk1.8.0_60\jre\bin\msvcr100.dll
0x0000000071ea0000 - 0x0000000072729000 	C:\Program Files\Java\jdk1.8.0_60\jre\bin\server\jvm.dll
0x00007fffb8e20000 - 0x00007fffb8e28000 	C:\WINDOWS\system32\PSAPI.DLL
0x00007fffb3c00000 - 0x00007fffb3c09000 	C:\WINDOWS\SYSTEM32\WSOCK32.dll
0x00007fffb9140000 - 0x00007fffb91ab000 	C:\WINDOWS\system32\WS2_32.dll
0x00007fffb5cf0000 - 0x00007fffb5d13000 	C:\WINDOWS\SYSTEM32\WINMM.dll
0x00007fffb37e0000 - 0x00007fffb37ea000 	C:\WINDOWS\SYSTEM32\VERSION.dll
0x00007fffb5cc0000 - 0x00007fffb5cec000 	C:\WINDOWS\SYSTEM32\WINMMBASE.dll
0x00007fffb8190000 - 0x00007fffb81d3000 	C:\WINDOWS\system32\cfgmgr32.dll
0x0000000071db0000 - 0x0000000071dbf000 	C:\Program Files\Java\jdk1.8.0_60\jre\bin\verify.dll
0x0000000071d80000 - 0x0000000071da9000 	C:\Program Files\Java\jdk1.8.0_60\jre\bin\java.dll
0x0000000071d60000 - 0x0000000071d76000 	C:\Program Files\Java\jdk1.8.0_60\jre\bin\zip.dll
0x00007fffb9b80000 - 0x00007fffbb0dc000 	C:\WINDOWS\system32\SHELL32.dll
0x00007fffb77b0000 - 0x00007fffb7df4000 	C:\WINDOWS\system32\windows.storage.dll
0x00007fffb8c10000 - 0x00007fffb8c62000 	C:\WINDOWS\system32\shlwapi.dll
0x00007fffb7730000 - 0x00007fffb773f000 	C:\WINDOWS\system32\kernel.appcore.dll
0x00007fffb7e90000 - 0x00007fffb7f45000 	C:\WINDOWS\system32\shcore.dll
0x00007fffb7740000 - 0x00007fffb778b000 	C:\WINDOWS\system32\powrprof.dll
0x00007fffb7710000 - 0x00007fffb7724000 	C:\WINDOWS\system32\profapi.dll

VM Arguments:
jvm_args: -Djava.awt.headless=true -Xmx1024M -Dfile.encoding=windows-1252 -Duser.country=SE -Duser.language=sv -Duser.variant 
java_command: com.android.dx.command.Main --dex --force-jumbo --num-threads=4 --multi-dex --output C:\Kexjobb\Kexjobb\Nuklearmedicin\app\build\intermediates\transforms\dex\debug\folders\1000\10\com.android.support-recyclerview-v7-23.3.0_f6964579948cf20a42cf0e80744d26e9cf772596 C:\Kexjobb\Kexjobb\Nuklearmedicin\app\build\intermediates\exploded-aar\com.android.support\recyclerview-v7\23.3.0\jars\classes.jar
java_class_path (initial): C:\Users\Mikael\AppData\Local\Android\sdk\build-tools\23.0.3\lib\dx.jar
Launcher Type: SUN_STANDARD

Environment Variables:
PATH=C:\ProgramData\Oracle\Java\javapath;C:\WINDOWS\system32;C:\WINDOWS;C:\WINDOWS\System32\Wbem;C:\WINDOWS\System32\WindowsPowerShell\v1.0\;C:\Program Files\OpenVPN\bin;C:\WINDOWS\system32;C:\WINDOWS;C:\WINDOWS\System32\Wbem;C:\WINDOWS\System32\WindowsPowerShell\v1.0\;C:\Program Files (x86)\NVIDIA Corporation\PhysX\Common;C:\Program Files (x86)\Skype\Phone\;C:\WINDOWS\system32\config\systemprofile\.dnx\bin;C:\Program Files\Microsoft DNX\Dnvm\;C:\Program Files (x86)\Windows Kits\10\Windows Performance Toolkit\;;C:\Program Files\Docker Toolbox
USERNAME=Mikael
OS=Windows_NT
PROCESSOR_IDENTIFIER=Intel64 Family 6 Model 58 Stepping 9, GenuineIntel



---------------  S Y S T E M  ---------------

OS: Windows 10.0 , 64 bit Build 10586 (10.0.10586.0)

CPU:total 4 (4 cores per cpu, 1 threads per core) family 6 model 58 stepping 9, cmov, cx8, fxsr, mmx, sse, sse2, sse3, ssse3, sse4.1, sse4.2, popcnt, avx, aes, clmul, erms, tsc, tscinvbit, tscinv

Memory: 4k page, physical 8338132k(902388k free), swap 12815340k(4100k free)

vm_info: Java HotSpot(TM) 64-Bit Server VM (25.60-b23) for windows-amd64 JRE (1.8.0_60-b27), built on Aug  4 2015 11:06:27 by "java_re" with MS VC++ 10.0 (VS2010)

time: Wed May 18 13:24:49 2016
elapsed time: 3 seconds (0d 0h 0m 3s)

