#
# There is insufficient memory for the Java Runtime Environment to continue.
# Native memory allocation (malloc) failed to allocate 689376 bytes for Chunk::new
# Possible reasons:
#   The system is out of physical RAM or swap space
#   In 32 bit mode, the process size limit was hit
# Possible solutions:
#   Reduce memory load on the system
#   Increase physical memory or swap space
#   Check if swap backing store is full
#   Use 64 bit Java on a 64 bit OS
#   Decrease Java heap size (-Xmx/-Xms)
#   Decrease number of Java threads
#   Decrease Java thread stack sizes (-Xss)
#   Set larger code cache with -XX:ReservedCodeCacheSize=
# This output file may be truncated or incomplete.
#
#  Out of Memory Error (allocation.cpp:390), pid=4204, tid=10636
#
# JRE version: Java(TM) SE Runtime Environment (8.0_60-b27) (build 1.8.0_60-b27)
# Java VM: Java HotSpot(TM) 64-Bit Server VM (25.60-b23 mixed mode windows-amd64 compressed oops)
# Failed to write core dump. Minidumps are not enabled by default on client versions of Windows
#

---------------  T H R E A D  ---------------

Current thread (0x0000000014aad800):  JavaThread "C2 CompilerThread0" daemon [_thread_in_native, id=10636, stack(0x0000000016000000,0x0000000016100000)]

Stack: [0x0000000016000000,0x0000000016100000]
[error occurred during error reporting (printing stack bounds), id 0xc0000005]

Native frames: (J=compiled Java code, j=interpreted, Vv=VM code, C=native code)


Current CompileTask:
C2:   3588 1183       4       com.android.dx.ssa.SCCP::simulateStmt (481 bytes)


---------------  P R O C E S S  ---------------

Java Threads: ( => current thread )
  0x0000000016553800 JavaThread "pool-2-thread-4" [_thread_blocked, id=8516, stack(0x0000000016d00000,0x0000000016e00000)]
  0x0000000016553000 JavaThread "pool-2-thread-3" [_thread_blocked, id=10112, stack(0x0000000016c00000,0x0000000016d00000)]
  0x0000000016552800 JavaThread "pool-2-thread-2" [_thread_blocked, id=9700, stack(0x0000000016b00000,0x0000000016c00000)]
  0x0000000016551800 JavaThread "pool-3-thread-1" [_thread_blocked, id=10652, stack(0x0000000016a00000,0x0000000016b00000)]
  0x000000001654f000 JavaThread "pool-2-thread-1" [_thread_in_Java, id=7768, stack(0x0000000016900000,0x0000000016a00000)]
  0x0000000016306000 JavaThread "Service Thread" daemon [_thread_blocked, id=3144, stack(0x0000000016700000,0x0000000016800000)]
  0x0000000014b0c800 JavaThread "C1 CompilerThread2" daemon [_thread_in_native, id=3760, stack(0x0000000016200000,0x0000000016300000)]
  0x0000000014ab0800 JavaThread "C2 CompilerThread1" daemon [_thread_in_native, id=5888, stack(0x0000000016100000,0x0000000016200000)]
=>0x0000000014aad800 JavaThread "C2 CompilerThread0" daemon [_thread_in_native, id=10636, stack(0x0000000016000000,0x0000000016100000)]
  0x0000000014aab800 JavaThread "Attach Listener" daemon [_thread_blocked, id=6904, stack(0x0000000015f00000,0x0000000016000000)]
  0x0000000014aaa000 JavaThread "Signal Dispatcher" daemon [_thread_blocked, id=3936, stack(0x0000000015e00000,0x0000000015f00000)]
  0x00000000023d0000 JavaThread "Finalizer" daemon [_thread_blocked, id=10988, stack(0x0000000015d00000,0x0000000015e00000)]
  0x00000000023cd000 JavaThread "Reference Handler" daemon [_thread_blocked, id=7952, stack(0x0000000015c00000,0x0000000015d00000)]
  0x00000000022e0800 JavaThread "main" [_thread_in_Java, id=4404, stack(0x00000000020e0000,0x00000000021e0000)]

Other Threads:
  0x0000000014a78000 VMThread [stack: 0x0000000015b00000,0x0000000015c00000] [id=1772]
  0x000000001631d000 WatcherThread [stack: 0x0000000016800000,0x0000000016900000] [id=6256]

VM state:not at safepoint (normal execution)

VM Mutex/Monitor currently owned by a thread: None

Heap:
 PSYoungGen      total 38400K, used 12227K [0x00000000eab00000, 0x00000000ed580000, 0x0000000100000000)
  eden space 33280K, 21% used [0x00000000eab00000,0x00000000eb1f3170,0x00000000ecb80000)
  from space 5120K, 99% used [0x00000000ecb80000,0x00000000ed07de80,0x00000000ed080000)
  to   space 5120K, 0% used [0x00000000ed080000,0x00000000ed080000,0x00000000ed580000)
 ParOldGen       total 87552K, used 895K [0x00000000c0000000, 0x00000000c5580000, 0x00000000eab00000)
  object space 87552K, 1% used [0x00000000c0000000,0x00000000c00dfdf8,0x00000000c5580000)
 Metaspace       used 6027K, capacity 6896K, committed 7040K, reserved 1056768K
  class space    used 602K, capacity 616K, committed 640K, reserved 1048576K

Card table byte_map: [0x00000000117a0000,0x00000000119b0000] byte_map_base: 0x00000000111a0000

Marking Bits: (ParMarkBitMap*) 0x00000000726aa5b0
 Begin Bits: [0x0000000011f10000, 0x0000000012f10000)
 End Bits:   [0x0000000012f10000, 0x0000000013f10000)

Polling page: 0x00000000001f0000

CodeCache: size=245760Kb used=4989Kb max_used=5000Kb free=240770Kb
 bounds [0x00000000023e0000, 0x00000000028d0000, 0x00000000113e0000]
 total_blobs=1530 nmethods=1261 adapters=182
 compilation: enabled

Compilation events (10 events):
Event: 3.586 Thread 0x0000000014b0c800 nmethod 1252 0x00000000028bb910 code [0x00000000028bbb60, 0x00000000028bc8c8]
Event: 3.586 Thread 0x0000000014b0c800 1253       3       com.android.dx.cf.direct.DirectClassFile::getAccessFlags (9 bytes)
Event: 3.586 Thread 0x0000000014b0c800 nmethod 1253 0x00000000028bb490 code [0x00000000028bb600, 0x00000000028bb848]
Event: 3.586 Thread 0x0000000014b0c800 1254       3       com.android.dx.cf.direct.DirectClassFile::getAttributes (9 bytes)
Event: 3.586 Thread 0x0000000014b0c800 nmethod 1254 0x00000000028b8950 code [0x00000000028b8ac0, 0x00000000028b8d08]
Event: 3.586 Thread 0x0000000014b0c800 1255       3       com.android.dx.ssa.back.FirstFitLocalCombiningAllocator::tryMapReg (41 bytes)
Event: 3.587 Thread 0x0000000014b0c800 nmethod 1255 0x00000000028bdfd0 code [0x00000000028be200, 0x00000000028befc8]
Event: 3.587 Thread 0x0000000014b0c800 1256       3       java.util.concurrent.locks.AbstractQueuedSynchronizer::setState (6 bytes)
Event: 3.587 Thread 0x0000000014b0c800 nmethod 1256 0x00000000028b8650 code [0x00000000028b87a0, 0x00000000028b88f0]
Event: 3.587 Thread 0x0000000014b0c800 1261       3       com.android.dx.cf.code.LocalVariableList$Item::<init> (115 bytes)

GC Heap History (2 events):
Event: 3.442 GC heap before
{Heap before GC invocations=1 (full 0):
 PSYoungGen      total 38400K, used 33280K [0x00000000eab00000, 0x00000000ed580000, 0x0000000100000000)
  eden space 33280K, 100% used [0x00000000eab00000,0x00000000ecb80000,0x00000000ecb80000)
  from space 5120K, 0% used [0x00000000ed080000,0x00000000ed080000,0x00000000ed580000)
  to   space 5120K, 0% used [0x00000000ecb80000,0x00000000ecb80000,0x00000000ed080000)
 ParOldGen       total 87552K, used 0K [0x00000000c0000000, 0x00000000c5580000, 0x00000000eab00000)
  object space 87552K, 0% used [0x00000000c0000000,0x00000000c0000000,0x00000000c5580000)
 Metaspace       used 6002K, capacity 6896K, committed 7040K, reserved 1056768K
  class space    used 602K, capacity 616K, committed 640K, reserved 1048576K
Event: 3.559 GC heap after
Heap after GC invocations=1 (full 0):
 PSYoungGen      total 38400K, used 5111K [0x00000000eab00000, 0x00000000ed580000, 0x0000000100000000)
  eden space 33280K, 0% used [0x00000000eab00000,0x00000000eab00000,0x00000000ecb80000)
  from space 5120K, 99% used [0x00000000ecb80000,0x00000000ed07de80,0x00000000ed080000)
  to   space 5120K, 0% used [0x00000000ed080000,0x00000000ed080000,0x00000000ed580000)
 ParOldGen       total 87552K, used 895K [0x00000000c0000000, 0x00000000c5580000, 0x00000000eab00000)
  object space 87552K, 1% used [0x00000000c0000000,0x00000000c00dfdf8,0x00000000c5580000)
 Metaspace       used 6002K, capacity 6896K, committed 7040K, reserved 1056768K
  class space    used 602K, capacity 616K, committed 640K, reserved 1048576K
}

Deoptimization events (4 events):
Event: 0.456 Thread 0x00000000022e0800 Uncommon trap: reason=unstable_if action=reinterpret pc=0x000000000252e994 method=java.lang.String.compareTo(Ljava/lang/String;)I @ 38
Event: 2.904 Thread 0x0000000016553000 Uncommon trap: reason=unstable_if action=reinterpret pc=0x00000000027a8b58 method=com.android.dx.rop.code.RegisterSpecSet.put(Lcom/android/dx/rop/code/RegisterSpec;)V @ 77
Event: 3.066 Thread 0x000000001654f000 Uncommon trap: reason=unstable_if action=reinterpret pc=0x00000000027d2ad0 method=com.android.dx.ssa.SsaRenamer$BlockRenamer.addMapping(ILcom/android/dx/rop/code/RegisterSpec;)V @ 120
Event: 3.082 Thread 0x000000001654f000 Uncommon trap: reason=unstable_if action=reinterpret pc=0x00000000027282e0 method=com.android.dx.rop.code.RegisterSpec.equals(ILcom/android/dx/rop/type/TypeBearer;Lcom/android/dx/rop/code/LocalItem;)Z @ 42

Internal exceptions (2 events):
Event: 0.053 Thread 0x00000000022e0800 Exception <a 'java/lang/NoSuchMethodError': Method sun.misc.Unsafe.defineClass(Ljava/lang/String;[BII)Ljava/lang/Class; name or signature does not match> (0x00000000eab0d570) thrown at [C:\re\workspace\8-2-build-windows-amd64-cygwin\jdk8u60\4407\hotspot\sro”îb}*«?
Event: 0.053 Thread 0x00000000022e0800 Exception <a 'java/lang/NoSuchMethodError': Method sun.misc.Unsafe.prefetchRead(Ljava/lang/Object;J)V name or signature does not match> (0x00000000eab0d858) thrown at [C:\re\workspace\8-2-build-windows-amd64-cygwin\jdk8u60\4407\hotspot\src\share\vm\prims\j

Events (10 events):
Event: 3.066 Thread 0x000000001654f000 Uncommon trap: trap_request=0xffffff65 fr.pc=0x00000000027d2ad0
Event: 3.066 Thread 0x000000001654f000 DEOPT PACKING pc=0x00000000027d2ad0 sp=0x00000000169fe840
Event: 3.066 Thread 0x000000001654f000 DEOPT UNPACKING pc=0x000000000242582a sp=0x00000000169fe7d0 mode 2
Event: 3.076 loading class java/util/DualPivotQuicksort
Event: 3.077 loading class java/util/DualPivotQuicksort done
Event: 3.082 Thread 0x000000001654f000 Uncommon trap: trap_request=0xffffff65 fr.pc=0x00000000027282e0
Event: 3.082 Thread 0x000000001654f000 DEOPT PACKING pc=0x00000000027282e0 sp=0x00000000169fe9f0
Event: 3.082 Thread 0x000000001654f000 DEOPT UNPACKING pc=0x000000000242582a sp=0x00000000169fe978 mode 2
Event: 3.157 Executing VM operation: ParallelGCFailedAllocation
Event: 3.559 Executing VM operation: ParallelGCFailedAllocation done


Dynamic libraries:
0x00007ff622e40000 - 0x00007ff622e77000 	C:\Program Files\Java\jdk1.8.0_60\bin\java.exe
0x00007fffbb0e0000 - 0x00007fffbb2a1000 	C:\WINDOWS\SYSTEM32\ntdll.dll
0x00007fffb8820000 - 0x00007fffb88cd000 	C:\WINDOWS\system32\KERNEL32.DLL
0x00007fffb81e0000 - 0x00007fffb83c8000 	C:\WINDOWS\system32\KERNELBASE.dll
0x00007fffb9ad0000 - 0x00007fffb9b77000 	C:\WINDOWS\system32\ADVAPI32.dll
0x00007fffb8d80000 - 0x00007fffb8e1d000 	C:\WINDOWS\system32\msvcrt.dll
0x00007fffb8e30000 - 0x00007fffb8e8b000 	C:\WINDOWS\system32\sechost.dll
0x00007fffb8ed0000 - 0x00007fffb8fec000 	C:\WINDOWS\system32\RPCRT4.dll
0x00007fffb84e0000 - 0x00007fffb8636000 	C:\WINDOWS\system32\USER32.dll
0x00007fffb8a80000 - 0x00007fffb8c06000 	C:\WINDOWS\system32\GDI32.dll
0x00007fffb34a0000 - 0x00007fffb3714000 	C:\WINDOWS\WinSxS\amd64_microsoft.windows.common-controls_6595b64144ccf1df_6.0.10586.0_none_8c15ae12515e1c22\COMCTL32.dll
0x00007fffb9830000 - 0x00007fffb9aad000 	C:\WINDOWS\system32\combase.dll
0x00007fffb8120000 - 0x00007fffb818a000 	C:\WINDOWS\system32\bcryptPrimitives.dll
0x00007fffb8e90000 - 0x00007fffb8ecb000 	C:\WINDOWS\system32\IMM32.DLL
0x000000006fa70000 - 0x000000006fb42000 	C:\Program Files\Java\jdk1.8.0_60\jre\bin\msvcr100.dll
0x0000000071ea0000 - 0x0000000072729000 	C:\Program Files\Java\jdk1.8.0_60\jre\bin\server\jvm.dll
0x00007fffb8e20000 - 0x00007fffb8e28000 	C:\WINDOWS\system32\PSAPI.DLL
0x00007fffb3c00000 - 0x00007fffb3c09000 	C:\WINDOWS\SYSTEM32\WSOCK32.dll
0x00007fffb9140000 - 0x00007fffb91ab000 	C:\WINDOWS\system32\WS2_32.dll
0x00007fffb5cf0000 - 0x00007fffb5d13000 	C:\WINDOWS\SYSTEM32\WINMM.dll
0x00007fffb37e0000 - 0x00007fffb37ea000 	C:\WINDOWS\SYSTEM32\VERSION.dll
0x00007fffb5cc0000 - 0x00007fffb5cec000 	C:\WINDOWS\SYSTEM32\WINMMBASE.dll
0x00007fffb8190000 - 0x00007fffb81d3000 	C:\WINDOWS\system32\cfgmgr32.dll
0x0000000071db0000 - 0x0000000071dbf000 	C:\Program Files\Java\jdk1.8.0_60\jre\bin\verify.dll
0x0000000071d80000 - 0x0000000071da9000 	C:\Program Files\Java\jdk1.8.0_60\jre\bin\java.dll
0x0000000071d60000 - 0x0000000071d76000 	C:\Program Files\Java\jdk1.8.0_60\jre\bin\zip.dll
0x00007fffb9b80000 - 0x00007fffbb0dc000 	C:\WINDOWS\system32\SHELL32.dll
0x00007fffb77b0000 - 0x00007fffb7df4000 	C:\WINDOWS\system32\windows.storage.dll
0x00007fffb8c10000 - 0x00007fffb8c62000 	C:\WINDOWS\system32\shlwapi.dll
0x00007fffb7730000 - 0x00007fffb773f000 	C:\WINDOWS\system32\kernel.appcore.dll
0x00007fffb7e90000 - 0x00007fffb7f45000 	C:\WINDOWS\system32\shcore.dll
0x00007fffb7740000 - 0x00007fffb778b000 	C:\WINDOWS\system32\powrprof.dll
0x00007fffb7710000 - 0x00007fffb7724000 	C:\WINDOWS\system32\profapi.dll

VM Arguments:
jvm_args: -Djava.awt.headless=true -Xmx1024M -Dfile.encoding=windows-1252 -Duser.country=SE -Duser.language=sv -Duser.variant 
java_command: com.android.dx.command.Main --dex --force-jumbo --num-threads=4 --multi-dex --output C:\Kexjobb\Kexjobb\Nuklearmedicin\app\build\intermediates\transforms\dex\debug\folders\1000\10\com.android.support-appcompat-v7-23.3.0_f3e735bd1c99911ac6d47e0a6a6b9e5487ef57b7 C:\Kexjobb\Kexjobb\Nuklearmedicin\app\build\intermediates\exploded-aar\com.android.support\appcompat-v7\23.3.0\jars\classes.jar
java_class_path (initial): C:\Users\Mikael\AppData\Local\Android\sdk\build-tools\23.0.3\lib\dx.jar
Launcher Type: SUN_STANDARD

Environment Variables:
PATH=C:\ProgramData\Oracle\Java\javapath;C:\WINDOWS\system32;C:\WINDOWS;C:\WINDOWS\System32\Wbem;C:\WINDOWS\System32\WindowsPowerShell\v1.0\;C:\Program Files\OpenVPN\bin;C:\WINDOWS\system32;C:\WINDOWS;C:\WINDOWS\System32\Wbem;C:\WINDOWS\System32\WindowsPowerShell\v1.0\;C:\Program Files (x86)\NVIDIA Corporation\PhysX\Common;C:\Program Files (x86)\Skype\Phone\;C:\WINDOWS\system32\config\systemprofile\.dnx\bin;C:\Program Files\Microsoft DNX\Dnvm\;C:\Program Files (x86)\Windows Kits\10\Windows Performance Toolkit\;;C:\Program Files\Docker Toolbox
USERNAME=Mikael
OS=Windows_NT
PROCESSOR_IDENTIFIER=Intel64 Family 6 Model 58 Stepping 9, GenuineIntel



---------------  S Y S T E M  ---------------

OS: Windows 10.0 , 64 bit Build 10586 (10.0.10586.0)

CPU:total 4 (4 cores per cpu, 1 threads per core) family 6 model 58 stepping 9, cmov, cx8, fxsr, mmx, sse, sse2, sse3, ssse3, sse4.1, sse4.2, popcnt, avx, aes, clmul, erms, tsc, tscinvbit, tscinv

Memory: 4k page, physical 8338132k(834912k free), swap 12517776k(5148k free)

vm_info: Java HotSpot(TM) 64-Bit Server VM (25.60-b23) for windows-amd64 JRE (1.8.0_60-b27), built on Aug  4 2015 11:06:27 by "java_re" with MS VC++ 10.0 (VS2010)

time: Wed May 18 13:05:06 2016
elapsed time: 3 seconds (0d 0h 0m 3s)

