#
# There is insufficient memory for the Java Runtime Environment to continue.
# Native memory allocation (malloc) failed to allocate 1379696 bytes for Chunk::new
# Possible reasons:
#   The system is out of physical RAM or swap space
#   In 32 bit mode, the process size limit was hit
# Possible solutions:
#   Reduce memory load on the system
#   Increase physical memory or swap space
#   Check if swap backing store is full
#   Use 64 bit Java on a 64 bit OS
#   Decrease Java heap size (-Xmx/-Xms)
#   Decrease number of Java threads
#   Decrease Java thread stack sizes (-Xss)
#   Set larger code cache with -XX:ReservedCodeCacheSize=
# This output file may be truncated or incomplete.
#
#  Out of Memory Error (allocation.cpp:390), pid=5588, tid=5376
#
# JRE version: Java(TM) SE Runtime Environment (8.0_60-b27) (build 1.8.0_60-b27)
# Java VM: Java HotSpot(TM) 64-Bit Server VM (25.60-b23 mixed mode windows-amd64 compressed oops)
# Failed to write core dump. Minidumps are not enabled by default on client versions of Windows
#

---------------  T H R E A D  ---------------

Current thread (0x00000000149dd800):  JavaThread "C2 CompilerThread0" daemon [_thread_in_native, id=5376, stack(0x0000000016020000,0x0000000016120000)]

Stack: [0x0000000016020000,0x0000000016120000]
[error occurred during error reporting (printing stack bounds), id 0xc0000005]

Native frames: (J=compiled Java code, j=interpreted, Vv=VM code, C=native code)


Current CompileTask:
C2:   4384 1299   !   4       com.android.dx.cf.cst.ConstantPoolParser::parse0 (731 bytes)


---------------  P R O C E S S  ---------------

Java Threads: ( => current thread )
  0x0000000016609800 JavaThread "pool-2-thread-4" [_thread_blocked, id=6804, stack(0x0000000016d20000,0x0000000016e20000)]
  0x0000000016609000 JavaThread "pool-2-thread-3" [_thread_blocked, id=4404, stack(0x0000000016c20000,0x0000000016d20000)]
  0x0000000016608000 JavaThread "pool-2-thread-2" [_thread_blocked, id=10848, stack(0x0000000016b20000,0x0000000016c20000)]
  0x00000000165ba000 JavaThread "pool-3-thread-1" [_thread_blocked, id=736, stack(0x0000000016a20000,0x0000000016b20000)]
  0x00000000165d0800 JavaThread "pool-2-thread-1" [_thread_blocked, id=4624, stack(0x0000000016920000,0x0000000016a20000)]
  0x0000000016326000 JavaThread "Service Thread" daemon [_thread_blocked, id=504, stack(0x0000000016720000,0x0000000016820000)]
  0x0000000014a3c800 JavaThread "C1 CompilerThread2" daemon [_thread_blocked, id=456, stack(0x0000000016220000,0x0000000016320000)]
  0x0000000014a3a000 JavaThread "C2 CompilerThread1" daemon [_thread_in_native, id=3224, stack(0x0000000016120000,0x0000000016220000)]
=>0x00000000149dd800 JavaThread "C2 CompilerThread0" daemon [_thread_in_native, id=5376, stack(0x0000000016020000,0x0000000016120000)]
  0x00000000149db800 JavaThread "Attach Listener" daemon [_thread_blocked, id=6152, stack(0x0000000015f20000,0x0000000016020000)]
  0x00000000149da000 JavaThread "Signal Dispatcher" daemon [_thread_blocked, id=9252, stack(0x0000000015e20000,0x0000000015f20000)]
  0x0000000002300000 JavaThread "Finalizer" daemon [_thread_blocked, id=9784, stack(0x0000000015c30000,0x0000000015d30000)]
  0x00000000022fd000 JavaThread "Reference Handler" daemon [_thread_blocked, id=7340, stack(0x0000000015b30000,0x0000000015c30000)]
  0x0000000002210800 JavaThread "main" [_thread_in_Java, id=9640, stack(0x0000000001f40000,0x0000000002040000)]

Other Threads:
  0x00000000149a8000 VMThread [stack: 0x0000000015a30000,0x0000000015b30000] [id=7516]
  0x000000001633b000 WatcherThread [stack: 0x0000000016820000,0x0000000016920000] [id=10688]

VM state:not at safepoint (normal execution)

VM Mutex/Monitor currently owned by a thread: None

Heap:
 PSYoungGen      total 38400K, used 20696K [0x00000000eab00000, 0x00000000ed580000, 0x0000000100000000)
  eden space 33280K, 46% used [0x00000000eab00000,0x00000000eba39388,0x00000000ecb80000)
  from space 5120K, 99% used [0x00000000ecb80000,0x00000000ed07ce80,0x00000000ed080000)
  to   space 5120K, 0% used [0x00000000ed080000,0x00000000ed080000,0x00000000ed580000)
 ParOldGen       total 87552K, used 699K [0x00000000c0000000, 0x00000000c5580000, 0x00000000eab00000)
  object space 87552K, 0% used [0x00000000c0000000,0x00000000c00aefd8,0x00000000c5580000)
 Metaspace       used 6064K, capacity 6960K, committed 7040K, reserved 1056768K
  class space    used 599K, capacity 616K, committed 640K, reserved 1048576K

Card table byte_map: [0x00000000116d0000,0x00000000118e0000] byte_map_base: 0x00000000110d0000

Marking Bits: (ParMarkBitMap*) 0x00000000726aa5b0
 Begin Bits: [0x0000000011e40000, 0x0000000012e40000)
 End Bits:   [0x0000000012e40000, 0x0000000013e40000)

Polling page: 0x00000000001f0000

CodeCache: size=245760Kb used=5255Kb max_used=5255Kb free=240504Kb
 bounds [0x0000000002310000, 0x0000000002840000, 0x0000000011310000]
 total_blobs=1603 nmethods=1334 adapters=182
 compilation: enabled

Compilation events (10 events):
Event: 4.318 Thread 0x0000000014a3c800 1338       3       com.android.dx.ssa.DomFront::run (264 bytes)
Event: 4.320 Thread 0x0000000014a3c800 nmethod 1338 0x000000000282ffd0 code [0x0000000002830540, 0x0000000002833ba8]
Event: 4.320 Thread 0x0000000014a3c800 1339       3       com.android.dx.rop.code.Insn::equalsHandleNulls (23 bytes)
Event: 4.320 Thread 0x0000000014a3c800 nmethod 1339 0x0000000002835a50 code [0x0000000002835bc0, 0x0000000002835e88]
Event: 4.320 Thread 0x0000000014a3c800 1332       3       com.android.dx.cf.code.ByteCatchList$Item::getExceptionClass (18 bytes)
Event: 4.320 Thread 0x0000000014a3c800 nmethod 1332 0x0000000002835f50 code [0x00000000028360a0, 0x0000000002836250]
Event: 4.320 Thread 0x0000000014a3c800 1334       3       com.android.dx.cf.code.OneLocalsArray::getMaxLocals (6 bytes)
Event: 4.320 Thread 0x0000000014a3c800 nmethod 1334 0x00000000028362d0 code [0x0000000002836420, 0x0000000002836570]
Event: 4.320 Thread 0x0000000014a3c800 1333       3       com.android.dx.rop.cst.TypedConstant::getFrameType (2 bytes)
Event: 4.320 Thread 0x0000000014a3c800 nmethod 1333 0x0000000002836610 code [0x0000000002836760, 0x00000000028368b0]

GC Heap History (2 events):
Event: 3.870 GC heap before
{Heap before GC invocations=1 (full 0):
 PSYoungGen      total 38400K, used 33280K [0x00000000eab00000, 0x00000000ed580000, 0x0000000100000000)
  eden space 33280K, 100% used [0x00000000eab00000,0x00000000ecb80000,0x00000000ecb80000)
  from space 5120K, 0% used [0x00000000ed080000,0x00000000ed080000,0x00000000ed580000)
  to   space 5120K, 0% used [0x00000000ecb80000,0x00000000ecb80000,0x00000000ed080000)
 ParOldGen       total 87552K, used 0K [0x00000000c0000000, 0x00000000c5580000, 0x00000000eab00000)
  object space 87552K, 0% used [0x00000000c0000000,0x00000000c0000000,0x00000000c5580000)
 Metaspace       used 5871K, capacity 6832K, committed 7040K, reserved 1056768K
  class space    used 595K, capacity 616K, committed 640K, reserved 1048576K
Event: 4.174 GC heap after
Heap after GC invocations=1 (full 0):
 PSYoungGen      total 38400K, used 5107K [0x00000000eab00000, 0x00000000ed580000, 0x0000000100000000)
  eden space 33280K, 0% used [0x00000000eab00000,0x00000000eab00000,0x00000000ecb80000)
  from space 5120K, 99% used [0x00000000ecb80000,0x00000000ed07ce80,0x00000000ed080000)
  to   space 5120K, 0% used [0x00000000ed080000,0x00000000ed080000,0x00000000ed580000)
 ParOldGen       total 87552K, used 699K [0x00000000c0000000, 0x00000000c5580000, 0x00000000eab00000)
  object space 87552K, 0% used [0x00000000c0000000,0x00000000c00aefd8,0x00000000c5580000)
 Metaspace       used 5871K, capacity 6832K, committed 7040K, reserved 1056768K
  class space    used 595K, capacity 616K, committed 640K, reserved 1048576K
}

Deoptimization events (1 events):
Event: 3.109 Thread 0x0000000016609800 Uncommon trap: reason=unstable_if action=reinterpret pc=0x00000000025f4f1c method=com.android.dx.rop.cst.Constant.compareTo(Lcom/android/dx/rop/cst/Constant;)I @ 12

Internal exceptions (2 events):
Event: 0.033 Thread 0x0000000002210800 Exception <a 'java/lang/NoSuchMethodError': Method sun.misc.Unsafe.defineClass(Ljava/lang/String;[BII)Ljava/lang/Class; name or signature does not match> (0x00000000eab0d570) thrown at [C:\re\workspace\8-2-build-windows-amd64-cygwin\jdk8u60\4407\hotspot\sr_®»¡?
Event: 0.033 Thread 0x0000000002210800 Exception <a 'java/lang/NoSuchMethodError': Method sun.misc.Unsafe.prefetchRead(Ljava/lang/Object;J)V name or signature does not match> (0x00000000eab0d858) thrown at [C:\re\workspace\8-2-build-windows-amd64-cygwin\jdk8u60\4407\hotspot\src\share\vm\prims\j

Events (10 events):
Event: 4.294 loading class com/android/dx/cf/attrib/BaseParameterAnnotations
Event: 4.294 loading class com/android/dx/cf/attrib/BaseParameterAnnotations done
Event: 4.296 loading class com/android/dx/dex/file/ParameterAnnotationStruct
Event: 4.296 loading class com/android/dx/dex/file/ParameterAnnotationStruct done
Event: 4.296 loading class com/android/dx/dex/file/UniformListItem
Event: 4.296 loading class com/android/dx/dex/file/UniformListItem done
Event: 4.297 loading class com/android/dx/dex/file/AnnotationSetRefItem
Event: 4.297 loading class com/android/dx/dex/file/AnnotationSetRefItem done
Event: 4.298 loading class com/android/dx/cf/attrib/AttExceptions
Event: 4.298 loading class com/android/dx/cf/attrib/AttExceptions done


Dynamic libraries:
0x00007ff622e40000 - 0x00007ff622e77000 	C:\Program Files\Java\jdk1.8.0_60\bin\java.exe
0x00007fffbb0e0000 - 0x00007fffbb2a1000 	C:\WINDOWS\SYSTEM32\ntdll.dll
0x00007fffb8820000 - 0x00007fffb88cd000 	C:\WINDOWS\system32\KERNEL32.DLL
0x00007fffb81e0000 - 0x00007fffb83c8000 	C:\WINDOWS\system32\KERNELBASE.dll
0x00007fffb9ad0000 - 0x00007fffb9b77000 	C:\WINDOWS\system32\ADVAPI32.dll
0x00007fffb8d80000 - 0x00007fffb8e1d000 	C:\WINDOWS\system32\msvcrt.dll
0x00007fffb8e30000 - 0x00007fffb8e8b000 	C:\WINDOWS\system32\sechost.dll
0x00007fffb8ed0000 - 0x00007fffb8fec000 	C:\WINDOWS\system32\RPCRT4.dll
0x00007fffb84e0000 - 0x00007fffb8636000 	C:\WINDOWS\system32\USER32.dll
0x00007fffb8a80000 - 0x00007fffb8c06000 	C:\WINDOWS\system32\GDI32.dll
0x00007fffb34a0000 - 0x00007fffb3714000 	C:\WINDOWS\WinSxS\amd64_microsoft.windows.common-controls_6595b64144ccf1df_6.0.10586.0_none_8c15ae12515e1c22\COMCTL32.dll
0x00007fffb9830000 - 0x00007fffb9aad000 	C:\WINDOWS\system32\combase.dll
0x00007fffb8120000 - 0x00007fffb818a000 	C:\WINDOWS\system32\bcryptPrimitives.dll
0x00007fffb8e90000 - 0x00007fffb8ecb000 	C:\WINDOWS\system32\IMM32.DLL
0x000000006fa70000 - 0x000000006fb42000 	C:\Program Files\Java\jdk1.8.0_60\jre\bin\msvcr100.dll
0x0000000071ea0000 - 0x0000000072729000 	C:\Program Files\Java\jdk1.8.0_60\jre\bin\server\jvm.dll
0x00007fffb8e20000 - 0x00007fffb8e28000 	C:\WINDOWS\system32\PSAPI.DLL
0x00007fffb3c00000 - 0x00007fffb3c09000 	C:\WINDOWS\SYSTEM32\WSOCK32.dll
0x00007fffb9140000 - 0x00007fffb91ab000 	C:\WINDOWS\system32\WS2_32.dll
0x00007fffb5cf0000 - 0x00007fffb5d13000 	C:\WINDOWS\SYSTEM32\WINMM.dll
0x00007fffb37e0000 - 0x00007fffb37ea000 	C:\WINDOWS\SYSTEM32\VERSION.dll
0x00007fffb5cc0000 - 0x00007fffb5cec000 	C:\WINDOWS\SYSTEM32\WINMMBASE.dll
0x00007fffb8190000 - 0x00007fffb81d3000 	C:\WINDOWS\system32\cfgmgr32.dll
0x0000000071db0000 - 0x0000000071dbf000 	C:\Program Files\Java\jdk1.8.0_60\jre\bin\verify.dll
0x0000000071d80000 - 0x0000000071da9000 	C:\Program Files\Java\jdk1.8.0_60\jre\bin\java.dll
0x0000000071d60000 - 0x0000000071d76000 	C:\Program Files\Java\jdk1.8.0_60\jre\bin\zip.dll
0x00007fffb9b80000 - 0x00007fffbb0dc000 	C:\WINDOWS\system32\SHELL32.dll
0x00007fffb77b0000 - 0x00007fffb7df4000 	C:\WINDOWS\system32\windows.storage.dll
0x00007fffb8c10000 - 0x00007fffb8c62000 	C:\WINDOWS\system32\shlwapi.dll
0x00007fffb7730000 - 0x00007fffb773f000 	C:\WINDOWS\system32\kernel.appcore.dll
0x00007fffb7e90000 - 0x00007fffb7f45000 	C:\WINDOWS\system32\shcore.dll
0x00007fffb7740000 - 0x00007fffb778b000 	C:\WINDOWS\system32\powrprof.dll
0x00007fffb7710000 - 0x00007fffb7724000 	C:\WINDOWS\system32\profapi.dll

VM Arguments:
jvm_args: -Djava.awt.headless=true -Xmx1024M -Dfile.encoding=windows-1252 -Duser.country=SE -Duser.language=sv -Duser.variant 
java_command: com.android.dx.command.Main --dex --force-jumbo --num-threads=4 --multi-dex --output C:\Kexjobb\Kexjobb\Nuklearmedicin\app\build\intermediates\transforms\dex\debug\folders\1000\10\internal_impl-23.3.0_3d085aaffee47ab5fe19a5fd308f25392c7baafd C:\Kexjobb\Kexjobb\Nuklearmedicin\app\build\intermediates\exploded-aar\com.android.support\support-v4\23.3.0\jars\libs\internal_impl-23.3.0.jar
java_class_path (initial): C:\Users\Mikael\AppData\Local\Android\sdk\build-tools\23.0.3\lib\dx.jar
Launcher Type: SUN_STANDARD

Environment Variables:
PATH=C:\ProgramData\Oracle\Java\javapath;C:\WINDOWS\system32;C:\WINDOWS;C:\WINDOWS\System32\Wbem;C:\WINDOWS\System32\WindowsPowerShell\v1.0\;C:\Program Files\OpenVPN\bin;C:\WINDOWS\system32;C:\WINDOWS;C:\WINDOWS\System32\Wbem;C:\WINDOWS\System32\WindowsPowerShell\v1.0\;C:\Program Files (x86)\NVIDIA Corporation\PhysX\Common;C:\Program Files (x86)\Skype\Phone\;C:\WINDOWS\system32\config\systemprofile\.dnx\bin;C:\Program Files\Microsoft DNX\Dnvm\;C:\Program Files (x86)\Windows Kits\10\Windows Performance Toolkit\;;C:\Program Files\Docker Toolbox
USERNAME=Mikael
OS=Windows_NT
PROCESSOR_IDENTIFIER=Intel64 Family 6 Model 58 Stepping 9, GenuineIntel



---------------  S Y S T E M  ---------------

OS: Windows 10.0 , 64 bit Build 10586 (10.0.10586.0)

CPU:total 4 (4 cores per cpu, 1 threads per core) family 6 model 58 stepping 9, cmov, cx8, fxsr, mmx, sse, sse2, sse3, ssse3, sse4.1, sse4.2, popcnt, avx, aes, clmul, erms, tsc, tscinvbit, tscinv

Memory: 4k page, physical 8338132k(821624k free), swap 12517776k(6384k free)

vm_info: Java HotSpot(TM) 64-Bit Server VM (25.60-b23) for windows-amd64 JRE (1.8.0_60-b27), built on Aug  4 2015 11:06:27 by "java_re" with MS VC++ 10.0 (VS2010)

time: Wed May 18 13:05:11 2016
elapsed time: 4 seconds (0d 0h 0m 4s)

