#
# There is insufficient memory for the Java Runtime Environment to continue.
# Native memory allocation (malloc) failed to allocate 131088 bytes for Chunk::new
# Possible reasons:
#   The system is out of physical RAM or swap space
#   In 32 bit mode, the process size limit was hit
# Possible solutions:
#   Reduce memory load on the system
#   Increase physical memory or swap space
#   Check if swap backing store is full
#   Use 64 bit Java on a 64 bit OS
#   Decrease Java heap size (-Xmx/-Xms)
#   Decrease number of Java threads
#   Decrease Java thread stack sizes (-Xss)
#   Set larger code cache with -XX:ReservedCodeCacheSize=
# This output file may be truncated or incomplete.
#
#  Out of Memory Error (allocation.cpp:390), pid=12012, tid=11804
#
# JRE version: Java(TM) SE Runtime Environment (8.0_60-b27) (build 1.8.0_60-b27)
# Java VM: Java HotSpot(TM) 64-Bit Server VM (25.60-b23 mixed mode windows-amd64 compressed oops)
# Failed to write core dump. Minidumps are not enabled by default on client versions of Windows
#

---------------  T H R E A D  ---------------

Current thread (0x00000000148d0800):  JavaThread "C2 CompilerThread1" daemon [_thread_in_native, id=11804, stack(0x0000000016020000,0x0000000016120000)]

Stack: [0x0000000016020000,0x0000000016120000]
[error occurred during error reporting (printing stack bounds), id 0xc0000005]

Native frames: (J=compiled Java code, j=interpreted, Vv=VM code, C=native code)


Current CompileTask:
C2:   3261 1095       4       com.android.dx.ssa.SCCP::simulateStmt (481 bytes)


---------------  P R O C E S S  ---------------

Java Threads: ( => current thread )
  0x000000001647a000 JavaThread "pool-2-thread-4" [_thread_in_Java, id=12112, stack(0x0000000016c20000,0x0000000016d20000)]
  0x0000000016475800 JavaThread "pool-2-thread-3" [_thread_in_vm, id=11448, stack(0x0000000016b20000,0x0000000016c20000)]
  0x00000000163a7800 JavaThread "pool-3-thread-1" [_thread_blocked, id=7752, stack(0x0000000016920000,0x0000000016a20000)]
  0x00000000163a0800 JavaThread "pool-2-thread-1" [_thread_blocked, id=7108, stack(0x0000000016820000,0x0000000016920000)]
  0x0000000016223000 JavaThread "Service Thread" daemon [_thread_blocked, id=10836, stack(0x0000000016620000,0x0000000016720000)]
  0x0000000014929800 JavaThread "C1 CompilerThread2" daemon [_thread_in_native, id=768, stack(0x0000000016120000,0x0000000016220000)]
=>0x00000000148d0800 JavaThread "C2 CompilerThread1" daemon [_thread_in_native, id=11804, stack(0x0000000016020000,0x0000000016120000)]
  0x00000000148cd800 JavaThread "C2 CompilerThread0" daemon [_thread_in_native, id=5288, stack(0x0000000015f20000,0x0000000016020000)]
  0x00000000148cb800 JavaThread "Attach Listener" daemon [_thread_blocked, id=12188, stack(0x0000000015e20000,0x0000000015f20000)]
  0x00000000148ca000 JavaThread "Signal Dispatcher" daemon [_thread_blocked, id=12036, stack(0x0000000015d20000,0x0000000015e20000)]
  0x00000000021f0800 JavaThread "Finalizer" daemon [_thread_blocked, id=11736, stack(0x0000000015b30000,0x0000000015c30000)]
  0x00000000021ed000 JavaThread "Reference Handler" daemon [_thread_blocked, id=4980, stack(0x0000000015a30000,0x0000000015b30000)]
  0x0000000002100800 JavaThread "main" [_thread_blocked, id=11984, stack(0x0000000001e60000,0x0000000001f60000)]

Other Threads:
  0x0000000014898000 VMThread [stack: 0x0000000015930000,0x0000000015a30000] [id=11588]
  0x000000001622a800 WatcherThread [stack: 0x0000000016720000,0x0000000016820000] [id=6264]

VM state:not at safepoint (normal execution)

VM Mutex/Monitor currently owned by a thread: None

Heap:
 PSYoungGen      total 38400K, used 7740K [0x00000000eab00000, 0x00000000ed580000, 0x0000000100000000)
  eden space 33280K, 7% used [0x00000000eab00000,0x00000000ead96dc0,0x00000000ecb80000)
  from space 5120K, 99% used [0x00000000ecb80000,0x00000000ed078360,0x00000000ed080000)
  to   space 5120K, 0% used [0x00000000ed080000,0x00000000ed080000,0x00000000ed580000)
 ParOldGen       total 87552K, used 1427K [0x00000000c0000000, 0x00000000c5580000, 0x00000000eab00000)
  object space 87552K, 1% used [0x00000000c0000000,0x00000000c0164eb0,0x00000000c5580000)
 Metaspace       used 5953K, capacity 6898K, committed 7040K, reserved 1056768K
  class space    used 603K, capacity 618K, committed 640K, reserved 1048576K

Card table byte_map: [0x00000000115c0000,0x00000000117d0000] byte_map_base: 0x0000000010fc0000

Marking Bits: (ParMarkBitMap*) 0x00000000726aa5b0
 Begin Bits: [0x0000000011d30000, 0x0000000012d30000)
 End Bits:   [0x0000000012d30000, 0x0000000013d30000)

Polling page: 0x0000000000420000

CodeCache: size=245760Kb used=4603Kb max_used=4603Kb free=241156Kb
 bounds [0x0000000002200000, 0x0000000002690000, 0x0000000011200000]
 total_blobs=1396 nmethods=1127 adapters=182
 compilation: enabled

Compilation events (10 events):
Event: 3.257 Thread 0x0000000014929800 nmethod 1133 0x000000000267f190 code [0x000000000267f300, 0x000000000267f7d0]
Event: 3.257 Thread 0x0000000014929800 1134       3       java.lang.System$2::invokeFinalize (5 bytes)
Event: 3.258 Thread 0x0000000014929800 nmethod 1134 0x000000000267f910 code [0x000000000267fa80, 0x000000000267fca8]
Event: 3.258 Thread 0x0000000014929800 1135       3       java.lang.ref.Reference::clear (6 bytes)
Event: 3.258 Thread 0x0000000014929800 nmethod 1135 0x000000000267fd50 code [0x000000000267fea0, 0x0000000002680010]
Event: 3.258 Thread 0x0000000014929800 1136   !   3       java.util.zip.ZipFile$ZipFileInflaterInputStream::close (67 bytes)
Event: 3.258 Thread 0x0000000014929800 nmethod 1136 0x0000000002680090 code [0x0000000002680260, 0x0000000002680a58]
Event: 3.258 Thread 0x0000000014929800 1137       3       java.util.zip.ZipFile$ZipFileInputStream::finalize (5 bytes)
Event: 3.258 Thread 0x0000000014929800 nmethod 1137 0x0000000002680e10 code [0x0000000002680f80, 0x0000000002681128]
Event: 3.258 Thread 0x0000000014929800 1138   !   3       java.lang.ref.ReferenceQueue::remove (125 bytes)

GC Heap History (2 events):
Event: 3.160 GC heap before
{Heap before GC invocations=1 (full 0):
 PSYoungGen      total 38400K, used 33280K [0x00000000eab00000, 0x00000000ed580000, 0x0000000100000000)
  eden space 33280K, 100% used [0x00000000eab00000,0x00000000ecb80000,0x00000000ecb80000)
  from space 5120K, 0% used [0x00000000ed080000,0x00000000ed080000,0x00000000ed580000)
  to   space 5120K, 0% used [0x00000000ecb80000,0x00000000ecb80000,0x00000000ed080000)
 ParOldGen       total 87552K, used 0K [0x00000000c0000000, 0x00000000c5580000, 0x00000000eab00000)
  object space 87552K, 0% used [0x00000000c0000000,0x00000000c0000000,0x00000000c5580000)
 Metaspace       used 5939K, capacity 6898K, committed 7040K, reserved 1056768K
  class space    used 603K, capacity 618K, committed 640K, reserved 1048576K
Event: 3.230 GC heap after
Heap after GC invocations=1 (full 0):
 PSYoungGen      total 38400K, used 5088K [0x00000000eab00000, 0x00000000ed580000, 0x0000000100000000)
  eden space 33280K, 0% used [0x00000000eab00000,0x00000000eab00000,0x00000000ecb80000)
  from space 5120K, 99% used [0x00000000ecb80000,0x00000000ed078360,0x00000000ed080000)
  to   space 5120K, 0% used [0x00000000ed080000,0x00000000ed080000,0x00000000ed580000)
 ParOldGen       total 87552K, used 1427K [0x00000000c0000000, 0x00000000c5580000, 0x00000000eab00000)
  object space 87552K, 1% used [0x00000000c0000000,0x00000000c0164eb0,0x00000000c5580000)
 Metaspace       used 5939K, capacity 6898K, committed 7040K, reserved 1056768K
  class space    used 603K, capacity 618K, committed 640K, reserved 1048576K
}

Deoptimization events (9 events):
Event: 2.570 Thread 0x0000000002100800 Uncommon trap: reason=unstable_if action=reinterpret pc=0x00000000024a2218 method=java.util.HashMap.getNode(ILjava/lang/Object;)Ljava/util/HashMap$Node; @ 129
Event: 3.117 Thread 0x0000000016475800 Uncommon trap: reason=null_check action=make_not_entrant pc=0x0000000002513da0 method=com.android.dx.rop.type.Type.equals(Ljava/lang/Object;)Z @ 8
Event: 3.128 Thread 0x0000000016475800 Uncommon trap: reason=unstable_if action=reinterpret pc=0x0000000002585764 method=com.android.dx.rop.code.RegisterSpec.equals(ILcom/android/dx/rop/type/TypeBearer;Lcom/android/dx/rop/code/LocalItem;)Z @ 42
Event: 3.152 Thread 0x000000001647a000 Uncommon trap: reason=bimorphic action=maybe_recompile pc=0x00000000024a6660 method=java.util.HashMap.getNode(ILjava/lang/Object;)Ljava/util/HashMap$Node; @ 126
Event: 3.152 Thread 0x000000001647a000 Uncommon trap: reason=class_check action=maybe_recompile pc=0x00000000025e6e94 method=java.util.HashMap.putVal(ILjava/lang/Object;Ljava/lang/Object;ZZ)Ljava/lang/Object; @ 203
Event: 3.156 Thread 0x00000000163a0800 Uncommon trap: reason=unstable_if action=reinterpret pc=0x000000000258316c method=com.android.dx.rop.code.RegisterSpecSet.put(Lcom/android/dx/rop/code/RegisterSpec;)V @ 77
Event: 3.156 Thread 0x00000000163a0800 Uncommon trap: reason=unstable_if action=reinterpret pc=0x0000000002586664 method=com.android.dx.rop.code.RegisterSpecSet.put(Lcom/android/dx/rop/code/RegisterSpec;)V @ 77
Event: 3.158 Thread 0x00000000163a0800 Uncommon trap: reason=bimorphic action=maybe_recompile pc=0x00000000024a6660 method=java.util.HashMap.getNode(ILjava/lang/Object;)Ljava/util/HashMap$Node; @ 126
Event: 3.158 Thread 0x00000000163a0800 Uncommon trap: reason=class_check action=maybe_recompile pc=0x00000000025e6e94 method=java.util.HashMap.putVal(ILjava/lang/Object;Ljava/lang/Object;ZZ)Ljava/lang/Object; @ 203

Internal exceptions (3 events):
Event: 0.590 Thread 0x0000000002100800 Exception <a 'java/lang/NoSuchMethodError': Method sun.misc.Unsafe.defineClass(Ljava/lang/String;[BII)Ljava/lang/Class; name or signature does not match> (0x00000000eab0d5a0) thrown at [C:\re\workspace\8-2-build-windows-amd64-cygwin\jdk8u60\4407\hotspot\sr)¬<GHáâ?
Event: 0.590 Thread 0x0000000002100800 Exception <a 'java/lang/NoSuchMethodError': Method sun.misc.Unsafe.prefetchRead(Ljava/lang/Object;J)V name or signature does not match> (0x00000000eab0d888) thrown at [C:\re\workspace\8-2-build-windows-amd64-cygwin\jdk8u60\4407\hotspot\src\share\vm\prims\jw­È£óï@
Event: 3.117 Thread 0x0000000016475800 Implicit null exception at 0x0000000002513ca2 to 0x0000000002513d92

Events (10 events):
Event: 3.158 Thread 0x00000000163a0800 DEOPT PACKING pc=0x00000000024a6660 sp=0x000000001691ead0
Event: 3.158 Thread 0x00000000163a0800 DEOPT UNPACKING pc=0x000000000224582a sp=0x000000001691e9e8 mode 2
Event: 3.158 Thread 0x00000000163a0800 Uncommon trap: trap_request=0xffffffde fr.pc=0x00000000025e6e94
Event: 3.158 Thread 0x00000000163a0800 DEOPT PACKING pc=0x00000000025e6e94 sp=0x000000001691ea50
Event: 3.158 Thread 0x00000000163a0800 DEOPT UNPACKING pc=0x000000000224582a sp=0x000000001691e9d8 mode 2
Event: 3.159 Thread 0x000000001647a000 DEOPT PACKING pc=0x00000000024ea3ed sp=0x0000000016d1e480
Event: 3.159 Thread 0x000000001647a000 DEOPT UNPACKING pc=0x000000000224787f sp=0x0000000016d1e260 mode 0
Event: 3.159 Executing VM operation: ParallelGCFailedAllocation
Event: 3.230 Executing VM operation: ParallelGCFailedAllocation done
Event: 3.251 Thread 0x00000000163aa000 Thread exited: 0x00000000163aa000


Dynamic libraries:
0x00007ff622e40000 - 0x00007ff622e77000 	C:\Program Files\Java\jdk1.8.0_60\bin\java.exe
0x00007fffbb0e0000 - 0x00007fffbb2a1000 	C:\WINDOWS\SYSTEM32\ntdll.dll
0x00007fffb8820000 - 0x00007fffb88cd000 	C:\WINDOWS\system32\KERNEL32.DLL
0x00007fffb81e0000 - 0x00007fffb83c8000 	C:\WINDOWS\system32\KERNELBASE.dll
0x00007fffb9ad0000 - 0x00007fffb9b77000 	C:\WINDOWS\system32\ADVAPI32.dll
0x00007fffb8d80000 - 0x00007fffb8e1d000 	C:\WINDOWS\system32\msvcrt.dll
0x00007fffb8e30000 - 0x00007fffb8e8b000 	C:\WINDOWS\system32\sechost.dll
0x00007fffb8ed0000 - 0x00007fffb8fec000 	C:\WINDOWS\system32\RPCRT4.dll
0x00007fffb84e0000 - 0x00007fffb8636000 	C:\WINDOWS\system32\USER32.dll
0x00007fffb8a80000 - 0x00007fffb8c06000 	C:\WINDOWS\system32\GDI32.dll
0x00007fffb34a0000 - 0x00007fffb3714000 	C:\WINDOWS\WinSxS\amd64_microsoft.windows.common-controls_6595b64144ccf1df_6.0.10586.0_none_8c15ae12515e1c22\COMCTL32.dll
0x00007fffb9830000 - 0x00007fffb9aad000 	C:\WINDOWS\system32\combase.dll
0x00007fffb8120000 - 0x00007fffb818a000 	C:\WINDOWS\system32\bcryptPrimitives.dll
0x00007fffb8e90000 - 0x00007fffb8ecb000 	C:\WINDOWS\system32\IMM32.DLL
0x000000006fa70000 - 0x000000006fb42000 	C:\Program Files\Java\jdk1.8.0_60\jre\bin\msvcr100.dll
0x0000000071ea0000 - 0x0000000072729000 	C:\Program Files\Java\jdk1.8.0_60\jre\bin\server\jvm.dll
0x00007fffb8e20000 - 0x00007fffb8e28000 	C:\WINDOWS\system32\PSAPI.DLL
0x00007fffb3c00000 - 0x00007fffb3c09000 	C:\WINDOWS\SYSTEM32\WSOCK32.dll
0x00007fffb9140000 - 0x00007fffb91ab000 	C:\WINDOWS\system32\WS2_32.dll
0x00007fffb5cf0000 - 0x00007fffb5d13000 	C:\WINDOWS\SYSTEM32\WINMM.dll
0x00007fffb37e0000 - 0x00007fffb37ea000 	C:\WINDOWS\SYSTEM32\VERSION.dll
0x00007fffb5cc0000 - 0x00007fffb5cec000 	C:\WINDOWS\SYSTEM32\WINMMBASE.dll
0x00007fffb8190000 - 0x00007fffb81d3000 	C:\WINDOWS\system32\cfgmgr32.dll
0x0000000071db0000 - 0x0000000071dbf000 	C:\Program Files\Java\jdk1.8.0_60\jre\bin\verify.dll
0x0000000071d80000 - 0x0000000071da9000 	C:\Program Files\Java\jdk1.8.0_60\jre\bin\java.dll
0x0000000071d60000 - 0x0000000071d76000 	C:\Program Files\Java\jdk1.8.0_60\jre\bin\zip.dll
0x00007fffb9b80000 - 0x00007fffbb0dc000 	C:\WINDOWS\system32\SHELL32.dll
0x00007fffb77b0000 - 0x00007fffb7df4000 	C:\WINDOWS\system32\windows.storage.dll
0x00007fffb8c10000 - 0x00007fffb8c62000 	C:\WINDOWS\system32\shlwapi.dll
0x00007fffb7730000 - 0x00007fffb773f000 	C:\WINDOWS\system32\kernel.appcore.dll
0x00007fffb7e90000 - 0x00007fffb7f45000 	C:\WINDOWS\system32\shcore.dll
0x00007fffb7740000 - 0x00007fffb778b000 	C:\WINDOWS\system32\powrprof.dll
0x00007fffb7710000 - 0x00007fffb7724000 	C:\WINDOWS\system32\profapi.dll

VM Arguments:
jvm_args: -Djava.awt.headless=true -Xmx1024M -Dfile.encoding=windows-1252 -Duser.country=SE -Duser.language=sv -Duser.variant 
java_command: com.android.dx.command.Main --dex --force-jumbo --num-threads=4 --multi-dex --output C:\Kexjobb\Kexjobb\Nuklearmedicin\app\build\intermediates\transforms\dex\debug\folders\1000\10\com.android.support-support-vector-drawable-23.3.0_4f33fbb4a1ebe48dfbababa7fab66bea48c59a57 C:\Kexjobb\Kexjobb\Nuklearmedicin\app\build\intermediates\exploded-aar\com.android.support\support-vector-drawable\23.3.0\jars\classes.jar
java_class_path (initial): C:\Users\Mikael\AppData\Local\Android\sdk\build-tools\23.0.3\lib\dx.jar
Launcher Type: SUN_STANDARD

Environment Variables:
PATH=C:\ProgramData\Oracle\Java\javapath;C:\WINDOWS\system32;C:\WINDOWS;C:\WINDOWS\System32\Wbem;C:\WINDOWS\System32\WindowsPowerShell\v1.0\;C:\Program Files\OpenVPN\bin;C:\WINDOWS\system32;C:\WINDOWS;C:\WINDOWS\System32\Wbem;C:\WINDOWS\System32\WindowsPowerShell\v1.0\;C:\Program Files (x86)\NVIDIA Corporation\PhysX\Common;C:\Program Files (x86)\Skype\Phone\;C:\WINDOWS\system32\config\systemprofile\.dnx\bin;C:\Program Files\Microsoft DNX\Dnvm\;C:\Program Files (x86)\Windows Kits\10\Windows Performance Toolkit\;;C:\Program Files\Docker Toolbox
USERNAME=Mikael
OS=Windows_NT
PROCESSOR_IDENTIFIER=Intel64 Family 6 Model 58 Stepping 9, GenuineIntel



---------------  S Y S T E M  ---------------

OS: Windows 10.0 , 64 bit Build 10586 (10.0.10586.0)

CPU:total 4 (4 cores per cpu, 1 threads per core) family 6 model 58 stepping 9, cmov, cx8, fxsr, mmx, sse, sse2, sse3, ssse3, sse4.1, sse4.2, popcnt, avx, aes, clmul, erms, tsc, tscinvbit, tscinv

Memory: 4k page, physical 8338132k(976156k free), swap 12786496k(5136k free)

vm_info: Java HotSpot(TM) 64-Bit Server VM (25.60-b23) for windows-amd64 JRE (1.8.0_60-b27), built on Aug  4 2015 11:06:27 by "java_re" with MS VC++ 10.0 (VS2010)

time: Wed May 18 13:11:07 2016
elapsed time: 3 seconds (0d 0h 0m 3s)

