#
# There is insufficient memory for the Java Runtime Environment to continue.
# Native memory allocation (malloc) failed to allocate 32744 bytes for ChunkPool::allocate
# Possible reasons:
#   The system is out of physical RAM or swap space
#   In 32 bit mode, the process size limit was hit
# Possible solutions:
#   Reduce memory load on the system
#   Increase physical memory or swap space
#   Check if swap backing store is full
#   Use 64 bit Java on a 64 bit OS
#   Decrease Java heap size (-Xmx/-Xms)
#   Decrease number of Java threads
#   Decrease Java thread stack sizes (-Xss)
#   Set larger code cache with -XX:ReservedCodeCacheSize=
# This output file may be truncated or incomplete.
#
#  Out of Memory Error (allocation.cpp:273), pid=12028, tid=11272
#
# JRE version: Java(TM) SE Runtime Environment (8.0_60-b27) (build 1.8.0_60-b27)
# Java VM: Java HotSpot(TM) 64-Bit Server VM (25.60-b23 mixed mode windows-amd64 compressed oops)
# Failed to write core dump. Minidumps are not enabled by default on client versions of Windows
#

---------------  T H R E A D  ---------------

Current thread (0x0000000014a8c800):  JavaThread "C2 CompilerThread0" daemon [_thread_in_native, id=11272, stack(0x0000000016000000,0x0000000016100000)]

Stack: [0x0000000016000000,0x0000000016100000]
[error occurred during error reporting (printing stack bounds), id 0xc0000005]

Native frames: (J=compiled Java code, j=interpreted, Vv=VM code, C=native code)


Current CompileTask:
C2:   3306  549       4       java.util.ArrayList::add (29 bytes)


---------------  P R O C E S S  ---------------

Java Threads: ( => current thread )
  0x000000001653c000 JavaThread "pool-2-thread-4" [_thread_in_Java, id=8012, stack(0x0000000016d00000,0x0000000016e00000)]
  0x000000001653a000 JavaThread "pool-2-thread-3" [_thread_in_Java, id=3820, stack(0x0000000016c00000,0x0000000016d00000)]
  0x0000000016458000 JavaThread "pool-2-thread-2" [_thread_in_Java, id=7452, stack(0x0000000016b00000,0x0000000016c00000)]
  0x000000001644d000 JavaThread "pool-3-thread-1" [_thread_blocked, id=7340, stack(0x0000000016a00000,0x0000000016b00000)]
  0x000000001644c800 JavaThread "pool-2-thread-1" [_thread_in_vm, id=5788, stack(0x0000000016900000,0x0000000016a00000)]
  0x0000000016305800 JavaThread "Service Thread" daemon [_thread_blocked, id=2908, stack(0x0000000016700000,0x0000000016800000)]
  0x0000000014aeb800 JavaThread "C1 CompilerThread2" daemon [_thread_in_native, id=11716, stack(0x0000000016200000,0x0000000016300000)]
  0x0000000014a8f800 JavaThread "C2 CompilerThread1" daemon [_thread_in_native, id=5468, stack(0x0000000016100000,0x0000000016200000)]
=>0x0000000014a8c800 JavaThread "C2 CompilerThread0" daemon [_thread_in_native, id=11272, stack(0x0000000016000000,0x0000000016100000)]
  0x0000000014a8a800 JavaThread "Attach Listener" daemon [_thread_blocked, id=12072, stack(0x0000000015f00000,0x0000000016000000)]
  0x0000000014a89000 JavaThread "Signal Dispatcher" daemon [_thread_blocked, id=11940, stack(0x0000000015e00000,0x0000000015f00000)]
  0x00000000023b0800 JavaThread "Finalizer" daemon [_thread_blocked, id=88, stack(0x0000000015d00000,0x0000000015e00000)]
  0x00000000023ad000 JavaThread "Reference Handler" daemon [_thread_blocked, id=6212, stack(0x0000000015c00000,0x0000000015d00000)]
  0x00000000022c0800 JavaThread "main" [_thread_blocked, id=4204, stack(0x0000000001fc0000,0x00000000020c0000)]

Other Threads:
  0x0000000014a58000 VMThread [stack: 0x0000000015b00000,0x0000000015c00000] [id=5092]
  0x000000001632a000 WatcherThread [stack: 0x0000000016800000,0x0000000016900000] [id=11552]

VM state:not at safepoint (normal execution)

VM Mutex/Monitor currently owned by a thread: None

Heap:
 PSYoungGen      total 38400K, used 12022K [0x00000000eab00000, 0x00000000ed580000, 0x0000000100000000)
  eden space 33280K, 36% used [0x00000000eab00000,0x00000000eb6bd8b0,0x00000000ecb80000)
  from space 5120K, 0% used [0x00000000ed080000,0x00000000ed080000,0x00000000ed580000)
  to   space 5120K, 0% used [0x00000000ecb80000,0x00000000ecb80000,0x00000000ed080000)
 ParOldGen       total 87552K, used 0K [0x00000000c0000000, 0x00000000c5580000, 0x00000000eab00000)
  object space 87552K, 0% used [0x00000000c0000000,0x00000000c0000000,0x00000000c5580000)
 Metaspace       used 5282K, capacity 6512K, committed 6784K, reserved 1056768K
  class space    used 572K, capacity 616K, committed 640K, reserved 1048576K

Card table byte_map: [0x0000000011780000,0x0000000011990000] byte_map_base: 0x0000000011180000

Marking Bits: (ParMarkBitMap*) 0x00000000726aa5b0
 Begin Bits: [0x0000000011ef0000, 0x0000000012ef0000)
 End Bits:   [0x0000000012ef0000, 0x0000000013ef0000)

Polling page: 0x00000000001f0000

CodeCache: size=245760Kb used=2166Kb max_used=2177Kb free=243593Kb
 bounds [0x00000000023c0000, 0x0000000002630000, 0x00000000113c0000]
 total_blobs=788 nmethods=527 adapters=174
 compilation: enabled

Compilation events (10 events):
Event: 3.299 Thread 0x0000000014aeb800 nmethod 524 0x00000000025dcb90 code [0x00000000025dcd20, 0x00000000025dd1e8]
Event: 3.301 Thread 0x0000000014aeb800  525       3       com.android.dx.rop.cst.CstMethodRef::<init> (7 bytes)
Event: 3.301 Thread 0x0000000014aeb800 nmethod 525 0x00000000025dd390 code [0x00000000025dd520, 0x00000000025dd938]
Event: 3.301 Thread 0x0000000014aeb800  526       3       com.android.dx.cf.code.BasicBlocker::visitCommon (34 bytes)
Event: 3.301 Thread 0x0000000014aeb800 nmethod 526 0x00000000025ddad0 code [0x00000000025ddc80, 0x00000000025de190]
Event: 3.301 Thread 0x0000000014aeb800  529   !   3       com.android.dx.cf.code.BytecodeArray::parseInstruction (2764 bytes)
Event: 3.304 Thread 0x0000000014a8c800  549       4       java.util.ArrayList::add (29 bytes)
Event: 3.305 Thread 0x0000000014a8f800  551   !   4       com.android.dx.util.IntList::get (36 bytes)
Event: 3.305 Thread 0x0000000014a8f800 nmethod 551 0x00000000025e1250 code [0x00000000025e1380, 0x00000000025e1438]
Event: 3.305 Thread 0x0000000014a8f800  553       4       java.util.HashMap::get (23 bytes)

GC Heap History (0 events):
No events

Deoptimization events (0 events):
No events

Internal exceptions (2 events):
Event: 0.136 Thread 0x00000000022c0800 Exception <a 'java/lang/NoSuchMethodError': Method sun.misc.Unsafe.defineClass(Ljava/lang/String;[BII)Ljava/lang/Class; name or signature does not match> (0x00000000eab0d4c0) thrown at [C:\re\workspace\8-2-build-windows-amd64-cygwin\jdk8u60\4407\hotspot\sr‘≤üed¡?
Event: 0.136 Thread 0x00000000022c0800 Exception <a 'java/lang/NoSuchMethodError': Method sun.misc.Unsafe.prefetchRead(Ljava/lang/Object;J)V name or signature does not match> (0x00000000eab0d7a8) thrown at [C:\re\workspace\8-2-build-windows-amd64-cygwin\jdk8u60\4407\hotspot\src\share\vm\prims\j

Events (10 events):
Event: 3.300 loading class java/io/PrintWriter
Event: 3.300 loading class java/io/PrintWriter done
Event: 3.300 loading class com/android/dx/dex/file/DebugInfoItem
Event: 3.300 loading class com/android/dx/dex/file/DebugInfoItem done
Event: 3.300 loading class com/android/dx/rop/annotation/AnnotationsList
Event: 3.300 loading class com/android/dx/rop/annotation/AnnotationsList done
Event: 3.301 loading class com/android/dx/dex/file/MethodIdItem
Event: 3.301 loading class com/android/dx/dex/file/MethodIdItem done
Event: 3.301 loading class com/android/dx/cf/code/SwitchList
Event: 3.301 loading class com/android/dx/cf/code/SwitchList done


Dynamic libraries:
0x00007ff622e40000 - 0x00007ff622e77000 	C:\Program Files\Java\jdk1.8.0_60\bin\java.exe
0x00007fffbb0e0000 - 0x00007fffbb2a1000 	C:\WINDOWS\SYSTEM32\ntdll.dll
0x00007fffb8820000 - 0x00007fffb88cd000 	C:\WINDOWS\system32\KERNEL32.DLL
0x00007fffb81e0000 - 0x00007fffb83c8000 	C:\WINDOWS\system32\KERNELBASE.dll
0x00007fffb9ad0000 - 0x00007fffb9b77000 	C:\WINDOWS\system32\ADVAPI32.dll
0x00007fffb8d80000 - 0x00007fffb8e1d000 	C:\WINDOWS\system32\msvcrt.dll
0x00007fffb8e30000 - 0x00007fffb8e8b000 	C:\WINDOWS\system32\sechost.dll
0x00007fffb8ed0000 - 0x00007fffb8fec000 	C:\WINDOWS\system32\RPCRT4.dll
0x00007fffb84e0000 - 0x00007fffb8636000 	C:\WINDOWS\system32\USER32.dll
0x00007fffb8a80000 - 0x00007fffb8c06000 	C:\WINDOWS\system32\GDI32.dll
0x00007fffb34a0000 - 0x00007fffb3714000 	C:\WINDOWS\WinSxS\amd64_microsoft.windows.common-controls_6595b64144ccf1df_6.0.10586.0_none_8c15ae12515e1c22\COMCTL32.dll
0x00007fffb9830000 - 0x00007fffb9aad000 	C:\WINDOWS\system32\combase.dll
0x00007fffb8120000 - 0x00007fffb818a000 	C:\WINDOWS\system32\bcryptPrimitives.dll
0x00007fffb8e90000 - 0x00007fffb8ecb000 	C:\WINDOWS\system32\IMM32.DLL
0x000000006fa70000 - 0x000000006fb42000 	C:\Program Files\Java\jdk1.8.0_60\jre\bin\msvcr100.dll
0x0000000071ea0000 - 0x0000000072729000 	C:\Program Files\Java\jdk1.8.0_60\jre\bin\server\jvm.dll
0x00007fffb8e20000 - 0x00007fffb8e28000 	C:\WINDOWS\system32\PSAPI.DLL
0x00007fffb3c00000 - 0x00007fffb3c09000 	C:\WINDOWS\SYSTEM32\WSOCK32.dll
0x00007fffb9140000 - 0x00007fffb91ab000 	C:\WINDOWS\system32\WS2_32.dll
0x00007fffb5cf0000 - 0x00007fffb5d13000 	C:\WINDOWS\SYSTEM32\WINMM.dll
0x00007fffb37e0000 - 0x00007fffb37ea000 	C:\WINDOWS\SYSTEM32\VERSION.dll
0x00007fffb5cc0000 - 0x00007fffb5cec000 	C:\WINDOWS\SYSTEM32\WINMMBASE.dll
0x00007fffb8190000 - 0x00007fffb81d3000 	C:\WINDOWS\system32\cfgmgr32.dll
0x0000000071db0000 - 0x0000000071dbf000 	C:\Program Files\Java\jdk1.8.0_60\jre\bin\verify.dll
0x0000000071d80000 - 0x0000000071da9000 	C:\Program Files\Java\jdk1.8.0_60\jre\bin\java.dll
0x0000000071d60000 - 0x0000000071d76000 	C:\Program Files\Java\jdk1.8.0_60\jre\bin\zip.dll
0x00007fffb9b80000 - 0x00007fffbb0dc000 	C:\WINDOWS\system32\SHELL32.dll
0x00007fffb77b0000 - 0x00007fffb7df4000 	C:\WINDOWS\system32\windows.storage.dll
0x00007fffb8c10000 - 0x00007fffb8c62000 	C:\WINDOWS\system32\shlwapi.dll
0x00007fffb7730000 - 0x00007fffb773f000 	C:\WINDOWS\system32\kernel.appcore.dll
0x00007fffb7e90000 - 0x00007fffb7f45000 	C:\WINDOWS\system32\shcore.dll
0x00007fffb7740000 - 0x00007fffb778b000 	C:\WINDOWS\system32\powrprof.dll
0x00007fffb7710000 - 0x00007fffb7724000 	C:\WINDOWS\system32\profapi.dll

VM Arguments:
jvm_args: -Djava.awt.headless=true -Xmx1024M -Dfile.encoding=windows-1252 -Duser.country=SE -Duser.language=sv -Duser.variant 
java_command: com.android.dx.command.Main --dex --force-jumbo --num-threads=4 --multi-dex --output C:\Kexjobb\Kexjobb\Nuklearmedicin\app\build\intermediates\transforms\dex\debug\folders\1000\5\slice_9 C:\Kexjobb\Kexjobb\Nuklearmedicin\app\build\intermediates\transforms\instantRunSlicer\debug\folders\1\5\slice_9
java_class_path (initial): C:\Users\Mikael\AppData\Local\Android\sdk\build-tools\23.0.3\lib\dx.jar
Launcher Type: SUN_STANDARD

Environment Variables:
PATH=C:\ProgramData\Oracle\Java\javapath;C:\WINDOWS\system32;C:\WINDOWS;C:\WINDOWS\System32\Wbem;C:\WINDOWS\System32\WindowsPowerShell\v1.0\;C:\Program Files\OpenVPN\bin;C:\WINDOWS\system32;C:\WINDOWS;C:\WINDOWS\System32\Wbem;C:\WINDOWS\System32\WindowsPowerShell\v1.0\;C:\Program Files (x86)\NVIDIA Corporation\PhysX\Common;C:\Program Files (x86)\Skype\Phone\;C:\WINDOWS\system32\config\systemprofile\.dnx\bin;C:\Program Files\Microsoft DNX\Dnvm\;C:\Program Files (x86)\Windows Kits\10\Windows Performance Toolkit\;;C:\Program Files\Docker Toolbox
USERNAME=Mikael
OS=Windows_NT
PROCESSOR_IDENTIFIER=Intel64 Family 6 Model 58 Stepping 9, GenuineIntel



---------------  S Y S T E M  ---------------

OS: Windows 10.0 , 64 bit Build 10586 (10.0.10586.0)

CPU:total 4 (4 cores per cpu, 1 threads per core) family 6 model 58 stepping 9, cmov, cx8, fxsr, mmx, sse, sse2, sse3, ssse3, sse4.1, sse4.2, popcnt, avx, aes, clmul, erms, tsc, tscinvbit, tscinv

Memory: 4k page, physical 8338132k(1004736k free), swap 12786496k(3276k free)

vm_info: Java HotSpot(TM) 64-Bit Server VM (25.60-b23) for windows-amd64 JRE (1.8.0_60-b27), built on Aug  4 2015 11:06:27 by "java_re" with MS VC++ 10.0 (VS2010)

time: Wed May 18 13:10:48 2016
elapsed time: 3 seconds (0d 0h 0m 3s)

