#
# There is insufficient memory for the Java Runtime Environment to continue.
# Native memory allocation (malloc) failed to allocate 708736 bytes for Chunk::new
# Possible reasons:
#   The system is out of physical RAM or swap space
#   In 32 bit mode, the process size limit was hit
# Possible solutions:
#   Reduce memory load on the system
#   Increase physical memory or swap space
#   Check if swap backing store is full
#   Use 64 bit Java on a 64 bit OS
#   Decrease Java heap size (-Xmx/-Xms)
#   Decrease number of Java threads
#   Decrease Java thread stack sizes (-Xss)
#   Set larger code cache with -XX:ReservedCodeCacheSize=
# This output file may be truncated or incomplete.
#
#  Out of Memory Error (allocation.cpp:390), pid=12276, tid=10172
#
# JRE version: Java(TM) SE Runtime Environment (8.0_60-b27) (build 1.8.0_60-b27)
# Java VM: Java HotSpot(TM) 64-Bit Server VM (25.60-b23 mixed mode windows-amd64 compressed oops)
# Failed to write core dump. Minidumps are not enabled by default on client versions of Windows
#

---------------  T H R E A D  ---------------

Current thread (0x0000000014a1c800):  JavaThread "C2 CompilerThread0" daemon [_thread_in_native, id=10172, stack(0x0000000016080000,0x0000000016180000)]

Stack: [0x0000000016080000,0x0000000016180000]
[error occurred during error reporting (printing stack bounds), id 0xc0000005]

Native frames: (J=compiled Java code, j=interpreted, Vv=VM code, C=native code)


Current CompileTask:
C2:   3256 1189       4       com.android.dx.ssa.SCCP::simulatePhi (169 bytes)


---------------  P R O C E S S  ---------------

Java Threads: ( => current thread )
  0x00000000165e4800 JavaThread "pool-2-thread-4" [_thread_blocked, id=11568, stack(0x0000000016d80000,0x0000000016e80000)]
  0x00000000165e3800 JavaThread "pool-2-thread-3" [_thread_blocked, id=10100, stack(0x0000000016c80000,0x0000000016d80000)]
  0x00000000164b0000 JavaThread "pool-2-thread-2" [_thread_in_Java, id=11376, stack(0x0000000016b80000,0x0000000016c80000)]
  0x00000000164a6000 JavaThread "pool-3-thread-1" [_thread_blocked, id=11896, stack(0x0000000016a80000,0x0000000016b80000)]
  0x00000000164a5000 JavaThread "pool-2-thread-1" [_thread_in_Java, id=12140, stack(0x0000000016980000,0x0000000016a80000)]
  0x0000000016385800 JavaThread "Service Thread" daemon [_thread_blocked, id=12204, stack(0x0000000016780000,0x0000000016880000)]
  0x0000000014a78800 JavaThread "C1 CompilerThread2" daemon [_thread_blocked, id=10604, stack(0x0000000016280000,0x0000000016380000)]
  0x0000000014a1f800 JavaThread "C2 CompilerThread1" daemon [_thread_in_native, id=11768, stack(0x0000000016180000,0x0000000016280000)]
=>0x0000000014a1c800 JavaThread "C2 CompilerThread0" daemon [_thread_in_native, id=10172, stack(0x0000000016080000,0x0000000016180000)]
  0x0000000014a1a800 JavaThread "Attach Listener" daemon [_thread_blocked, id=11324, stack(0x0000000015f80000,0x0000000016080000)]
  0x0000000014a19000 JavaThread "Signal Dispatcher" daemon [_thread_blocked, id=664, stack(0x0000000015e80000,0x0000000015f80000)]
  0x0000000002340800 JavaThread "Finalizer" daemon [_thread_blocked, id=11732, stack(0x0000000015c90000,0x0000000015d90000)]
  0x000000000233d000 JavaThread "Reference Handler" daemon [_thread_blocked, id=11960, stack(0x0000000015b90000,0x0000000015c90000)]
  0x0000000002250800 JavaThread "main" [_thread_blocked, id=11584, stack(0x0000000002070000,0x0000000002170000)]

Other Threads:
  0x00000000149e8000 VMThread [stack: 0x0000000015a90000,0x0000000015b90000] [id=4264]
  0x0000000016389800 WatcherThread [stack: 0x0000000016880000,0x0000000016980000] [id=2768]

VM state:not at safepoint (normal execution)

VM Mutex/Monitor currently owned by a thread: None

Heap:
 PSYoungGen      total 38400K, used 6928K [0x00000000eab00000, 0x00000000ed580000, 0x0000000100000000)
  eden space 33280K, 5% used [0x00000000eab00000,0x00000000eacc9c58,0x00000000ecb80000)
  from space 5120K, 99% used [0x00000000ecb80000,0x00000000ed07a400,0x00000000ed080000)
  to   space 5120K, 0% used [0x00000000ed080000,0x00000000ed080000,0x00000000ed580000)
 ParOldGen       total 87552K, used 1044K [0x00000000c0000000, 0x00000000c5580000, 0x00000000eab00000)
  object space 87552K, 1% used [0x00000000c0000000,0x00000000c01051e0,0x00000000c5580000)
 Metaspace       used 5710K, capacity 6832K, committed 7040K, reserved 1056768K
  class space    used 574K, capacity 616K, committed 640K, reserved 1048576K

Card table byte_map: [0x0000000011710000,0x0000000011920000] byte_map_base: 0x0000000011110000

Marking Bits: (ParMarkBitMap*) 0x00000000726aa5b0
 Begin Bits: [0x0000000011e80000, 0x0000000012e80000)
 End Bits:   [0x0000000012e80000, 0x0000000013e80000)

Polling page: 0x00000000001f0000

CodeCache: size=245760Kb used=4762Kb max_used=4762Kb free=240997Kb
 bounds [0x0000000002350000, 0x0000000002800000, 0x0000000011350000]
 total_blobs=1471 nmethods=1210 adapters=174
 compilation: enabled

Compilation events (10 events):
Event: 3.254 Thread 0x0000000014a78800 1210       3       java.lang.ref.Finalizer::hasBeenFinalized (14 bytes)
Event: 3.254 Thread 0x0000000014a78800 nmethod 1210 0x00000000027f8e90 code [0x00000000027f8fe0, 0x00000000027f9190]
Event: 3.254 Thread 0x0000000014a78800 1211   !   3       java.lang.ref.Finalizer::remove (94 bytes)
Event: 3.254 Thread 0x0000000014a78800 nmethod 1211 0x00000000027f9210 code [0x00000000027f9380, 0x00000000027f9850]
Event: 3.254 Thread 0x0000000014a78800 1212       3       java.lang.System$2::invokeFinalize (5 bytes)
Event: 3.254 Thread 0x0000000014a78800 nmethod 1212 0x00000000027f9990 code [0x00000000027f9b00, 0x00000000027f9d28]
Event: 3.254 Thread 0x0000000014a78800 1213       3       java.lang.ref.Reference::clear (6 bytes)
Event: 3.254 Thread 0x0000000014a78800 nmethod 1213 0x00000000027f9dd0 code [0x00000000027f9f20, 0x00000000027fa090]
Event: 3.255 Thread 0x0000000014a78800 1215       3       com.android.dx.dex.file.OffsettedItem::<init> (44 bytes)
Event: 3.256 Thread 0x0000000014a78800 nmethod 1215 0x00000000027fa110 code [0x00000000027fa2c0, 0x00000000027fa798]

GC Heap History (2 events):
Event: 3.238 GC heap before
{Heap before GC invocations=1 (full 0):
 PSYoungGen      total 38400K, used 33280K [0x00000000eab00000, 0x00000000ed580000, 0x0000000100000000)
  eden space 33280K, 100% used [0x00000000eab00000,0x00000000ecb80000,0x00000000ecb80000)
  from space 5120K, 0% used [0x00000000ed080000,0x00000000ed080000,0x00000000ed580000)
  to   space 5120K, 0% used [0x00000000ecb80000,0x00000000ecb80000,0x00000000ed080000)
 ParOldGen       total 87552K, used 0K [0x00000000c0000000, 0x00000000c5580000, 0x00000000eab00000)
  object space 87552K, 0% used [0x00000000c0000000,0x00000000c0000000,0x00000000c5580000)
 Metaspace       used 5701K, capacity 6832K, committed 7040K, reserved 1056768K
  class space    used 574K, capacity 616K, committed 640K, reserved 1048576K
Event: 3.247 GC heap after
Heap after GC invocations=1 (full 0):
 PSYoungGen      total 38400K, used 5097K [0x00000000eab00000, 0x00000000ed580000, 0x0000000100000000)
  eden space 33280K, 0% used [0x00000000eab00000,0x00000000eab00000,0x00000000ecb80000)
  from space 5120K, 99% used [0x00000000ecb80000,0x00000000ed07a400,0x00000000ed080000)
  to   space 5120K, 0% used [0x00000000ed080000,0x00000000ed080000,0x00000000ed580000)
 ParOldGen       total 87552K, used 1044K [0x00000000c0000000, 0x00000000c5580000, 0x00000000eab00000)
  object space 87552K, 1% used [0x00000000c0000000,0x00000000c01051e0,0x00000000c5580000)
 Metaspace       used 5701K, capacity 6832K, committed 7040K, reserved 1056768K
  class space    used 574K, capacity 616K, committed 640K, reserved 1048576K
}

Deoptimization events (1 events):
Event: 2.437 Thread 0x00000000165e4800 Uncommon trap: reason=unstable_if action=reinterpret pc=0x000000000256acf0 method=java.util.HashMap.getNode(ILjava/lang/Object;)Ljava/util/HashMap$Node; @ 62

Internal exceptions (2 events):
Event: 0.085 Thread 0x0000000002250800 Exception <a 'java/lang/NoSuchMethodError': Method sun.misc.Unsafe.defineClass(Ljava/lang/String;[BII)Ljava/lang/Class; name or signature does not match> (0x00000000eab0d4c0) thrown at [C:\re\workspace\8-2-build-windows-amd64-cygwin\jdk8u60\4407\hotspot\sriì„5¼âµ?
Event: 0.085 Thread 0x0000000002250800 Exception <a 'java/lang/NoSuchMethodError': Method sun.misc.Unsafe.prefetchRead(Ljava/lang/Object;J)V name or signature does not match> (0x00000000eab0d7a8) thrown at [C:\re\workspace\8-2-build-windows-amd64-cygwin\jdk8u60\4407\hotspot\src\share\vm\prims\j

Events (10 events):
Event: 2.838 Thread 0x00000000165e3800 DEOPT PACKING pc=0x00000000026a1fed sp=0x0000000016d7eb20
Event: 2.838 Thread 0x00000000165e3800 DEOPT UNPACKING pc=0x000000000239787f sp=0x0000000016d7e900 mode 0
Event: 3.076 Thread 0x00000000164b0000 DEOPT PACKING pc=0x00000000026a1fed sp=0x0000000016c7eb10
Event: 3.076 Thread 0x00000000164b0000 DEOPT UNPACKING pc=0x000000000239787f sp=0x0000000016c7e8f0 mode 0
Event: 3.105 Executing VM operation: ForceSafepoint
Event: 3.214 Executing VM operation: ForceSafepoint done
Event: 3.238 Executing VM operation: ParallelGCFailedAllocation
Event: 3.247 Executing VM operation: ParallelGCFailedAllocation done
Event: 3.255 Thread 0x00000000164a5000 DEOPT PACKING pc=0x000000000270c013 sp=0x0000000016a7edb0
Event: 3.255 Thread 0x00000000164a5000 DEOPT UNPACKING pc=0x000000000239787f sp=0x0000000016a7eb80 mode 0


Dynamic libraries:
0x00007ff622e40000 - 0x00007ff622e77000 	C:\Program Files\Java\jdk1.8.0_60\bin\java.exe
0x00007fffbb0e0000 - 0x00007fffbb2a1000 	C:\WINDOWS\SYSTEM32\ntdll.dll
0x00007fffb8820000 - 0x00007fffb88cd000 	C:\WINDOWS\system32\KERNEL32.DLL
0x00007fffb81e0000 - 0x00007fffb83c8000 	C:\WINDOWS\system32\KERNELBASE.dll
0x00007fffb9ad0000 - 0x00007fffb9b77000 	C:\WINDOWS\system32\ADVAPI32.dll
0x00007fffb8d80000 - 0x00007fffb8e1d000 	C:\WINDOWS\system32\msvcrt.dll
0x00007fffb8e30000 - 0x00007fffb8e8b000 	C:\WINDOWS\system32\sechost.dll
0x00007fffb8ed0000 - 0x00007fffb8fec000 	C:\WINDOWS\system32\RPCRT4.dll
0x00007fffb84e0000 - 0x00007fffb8636000 	C:\WINDOWS\system32\USER32.dll
0x00007fffb8a80000 - 0x00007fffb8c06000 	C:\WINDOWS\system32\GDI32.dll
0x00007fffb34a0000 - 0x00007fffb3714000 	C:\WINDOWS\WinSxS\amd64_microsoft.windows.common-controls_6595b64144ccf1df_6.0.10586.0_none_8c15ae12515e1c22\COMCTL32.dll
0x00007fffb9830000 - 0x00007fffb9aad000 	C:\WINDOWS\system32\combase.dll
0x00007fffb8120000 - 0x00007fffb818a000 	C:\WINDOWS\system32\bcryptPrimitives.dll
0x00007fffb8e90000 - 0x00007fffb8ecb000 	C:\WINDOWS\system32\IMM32.DLL
0x000000006fa70000 - 0x000000006fb42000 	C:\Program Files\Java\jdk1.8.0_60\jre\bin\msvcr100.dll
0x0000000071ea0000 - 0x0000000072729000 	C:\Program Files\Java\jdk1.8.0_60\jre\bin\server\jvm.dll
0x00007fffb8e20000 - 0x00007fffb8e28000 	C:\WINDOWS\system32\PSAPI.DLL
0x00007fffb3c00000 - 0x00007fffb3c09000 	C:\WINDOWS\SYSTEM32\WSOCK32.dll
0x00007fffb9140000 - 0x00007fffb91ab000 	C:\WINDOWS\system32\WS2_32.dll
0x00007fffb5cf0000 - 0x00007fffb5d13000 	C:\WINDOWS\SYSTEM32\WINMM.dll
0x00007fffb37e0000 - 0x00007fffb37ea000 	C:\WINDOWS\SYSTEM32\VERSION.dll
0x00007fffb5cc0000 - 0x00007fffb5cec000 	C:\WINDOWS\SYSTEM32\WINMMBASE.dll
0x00007fffb8190000 - 0x00007fffb81d3000 	C:\WINDOWS\system32\cfgmgr32.dll
0x0000000071db0000 - 0x0000000071dbf000 	C:\Program Files\Java\jdk1.8.0_60\jre\bin\verify.dll
0x0000000071d80000 - 0x0000000071da9000 	C:\Program Files\Java\jdk1.8.0_60\jre\bin\java.dll
0x0000000071d60000 - 0x0000000071d76000 	C:\Program Files\Java\jdk1.8.0_60\jre\bin\zip.dll
0x00007fffb9b80000 - 0x00007fffbb0dc000 	C:\WINDOWS\system32\SHELL32.dll
0x00007fffb77b0000 - 0x00007fffb7df4000 	C:\WINDOWS\system32\windows.storage.dll
0x00007fffb8c10000 - 0x00007fffb8c62000 	C:\WINDOWS\system32\shlwapi.dll
0x00007fffb7730000 - 0x00007fffb773f000 	C:\WINDOWS\system32\kernel.appcore.dll
0x00007fffb7e90000 - 0x00007fffb7f45000 	C:\WINDOWS\system32\shcore.dll
0x00007fffb7740000 - 0x00007fffb778b000 	C:\WINDOWS\system32\powrprof.dll
0x00007fffb7710000 - 0x00007fffb7724000 	C:\WINDOWS\system32\profapi.dll

VM Arguments:
jvm_args: -Djava.awt.headless=true -Xmx1024M -Dfile.encoding=windows-1252 -Duser.country=SE -Duser.language=sv -Duser.variant 
java_command: com.android.dx.command.Main --dex --force-jumbo --num-threads=4 --multi-dex --output C:\Kexjobb\Kexjobb\Nuklearmedicin\app\build\intermediates\transforms\dex\debug\folders\1000\5\slice_8 C:\Kexjobb\Kexjobb\Nuklearmedicin\app\build\intermediates\transforms\instantRunSlicer\debug\folders\1\5\slice_8
java_class_path (initial): C:\Users\Mikael\AppData\Local\Android\sdk\build-tools\23.0.3\lib\dx.jar
Launcher Type: SUN_STANDARD

Environment Variables:
PATH=C:\ProgramData\Oracle\Java\javapath;C:\WINDOWS\system32;C:\WINDOWS;C:\WINDOWS\System32\Wbem;C:\WINDOWS\System32\WindowsPowerShell\v1.0\;C:\Program Files\OpenVPN\bin;C:\WINDOWS\system32;C:\WINDOWS;C:\WINDOWS\System32\Wbem;C:\WINDOWS\System32\WindowsPowerShell\v1.0\;C:\Program Files (x86)\NVIDIA Corporation\PhysX\Common;C:\Program Files (x86)\Skype\Phone\;C:\WINDOWS\system32\config\systemprofile\.dnx\bin;C:\Program Files\Microsoft DNX\Dnvm\;C:\Program Files (x86)\Windows Kits\10\Windows Performance Toolkit\;;C:\Program Files\Docker Toolbox
USERNAME=Mikael
OS=Windows_NT
PROCESSOR_IDENTIFIER=Intel64 Family 6 Model 58 Stepping 9, GenuineIntel



---------------  S Y S T E M  ---------------

OS: Windows 10.0 , 64 bit Build 10586 (10.0.10586.0)

CPU:total 4 (4 cores per cpu, 1 threads per core) family 6 model 58 stepping 9, cmov, cx8, fxsr, mmx, sse, sse2, sse3, ssse3, sse4.1, sse4.2, popcnt, avx, aes, clmul, erms, tsc, tscinvbit, tscinv

Memory: 4k page, physical 8338132k(1005212k free), swap 12786496k(5692k free)

vm_info: Java HotSpot(TM) 64-Bit Server VM (25.60-b23) for windows-amd64 JRE (1.8.0_60-b27), built on Aug  4 2015 11:06:27 by "java_re" with MS VC++ 10.0 (VS2010)

time: Wed May 18 13:10:48 2016
elapsed time: 3 seconds (0d 0h 0m 3s)

