#
# There is insufficient memory for the Java Runtime Environment to continue.
# Native memory allocation (malloc) failed to allocate 330416 bytes for Chunk::new
# Possible reasons:
#   The system is out of physical RAM or swap space
#   In 32 bit mode, the process size limit was hit
# Possible solutions:
#   Reduce memory load on the system
#   Increase physical memory or swap space
#   Check if swap backing store is full
#   Use 64 bit Java on a 64 bit OS
#   Decrease Java heap size (-Xmx/-Xms)
#   Decrease number of Java threads
#   Decrease Java thread stack sizes (-Xss)
#   Set larger code cache with -XX:ReservedCodeCacheSize=
# This output file may be truncated or incomplete.
#
#  Out of Memory Error (allocation.cpp:390), pid=1968, tid=10124
#
# JRE version: Java(TM) SE Runtime Environment (8.0_60-b27) (build 1.8.0_60-b27)
# Java VM: Java HotSpot(TM) 64-Bit Server VM (25.60-b23 mixed mode windows-amd64 compressed oops)
# Failed to write core dump. Minidumps are not enabled by default on client versions of Windows
#

---------------  T H R E A D  ---------------

Current thread (0x0000000014b50800):  JavaThread "C2 CompilerThread1" daemon [_thread_in_native, id=10124, stack(0x00000000161b0000,0x00000000162b0000)]

Stack: [0x00000000161b0000,0x00000000162b0000]
[error occurred during error reporting (printing stack bounds), id 0xc0000005]

Native frames: (J=compiled Java code, j=interpreted, Vv=VM code, C=native code)


Current CompileTask:
C2:   3426 1123       4       com.android.dx.ssa.SCCP::simulateStmt (481 bytes)


---------------  P R O C E S S  ---------------

Java Threads: ( => current thread )
  0x0000000016551000 JavaThread "pool-2-thread-3" [_thread_in_vm, id=6152, stack(0x0000000016cb0000,0x0000000016db0000)]
  0x000000001654d800 JavaThread "pool-3-thread-1" [_thread_blocked, id=9252, stack(0x0000000016ab0000,0x0000000016bb0000)]
  0x0000000016546000 JavaThread "pool-2-thread-1" [_thread_in_Java, id=10716, stack(0x00000000169b0000,0x0000000016ab0000)]
  0x0000000014bae000 JavaThread "Service Thread" daemon [_thread_blocked, id=8100, stack(0x00000000167b0000,0x00000000168b0000)]
  0x0000000014ba9800 JavaThread "C1 CompilerThread2" daemon [_thread_in_native, id=4088, stack(0x00000000162b0000,0x00000000163b0000)]
=>0x0000000014b50800 JavaThread "C2 CompilerThread1" daemon [_thread_in_native, id=10124, stack(0x00000000161b0000,0x00000000162b0000)]
  0x0000000014b4d800 JavaThread "C2 CompilerThread0" daemon [_thread_in_native, id=5168, stack(0x00000000160b0000,0x00000000161b0000)]
  0x0000000014b4b800 JavaThread "Attach Listener" daemon [_thread_blocked, id=10952, stack(0x0000000015fb0000,0x00000000160b0000)]
  0x0000000014b4a800 JavaThread "Signal Dispatcher" daemon [_thread_blocked, id=5748, stack(0x0000000015eb0000,0x0000000015fb0000)]
  0x0000000002470800 JavaThread "Finalizer" daemon [_thread_blocked, id=2384, stack(0x0000000015db0000,0x0000000015eb0000)]
  0x000000000246d000 JavaThread "Reference Handler" daemon [_thread_blocked, id=6504, stack(0x0000000015cb0000,0x0000000015db0000)]
  0x0000000002380800 JavaThread "main" [_thread_blocked, id=9784, stack(0x0000000002280000,0x0000000002380000)]

Other Threads:
  0x0000000014b18000 VMThread [stack: 0x0000000015bb0000,0x0000000015cb0000] [id=1160]
  0x00000000163b7000 WatcherThread [stack: 0x00000000168b0000,0x00000000169b0000] [id=7752]

VM state:not at safepoint (normal execution)

VM Mutex/Monitor currently owned by a thread: None

Heap:
 PSYoungGen      total 38400K, used 19032K [0x00000000eab00000, 0x00000000ed580000, 0x0000000100000000)
  eden space 33280K, 41% used [0x00000000eab00000,0x00000000eb89e0f8,0x00000000ecb80000)
  from space 5120K, 99% used [0x00000000ecb80000,0x00000000ed078048,0x00000000ed080000)
  to   space 5120K, 0% used [0x00000000ed080000,0x00000000ed080000,0x00000000ed580000)
 ParOldGen       total 87552K, used 1857K [0x00000000c0000000, 0x00000000c5580000, 0x00000000eab00000)
  object space 87552K, 2% used [0x00000000c0000000,0x00000000c01d0428,0x00000000c5580000)
 Metaspace       used 5968K, capacity 6898K, committed 7040K, reserved 1056768K
  class space    used 599K, capacity 618K, committed 640K, reserved 1048576K

Card table byte_map: [0x0000000011840000,0x0000000011a50000] byte_map_base: 0x0000000011240000

Marking Bits: (ParMarkBitMap*) 0x00000000726aa5b0
 Begin Bits: [0x0000000011fb0000, 0x0000000012fb0000)
 End Bits:   [0x0000000012fb0000, 0x0000000013fb0000)

Polling page: 0x00000000001f0000

CodeCache: size=245760Kb used=4662Kb max_used=4662Kb free=241098Kb
 bounds [0x0000000002480000, 0x0000000002920000, 0x0000000011480000]
 total_blobs=1430 nmethods=1161 adapters=182
 compilation: enabled

Compilation events (10 events):
Event: 3.422 Thread 0x0000000014ba9800 nmethod 1171 0x000000000290c7d0 code [0x000000000290c940, 0x000000000290cc50]
Event: 3.422 Thread 0x0000000014ba9800 1172       2       java.lang.Character::forDigit (42 bytes)
Event: 3.422 Thread 0x0000000014ba9800 nmethod 1172 0x000000000290ce50 code [0x000000000290cfa0, 0x000000000290d150]
Event: 3.423 Thread 0x0000000014ba9800 1173       2       com.android.dx.rop.type.Type::<init> (84 bytes)
Event: 3.423 Thread 0x0000000014ba9800 nmethod 1173 0x000000000290d1d0 code [0x000000000290d360, 0x000000000290d708]
Event: 3.423 Thread 0x0000000014ba9800 1174   !   2       com.android.dx.rop.type.Type::putIntern (50 bytes)
Event: 3.424 Thread 0x0000000014ba9800 nmethod 1174 0x000000000290d8d0 code [0x000000000290da80, 0x000000000290df58]
Event: 3.424 Thread 0x0000000014ba9800 1175       2       com.android.dx.rop.type.Type::getInitializedType (42 bytes)
Event: 3.424 Thread 0x0000000014ba9800 nmethod 1175 0x000000000290e350 code [0x000000000290e4e0, 0x000000000290e8b8]
Event: 3.425 Thread 0x0000000014ba9800 1176       2       com.android.dx.cf.code.Simulator$SimVisitor::visitBranch (341 bytes)

GC Heap History (2 events):
Event: 2.925 GC heap before
{Heap before GC invocations=1 (full 0):
 PSYoungGen      total 38400K, used 33280K [0x00000000eab00000, 0x00000000ed580000, 0x0000000100000000)
  eden space 33280K, 100% used [0x00000000eab00000,0x00000000ecb80000,0x00000000ecb80000)
  from space 5120K, 0% used [0x00000000ed080000,0x00000000ed080000,0x00000000ed580000)
  to   space 5120K, 0% used [0x00000000ecb80000,0x00000000ecb80000,0x00000000ed080000)
 ParOldGen       total 87552K, used 0K [0x00000000c0000000, 0x00000000c5580000, 0x00000000eab00000)
  object space 87552K, 0% used [0x00000000c0000000,0x00000000c0000000,0x00000000c5580000)
 Metaspace       used 5913K, capacity 6834K, committed 7040K, reserved 1056768K
  class space    used 599K, capacity 618K, committed 640K, reserved 1048576K
Event: 3.286 GC heap after
Heap after GC invocations=1 (full 0):
 PSYoungGen      total 38400K, used 5088K [0x00000000eab00000, 0x00000000ed580000, 0x0000000100000000)
  eden space 33280K, 0% used [0x00000000eab00000,0x00000000eab00000,0x00000000ecb80000)
  from space 5120K, 99% used [0x00000000ecb80000,0x00000000ed078048,0x00000000ed080000)
  to   space 5120K, 0% used [0x00000000ed080000,0x00000000ed080000,0x00000000ed580000)
 ParOldGen       total 87552K, used 1857K [0x00000000c0000000, 0x00000000c5580000, 0x00000000eab00000)
  object space 87552K, 2% used [0x00000000c0000000,0x00000000c01d0428,0x00000000c5580000)
 Metaspace       used 5913K, capacity 6834K, committed 7040K, reserved 1056768K
  class space    used 599K, capacity 618K, committed 640K, reserved 1048576K
}

Deoptimization events (8 events):
Event: 1.050 Thread 0x0000000016546000 Uncommon trap: reason=unstable_if action=reinterpret pc=0x0000000002700e30 method=java.util.BitSet.nextSetBit(I)I @ 87
Event: 2.128 Thread 0x0000000002380800 Uncommon trap: reason=unstable_if action=reinterpret pc=0x000000000273b01c method=com.android.dx.rop.code.RegisterSpec.equals(ILcom/android/dx/rop/type/TypeBearer;Lcom/android/dx/rop/code/LocalItem;)Z @ 42
Event: 2.142 Thread 0x0000000016550000 Uncommon trap: reason=null_check action=make_not_entrant pc=0x0000000002743c04 method=com.android.dx.ssa.SsaRenamer.getLocalForNewReg(I)Lcom/android/dx/rop/code/LocalItem; @ 19
Event: 3.294 Thread 0x0000000016551000 Uncommon trap: reason=bimorphic action=maybe_recompile pc=0x000000000288cb98 method=com.android.dx.ssa.SCCP.setLatticeValueTo(IILcom/android/dx/rop/cst/Constant;)Z @ 43
Event: 3.294 Thread 0x0000000016551000 Uncommon trap: reason=bimorphic action=maybe_recompile pc=0x000000000288cb98 method=com.android.dx.ssa.SCCP.setLatticeValueTo(IILcom/android/dx/rop/cst/Constant;)Z @ 43
Event: 3.294 Thread 0x0000000016551000 Uncommon trap: reason=bimorphic action=maybe_recompile pc=0x0000000002693a98 method=java.util.HashMap.getNode(ILjava/lang/Object;)Ljava/util/HashMap$Node; @ 126
Event: 3.309 Thread 0x0000000016551000 Uncommon trap: reason=bimorphic action=maybe_recompile pc=0x000000000288cb98 method=com.android.dx.ssa.SCCP.setLatticeValueTo(IILcom/android/dx/rop/cst/Constant;)Z @ 43
Event: 3.309 Thread 0x0000000016551000 Uncommon trap: reason=bimorphic action=maybe_recompile pc=0x000000000288cb98 method=com.android.dx.ssa.SCCP.setLatticeValueTo(IILcom/android/dx/rop/cst/Constant;)Z @ 43

Internal exceptions (3 events):
Event: 0.066 Thread 0x0000000002380800 Exception <a 'java/lang/NoSuchMethodError': Method sun.misc.Unsafe.defineClass(Ljava/lang/String;[BII)Ljava/lang/Class; name or signature does not match> (0x00000000eab0d510) thrown at [C:\re\workspace\8-2-build-windows-amd64-cygwin\jdk8u60\4407\hotspot\sráw‹ÅsË°?
Event: 0.066 Thread 0x0000000002380800 Exception <a 'java/lang/NoSuchMethodError': Method sun.misc.Unsafe.prefetchRead(Ljava/lang/Object;J)V name or signature does not match> (0x00000000eab0d7f8) thrown at [C:\re\workspace\8-2-build-windows-amd64-cygwin\jdk8u60\4407\hotspot\src\share\vm\prims\j^B{Ã"@
Event: 2.142 Thread 0x0000000016550000 Implicit null exception at 0x0000000002741b8c to 0x0000000002743bc1

Events (10 events):
Event: 3.309 Thread 0x0000000016551000 DEOPT PACKING pc=0x000000000288cb98 sp=0x0000000016daedc0
Event: 3.309 Thread 0x0000000016551000 DEOPT UNPACKING pc=0x00000000024c582a sp=0x0000000016daed08 mode 2
Event: 3.313 Thread 0x0000000016554800 DEOPT PACKING pc=0x0000000002721061 sp=0x0000000016eaeda0
Event: 3.313 Thread 0x0000000016554800 DEOPT UNPACKING pc=0x00000000024c787f sp=0x0000000016eaeb20 mode 0
Event: 3.337 Thread 0x0000000016554800 DEOPT PACKING pc=0x0000000002721061 sp=0x0000000016eaedc0
Event: 3.337 Thread 0x0000000016554800 DEOPT UNPACKING pc=0x00000000024c787f sp=0x0000000016eaeb30 mode 0
Event: 3.338 Thread 0x0000000016554800 Thread exited: 0x0000000016554800
Event: 3.353 Thread 0x0000000016550000 Thread exited: 0x0000000016550000
Event: 3.402 Thread 0x0000000016546000 DEOPT PACKING pc=0x0000000002721061 sp=0x0000000016aaebc0
Event: 3.402 Thread 0x0000000016546000 DEOPT UNPACKING pc=0x00000000024c787f sp=0x0000000016aae940 mode 0


Dynamic libraries:
0x00007ff622e40000 - 0x00007ff622e77000 	C:\Program Files\Java\jdk1.8.0_60\bin\java.exe
0x00007fffbb0e0000 - 0x00007fffbb2a1000 	C:\WINDOWS\SYSTEM32\ntdll.dll
0x00007fffb8820000 - 0x00007fffb88cd000 	C:\WINDOWS\system32\KERNEL32.DLL
0x00007fffb81e0000 - 0x00007fffb83c8000 	C:\WINDOWS\system32\KERNELBASE.dll
0x00007fffb9ad0000 - 0x00007fffb9b77000 	C:\WINDOWS\system32\ADVAPI32.dll
0x00007fffb8d80000 - 0x00007fffb8e1d000 	C:\WINDOWS\system32\msvcrt.dll
0x00007fffb8e30000 - 0x00007fffb8e8b000 	C:\WINDOWS\system32\sechost.dll
0x00007fffb8ed0000 - 0x00007fffb8fec000 	C:\WINDOWS\system32\RPCRT4.dll
0x00007fffb84e0000 - 0x00007fffb8636000 	C:\WINDOWS\system32\USER32.dll
0x00007fffb8a80000 - 0x00007fffb8c06000 	C:\WINDOWS\system32\GDI32.dll
0x00007fffb34a0000 - 0x00007fffb3714000 	C:\WINDOWS\WinSxS\amd64_microsoft.windows.common-controls_6595b64144ccf1df_6.0.10586.0_none_8c15ae12515e1c22\COMCTL32.dll
0x00007fffb9830000 - 0x00007fffb9aad000 	C:\WINDOWS\system32\combase.dll
0x00007fffb8120000 - 0x00007fffb818a000 	C:\WINDOWS\system32\bcryptPrimitives.dll
0x00007fffb8e90000 - 0x00007fffb8ecb000 	C:\WINDOWS\system32\IMM32.DLL
0x000000006fa70000 - 0x000000006fb42000 	C:\Program Files\Java\jdk1.8.0_60\jre\bin\msvcr100.dll
0x0000000071ea0000 - 0x0000000072729000 	C:\Program Files\Java\jdk1.8.0_60\jre\bin\server\jvm.dll
0x00007fffb8e20000 - 0x00007fffb8e28000 	C:\WINDOWS\system32\PSAPI.DLL
0x00007fffb3c00000 - 0x00007fffb3c09000 	C:\WINDOWS\SYSTEM32\WSOCK32.dll
0x00007fffb5cf0000 - 0x00007fffb5d13000 	C:\WINDOWS\SYSTEM32\WINMM.dll
0x00007fffb9140000 - 0x00007fffb91ab000 	C:\WINDOWS\system32\WS2_32.dll
0x00007fffb37e0000 - 0x00007fffb37ea000 	C:\WINDOWS\SYSTEM32\VERSION.dll
0x00007fffb5cc0000 - 0x00007fffb5cec000 	C:\WINDOWS\SYSTEM32\WINMMBASE.dll
0x00007fffb8190000 - 0x00007fffb81d3000 	C:\WINDOWS\system32\cfgmgr32.dll
0x0000000071db0000 - 0x0000000071dbf000 	C:\Program Files\Java\jdk1.8.0_60\jre\bin\verify.dll
0x0000000071d80000 - 0x0000000071da9000 	C:\Program Files\Java\jdk1.8.0_60\jre\bin\java.dll
0x0000000071d60000 - 0x0000000071d76000 	C:\Program Files\Java\jdk1.8.0_60\jre\bin\zip.dll
0x00007fffb9b80000 - 0x00007fffbb0dc000 	C:\WINDOWS\system32\SHELL32.dll
0x00007fffb77b0000 - 0x00007fffb7df4000 	C:\WINDOWS\system32\windows.storage.dll
0x00007fffb8c10000 - 0x00007fffb8c62000 	C:\WINDOWS\system32\shlwapi.dll
0x00007fffb7730000 - 0x00007fffb773f000 	C:\WINDOWS\system32\kernel.appcore.dll
0x00007fffb7e90000 - 0x00007fffb7f45000 	C:\WINDOWS\system32\shcore.dll
0x00007fffb7740000 - 0x00007fffb778b000 	C:\WINDOWS\system32\powrprof.dll
0x00007fffb7710000 - 0x00007fffb7724000 	C:\WINDOWS\system32\profapi.dll

VM Arguments:
jvm_args: -Djava.awt.headless=true -Xmx1024M -Dfile.encoding=windows-1252 -Duser.country=SE -Duser.language=sv -Duser.variant 
java_command: com.android.dx.command.Main --dex --force-jumbo --num-threads=4 --multi-dex --output C:\Kexjobb\Kexjobb\Nuklearmedicin\app\build\intermediates\transforms\dex\debug\folders\1000\10\instant-run_50789675d835e311f6a749fa364e13ac0416b44a C:\Kexjobb\Kexjobb\Nuklearmedicin\app\build\intermediates\incremental-runtime-classes\debug\instant-run.jar
java_class_path (initial): C:\Users\Mikael\AppData\Local\Android\sdk\build-tools\23.0.3\lib\dx.jar
Launcher Type: SUN_STANDARD

Environment Variables:
PATH=C:\ProgramData\Oracle\Java\javapath;C:\WINDOWS\system32;C:\WINDOWS;C:\WINDOWS\System32\Wbem;C:\WINDOWS\System32\WindowsPowerShell\v1.0\;C:\Program Files\OpenVPN\bin;C:\WINDOWS\system32;C:\WINDOWS;C:\WINDOWS\System32\Wbem;C:\WINDOWS\System32\WindowsPowerShell\v1.0\;C:\Program Files (x86)\NVIDIA Corporation\PhysX\Common;C:\Program Files (x86)\Skype\Phone\;C:\WINDOWS\system32\config\systemprofile\.dnx\bin;C:\Program Files\Microsoft DNX\Dnvm\;C:\Program Files (x86)\Windows Kits\10\Windows Performance Toolkit\;;C:\Program Files\Docker Toolbox
USERNAME=Mikael
OS=Windows_NT
PROCESSOR_IDENTIFIER=Intel64 Family 6 Model 58 Stepping 9, GenuineIntel



---------------  S Y S T E M  ---------------

OS: Windows 10.0 , 64 bit Build 10586 (10.0.10586.0)

CPU:total 4 (4 cores per cpu, 1 threads per core) family 6 model 58 stepping 9, cmov, cx8, fxsr, mmx, sse, sse2, sse3, ssse3, sse4.1, sse4.2, popcnt, avx, aes, clmul, erms, tsc, tscinvbit, tscinv

Memory: 4k page, physical 8338132k(850244k free), swap 12517776k(7056k free)

vm_info: Java HotSpot(TM) 64-Bit Server VM (25.60-b23) for windows-amd64 JRE (1.8.0_60-b27), built on Aug  4 2015 11:06:27 by "java_re" with MS VC++ 10.0 (VS2010)

time: Wed May 18 13:05:06 2016
elapsed time: 3 seconds (0d 0h 0m 3s)

