#
# There is insufficient memory for the Java Runtime Environment to continue.
# Native memory allocation (malloc) failed to allocate 85296 bytes for Chunk::new
# Possible reasons:
#   The system is out of physical RAM or swap space
#   In 32 bit mode, the process size limit was hit
# Possible solutions:
#   Reduce memory load on the system
#   Increase physical memory or swap space
#   Check if swap backing store is full
#   Use 64 bit Java on a 64 bit OS
#   Decrease Java heap size (-Xmx/-Xms)
#   Decrease number of Java threads
#   Decrease Java thread stack sizes (-Xss)
#   Set larger code cache with -XX:ReservedCodeCacheSize=
# This output file may be truncated or incomplete.
#
#  Out of Memory Error (allocation.cpp:390), pid=5020, tid=9900
#
# JRE version: Java(TM) SE Runtime Environment (8.0_60-b27) (build 1.8.0_60-b27)
# Java VM: Java HotSpot(TM) 64-Bit Server VM (25.60-b23 mixed mode windows-amd64 compressed oops)
# Failed to write core dump. Minidumps are not enabled by default on client versions of Windows
#

---------------  T H R E A D  ---------------

Current thread (0x0000000014961000):  JavaThread "C2 CompilerThread1" daemon [_thread_in_native, id=9900, stack(0x00000000160c0000,0x00000000161c0000)]

Stack: [0x00000000160c0000,0x00000000161c0000]
[error occurred during error reporting (printing stack bounds), id 0xc0000005]

Native frames: (J=compiled Java code, j=interpreted, Vv=VM code, C=native code)


Current CompileTask:
C2:   2924 1092       4       java.util.HashMap::put (13 bytes)


---------------  P R O C E S S  ---------------

Java Threads: ( => current thread )
  0x0000000016549800 JavaThread "pool-2-thread-4" [_thread_blocked, id=9412, stack(0x0000000016cc0000,0x0000000016dc0000)]
  0x0000000016549000 JavaThread "pool-2-thread-3" [_thread_blocked, id=11428, stack(0x0000000016bc0000,0x0000000016cc0000)]
  0x0000000016547000 JavaThread "pool-2-thread-2" [_thread_blocked, id=12108, stack(0x0000000016ac0000,0x0000000016bc0000)]
  0x0000000016529800 JavaThread "pool-3-thread-1" [_thread_blocked, id=10020, stack(0x00000000169c0000,0x0000000016ac0000)]
  0x0000000016527000 JavaThread "pool-2-thread-1" [_thread_blocked, id=12148, stack(0x00000000168c0000,0x00000000169c0000)]
  0x00000000149be000 JavaThread "Service Thread" daemon [_thread_blocked, id=11840, stack(0x00000000166c0000,0x00000000167c0000)]
  0x00000000149b9000 JavaThread "C1 CompilerThread2" daemon [_thread_in_native, id=11668, stack(0x00000000161c0000,0x00000000162c0000)]
=>0x0000000014961000 JavaThread "C2 CompilerThread1" daemon [_thread_in_native, id=9900, stack(0x00000000160c0000,0x00000000161c0000)]
  0x000000001495d800 JavaThread "C2 CompilerThread0" daemon [_thread_in_native, id=4792, stack(0x0000000015fc0000,0x00000000160c0000)]
  0x000000001495b800 JavaThread "Attach Listener" daemon [_thread_blocked, id=11688, stack(0x0000000015ec0000,0x0000000015fc0000)]
  0x000000001495a000 JavaThread "Signal Dispatcher" daemon [_thread_blocked, id=11928, stack(0x0000000015dc0000,0x0000000015ec0000)]
  0x0000000002280000 JavaThread "Finalizer" daemon [_thread_blocked, id=7412, stack(0x0000000015bd0000,0x0000000015cd0000)]
  0x000000000227d000 JavaThread "Reference Handler" daemon [_thread_blocked, id=12260, stack(0x0000000015ad0000,0x0000000015bd0000)]
  0x0000000002190800 JavaThread "main" [_thread_in_Java, id=11980, stack(0x0000000001ea0000,0x0000000001fa0000)]

Other Threads:
  0x0000000014928000 VMThread [stack: 0x00000000159d0000,0x0000000015ad0000] [id=9068]
  0x00000000162c7000 WatcherThread [stack: 0x00000000167c0000,0x00000000168c0000] [id=12168]

VM state:not at safepoint (normal execution)

VM Mutex/Monitor currently owned by a thread: None

Heap:
 PSYoungGen      total 38400K, used 8084K [0x00000000eab00000, 0x00000000ed580000, 0x0000000100000000)
  eden space 33280K, 9% used [0x00000000eab00000,0x00000000eae3b2c8,0x00000000ecb80000)
  from space 5120K, 93% used [0x00000000ecb80000,0x00000000ed029f38,0x00000000ed080000)
  to   space 5120K, 0% used [0x00000000ed080000,0x00000000ed080000,0x00000000ed580000)
 ParOldGen       total 87552K, used 16K [0x00000000c0000000, 0x00000000c5580000, 0x00000000eab00000)
  object space 87552K, 0% used [0x00000000c0000000,0x00000000c0004000,0x00000000c5580000)
 Metaspace       used 5914K, capacity 6832K, committed 7040K, reserved 1056768K
  class space    used 599K, capacity 616K, committed 640K, reserved 1048576K

Card table byte_map: [0x0000000011650000,0x0000000011860000] byte_map_base: 0x0000000011050000

Marking Bits: (ParMarkBitMap*) 0x00000000726aa5b0
 Begin Bits: [0x0000000011dc0000, 0x0000000012dc0000)
 End Bits:   [0x0000000012dc0000, 0x0000000013dc0000)

Polling page: 0x00000000001f0000

CodeCache: size=245760Kb used=4294Kb max_used=4294Kb free=241465Kb
 bounds [0x0000000002290000, 0x00000000026d0000, 0x0000000011290000]
 total_blobs=1362 nmethods=1093 adapters=182
 compilation: enabled

Compilation events (10 events):
Event: 2.921 Thread 0x0000000014961000 nmethod 1086 0x00000000026b6010 code [0x00000000026b6160, 0x00000000026b62d8]
Event: 2.921 Thread 0x0000000014961000 1091       4       java.util.ArrayList::grow (45 bytes)
Event: 2.921 Thread 0x00000000149b9000 nmethod 1078 0x00000000026b7510 code [0x00000000026b7680, 0x00000000026b78a8]
Event: 2.921 Thread 0x00000000149b9000 1090       3       java.util.HashMap::afterNodeAccess (1 bytes)
Event: 2.921 Thread 0x00000000149b9000 nmethod 1090 0x00000000026b7210 code [0x00000000026b7360, 0x00000000026b74b0]
Event: 2.921 Thread 0x00000000149b9000 1089       3       com.android.dx.rop.code.RegisterSpec::intersect (169 bytes)
Event: 2.921 Thread 0x00000000149b9000 nmethod 1089 0x00000000026b9890 code [0x00000000026b9ae0, 0x00000000026baa88]
Event: 2.921 Thread 0x00000000149b9000 1093       3       com.android.dx.ssa.Dominators::run (506 bytes)
Event: 2.922 Thread 0x0000000014961000 nmethod 1091 0x00000000026b6d50 code [0x00000000026b6ea0, 0x00000000026b70d8]
Event: 2.922 Thread 0x0000000014961000 1092       4       java.util.HashMap::put (13 bytes)

GC Heap History (2 events):
Event: 2.904 GC heap before
{Heap before GC invocations=1 (full 0):
 PSYoungGen      total 38400K, used 33280K [0x00000000eab00000, 0x00000000ed580000, 0x0000000100000000)
  eden space 33280K, 100% used [0x00000000eab00000,0x00000000ecb80000,0x00000000ecb80000)
  from space 5120K, 0% used [0x00000000ed080000,0x00000000ed080000,0x00000000ed580000)
  to   space 5120K, 0% used [0x00000000ecb80000,0x00000000ecb80000,0x00000000ed080000)
 ParOldGen       total 87552K, used 0K [0x00000000c0000000, 0x00000000c5580000, 0x00000000eab00000)
  object space 87552K, 0% used [0x00000000c0000000,0x00000000c0000000,0x00000000c5580000)
 Metaspace       used 5884K, capacity 6832K, committed 7040K, reserved 1056768K
  class space    used 599K, capacity 616K, committed 640K, reserved 1048576K
Event: 2.910 GC heap after
Heap after GC invocations=1 (full 0):
 PSYoungGen      total 38400K, used 4775K [0x00000000eab00000, 0x00000000ed580000, 0x0000000100000000)
  eden space 33280K, 0% used [0x00000000eab00000,0x00000000eab00000,0x00000000ecb80000)
  from space 5120K, 93% used [0x00000000ecb80000,0x00000000ed029f38,0x00000000ed080000)
  to   space 5120K, 0% used [0x00000000ed080000,0x00000000ed080000,0x00000000ed580000)
 ParOldGen       total 87552K, used 16K [0x00000000c0000000, 0x00000000c5580000, 0x00000000eab00000)
  object space 87552K, 0% used [0x00000000c0000000,0x00000000c0004000,0x00000000c5580000)
 Metaspace       used 5884K, capacity 6832K, committed 7040K, reserved 1056768K
  class space    used 599K, capacity 616K, committed 640K, reserved 1048576K
}

Deoptimization events (3 events):
Event: 2.040 Thread 0x0000000002190800 Uncommon trap: reason=unstable_if action=reinterpret pc=0x00000000023e8254 method=java.lang.String.compareTo(Ljava/lang/String;)I @ 38
Event: 2.620 Thread 0x0000000016527000 Uncommon trap: reason=unstable_if action=reinterpret pc=0x00000000024d0378 method=java.util.HashMap.getNode(ILjava/lang/Object;)Ljava/util/HashMap$Node; @ 62
Event: 2.919 Thread 0x0000000016547000 Uncommon trap: reason=unstable_if action=reinterpret pc=0x0000000002521ef0 method=java.util.BitSet.nextSetBit(I)I @ 87

Internal exceptions (2 events):
Event: 1.247 Thread 0x0000000002190800 Exception <a 'java/lang/NoSuchMethodError': Method sun.misc.Unsafe.defineClass(Ljava/lang/String;[BII)Ljava/lang/Class; name or signature does not match> (0x00000000eab0d568) thrown at [C:\re\workspace\8-2-build-windows-amd64-cygwin\jdk8u60\4407\hotspot\srÈªûÄØñó?
Event: 1.247 Thread 0x0000000002190800 Exception <a 'java/lang/NoSuchMethodError': Method sun.misc.Unsafe.prefetchRead(Ljava/lang/Object;J)V name or signature does not match> (0x00000000eab0d850) thrown at [C:\re\workspace\8-2-build-windows-amd64-cygwin\jdk8u60\4407\hotspot\src\share\vm\prims\j

Events (10 events):
Event: 2.850 loading class com/android/dx/cf/code/BytecodeArray$ConstantParserVisitor done
Event: 2.875 loading class com/android/dx/cf/code/SwitchList
Event: 2.875 loading class com/android/dx/cf/code/SwitchList done
Event: 2.901 loading class com/android/dx/dex/file/FieldAnnotationStruct
Event: 2.901 loading class com/android/dx/dex/file/FieldAnnotationStruct done
Event: 2.904 Executing VM operation: ParallelGCFailedAllocation
Event: 2.910 Executing VM operation: ParallelGCFailedAllocation done
Event: 2.919 Thread 0x0000000016547000 Uncommon trap: trap_request=0xffffff65 fr.pc=0x0000000002521ef0
Event: 2.919 Thread 0x0000000016547000 DEOPT PACKING pc=0x0000000002521ef0 sp=0x0000000016bbe820
Event: 2.919 Thread 0x0000000016547000 DEOPT UNPACKING pc=0x00000000022d582a sp=0x0000000016bbe7b8 mode 2


Dynamic libraries:
0x00007ff622e40000 - 0x00007ff622e77000 	C:\Program Files\Java\jdk1.8.0_60\bin\java.exe
0x00007fffbb0e0000 - 0x00007fffbb2a1000 	C:\WINDOWS\SYSTEM32\ntdll.dll
0x00007fffb8820000 - 0x00007fffb88cd000 	C:\WINDOWS\system32\KERNEL32.DLL
0x00007fffb81e0000 - 0x00007fffb83c8000 	C:\WINDOWS\system32\KERNELBASE.dll
0x00007fffb9ad0000 - 0x00007fffb9b77000 	C:\WINDOWS\system32\ADVAPI32.dll
0x00007fffb8d80000 - 0x00007fffb8e1d000 	C:\WINDOWS\system32\msvcrt.dll
0x00007fffb8e30000 - 0x00007fffb8e8b000 	C:\WINDOWS\system32\sechost.dll
0x00007fffb8ed0000 - 0x00007fffb8fec000 	C:\WINDOWS\system32\RPCRT4.dll
0x00007fffb84e0000 - 0x00007fffb8636000 	C:\WINDOWS\system32\USER32.dll
0x00007fffb8a80000 - 0x00007fffb8c06000 	C:\WINDOWS\system32\GDI32.dll
0x00007fffb34a0000 - 0x00007fffb3714000 	C:\WINDOWS\WinSxS\amd64_microsoft.windows.common-controls_6595b64144ccf1df_6.0.10586.0_none_8c15ae12515e1c22\COMCTL32.dll
0x00007fffb9830000 - 0x00007fffb9aad000 	C:\WINDOWS\system32\combase.dll
0x00007fffb8120000 - 0x00007fffb818a000 	C:\WINDOWS\system32\bcryptPrimitives.dll
0x00007fffb8e90000 - 0x00007fffb8ecb000 	C:\WINDOWS\system32\IMM32.DLL
0x000000006fa70000 - 0x000000006fb42000 	C:\Program Files\Java\jdk1.8.0_60\jre\bin\msvcr100.dll
0x0000000071ea0000 - 0x0000000072729000 	C:\Program Files\Java\jdk1.8.0_60\jre\bin\server\jvm.dll
0x00007fffb8e20000 - 0x00007fffb8e28000 	C:\WINDOWS\system32\PSAPI.DLL
0x00007fffb3c00000 - 0x00007fffb3c09000 	C:\WINDOWS\SYSTEM32\WSOCK32.dll
0x00007fffb9140000 - 0x00007fffb91ab000 	C:\WINDOWS\system32\WS2_32.dll
0x00007fffb5cf0000 - 0x00007fffb5d13000 	C:\WINDOWS\SYSTEM32\WINMM.dll
0x00007fffb37e0000 - 0x00007fffb37ea000 	C:\WINDOWS\SYSTEM32\VERSION.dll
0x00007fffb5cc0000 - 0x00007fffb5cec000 	C:\WINDOWS\SYSTEM32\WINMMBASE.dll
0x00007fffb8190000 - 0x00007fffb81d3000 	C:\WINDOWS\system32\cfgmgr32.dll
0x0000000071db0000 - 0x0000000071dbf000 	C:\Program Files\Java\jdk1.8.0_60\jre\bin\verify.dll
0x0000000071d80000 - 0x0000000071da9000 	C:\Program Files\Java\jdk1.8.0_60\jre\bin\java.dll
0x0000000071d60000 - 0x0000000071d76000 	C:\Program Files\Java\jdk1.8.0_60\jre\bin\zip.dll
0x00007fffb9b80000 - 0x00007fffbb0dc000 	C:\WINDOWS\system32\SHELL32.dll
0x00007fffb77b0000 - 0x00007fffb7df4000 	C:\WINDOWS\system32\windows.storage.dll
0x00007fffb8c10000 - 0x00007fffb8c62000 	C:\WINDOWS\system32\shlwapi.dll
0x00007fffb7730000 - 0x00007fffb773f000 	C:\WINDOWS\system32\kernel.appcore.dll
0x00007fffb7e90000 - 0x00007fffb7f45000 	C:\WINDOWS\system32\shcore.dll
0x00007fffb7740000 - 0x00007fffb778b000 	C:\WINDOWS\system32\powrprof.dll
0x00007fffb7710000 - 0x00007fffb7724000 	C:\WINDOWS\system32\profapi.dll

VM Arguments:
jvm_args: -Djava.awt.headless=true -Xmx1024M -Dfile.encoding=windows-1252 -Duser.country=SE -Duser.language=sv -Duser.variant 
java_command: com.android.dx.command.Main --dex --force-jumbo --num-threads=4 --multi-dex --output C:\Kexjobb\Kexjobb\Nuklearmedicin\app\build\intermediates\transforms\dex\debug\folders\1000\10\com.android.support-support-v4-23.3.0_158fc6f47cee555f4264d90be6f844d29f19e21b C:\Kexjobb\Kexjobb\Nuklearmedicin\app\build\intermediates\exploded-aar\com.android.support\support-v4\23.3.0\jars\classes.jar
java_class_path (initial): C:\Users\Mikael\AppData\Local\Android\sdk\build-tools\23.0.3\lib\dx.jar
Launcher Type: SUN_STANDARD

Environment Variables:
PATH=C:\ProgramData\Oracle\Java\javapath;C:\WINDOWS\system32;C:\WINDOWS;C:\WINDOWS\System32\Wbem;C:\WINDOWS\System32\WindowsPowerShell\v1.0\;C:\Program Files\OpenVPN\bin;C:\WINDOWS\system32;C:\WINDOWS;C:\WINDOWS\System32\Wbem;C:\WINDOWS\System32\WindowsPowerShell\v1.0\;C:\Program Files (x86)\NVIDIA Corporation\PhysX\Common;C:\Program Files (x86)\Skype\Phone\;C:\WINDOWS\system32\config\systemprofile\.dnx\bin;C:\Program Files\Microsoft DNX\Dnvm\;C:\Program Files (x86)\Windows Kits\10\Windows Performance Toolkit\;;C:\Program Files\Docker Toolbox
USERNAME=Mikael
OS=Windows_NT
PROCESSOR_IDENTIFIER=Intel64 Family 6 Model 58 Stepping 9, GenuineIntel



---------------  S Y S T E M  ---------------

OS: Windows 10.0 , 64 bit Build 10586 (10.0.10586.0)

CPU:total 4 (4 cores per cpu, 1 threads per core) family 6 model 58 stepping 9, cmov, cx8, fxsr, mmx, sse, sse2, sse3, ssse3, sse4.1, sse4.2, popcnt, avx, aes, clmul, erms, tsc, tscinvbit, tscinv

Memory: 4k page, physical 8338132k(818888k free), swap 12815340k(5124k free)

vm_info: Java HotSpot(TM) 64-Bit Server VM (25.60-b23) for windows-amd64 JRE (1.8.0_60-b27), built on Aug  4 2015 11:06:27 by "java_re" with MS VC++ 10.0 (VS2010)

time: Wed May 18 13:25:26 2016
elapsed time: 2 seconds (0d 0h 0m 2s)

