#
# There is insufficient memory for the Java Runtime Environment to continue.
# Native memory allocation (malloc) failed to allocate 32744 bytes for ChunkPool::allocate
# Possible reasons:
#   The system is out of physical RAM or swap space
#   In 32 bit mode, the process size limit was hit
# Possible solutions:
#   Reduce memory load on the system
#   Increase physical memory or swap space
#   Check if swap backing store is full
#   Use 64 bit Java on a 64 bit OS
#   Decrease Java heap size (-Xmx/-Xms)
#   Decrease number of Java threads
#   Decrease Java thread stack sizes (-Xss)
#   Set larger code cache with -XX:ReservedCodeCacheSize=
# This output file may be truncated or incomplete.
#
#  Out of Memory Error (allocation.cpp:273), pid=11584, tid=9780
#
# JRE version: Java(TM) SE Runtime Environment (8.0_60-b27) (build 1.8.0_60-b27)
# Java VM: Java HotSpot(TM) 64-Bit Server VM (25.60-b23 mixed mode windows-amd64 compressed oops)
# Failed to write core dump. Minidumps are not enabled by default on client versions of Windows
#

---------------  T H R E A D  ---------------

Current thread (0x0000000016248800):  JavaThread "C1 CompilerThread2" daemon [_thread_in_native, id=9780, stack(0x0000000016640000,0x0000000016740000)]

Stack: [0x0000000016640000,0x0000000016740000]
[error occurred during error reporting (printing stack bounds), id 0xc0000005]

Native frames: (J=compiled Java code, j=interpreted, Vv=VM code, C=native code)


Current CompileTask:
C1:    992  311   !   3       com.android.dx.cf.code.BytecodeArray::parseInstruction (2764 bytes)


---------------  P R O C E S S  ---------------

Java Threads: ( => current thread )
  0x000000001649e000 JavaThread "pool-2-thread-4" [_thread_blocked, id=11228, stack(0x0000000016d40000,0x0000000016e40000)]
  0x000000001649d000 JavaThread "pool-2-thread-3" [_thread_blocked, id=6972, stack(0x0000000016c40000,0x0000000016d40000)]
  0x00000000163d2000 JavaThread "pool-2-thread-2" [_thread_in_native, id=11820, stack(0x0000000016b40000,0x0000000016c40000)]
  0x00000000163cf800 JavaThread "pool-3-thread-1" [_thread_blocked, id=12116, stack(0x0000000016a40000,0x0000000016b40000)]
  0x00000000163ca000 JavaThread "pool-2-thread-1" [_thread_blocked, id=4308, stack(0x0000000016940000,0x0000000016a40000)]
  0x0000000014a5e800 JavaThread "Service Thread" daemon [_thread_blocked, id=9920, stack(0x0000000016740000,0x0000000016840000)]
=>0x0000000016248800 JavaThread "C1 CompilerThread2" daemon [_thread_in_native, id=9780, stack(0x0000000016640000,0x0000000016740000)]
  0x0000000014a00800 JavaThread "C2 CompilerThread1" daemon [_thread_in_native, id=3820, stack(0x0000000016140000,0x0000000016240000)]
  0x00000000149fd800 JavaThread "C2 CompilerThread0" daemon [_thread_blocked, id=11724, stack(0x0000000016040000,0x0000000016140000)]
  0x00000000149fb800 JavaThread "Attach Listener" daemon [_thread_blocked, id=2472, stack(0x0000000015f40000,0x0000000016040000)]
  0x00000000149fa000 JavaThread "Signal Dispatcher" daemon [_thread_blocked, id=7528, stack(0x0000000015e40000,0x0000000015f40000)]
  0x0000000002320800 JavaThread "Finalizer" daemon [_thread_blocked, id=4980, stack(0x0000000015c50000,0x0000000015d50000)]
  0x000000000231d000 JavaThread "Reference Handler" daemon [_thread_blocked, id=10892, stack(0x0000000015b50000,0x0000000015c50000)]
  0x0000000002230800 JavaThread "main" [_thread_blocked, id=12124, stack(0x0000000001f90000,0x0000000002090000)]

Other Threads:
  0x00000000149c8000 VMThread [stack: 0x0000000015a50000,0x0000000015b50000] [id=10112]
  0x0000000016269800 WatcherThread [stack: 0x0000000016840000,0x0000000016940000] [id=6160]

VM state:not at safepoint (normal execution)

VM Mutex/Monitor currently owned by a thread: None

Heap:
 PSYoungGen      total 38400K, used 10653K [0x00000000eab00000, 0x00000000ed580000, 0x0000000100000000)
  eden space 33280K, 32% used [0x00000000eab00000,0x00000000eb567770,0x00000000ecb80000)
  from space 5120K, 0% used [0x00000000ed080000,0x00000000ed080000,0x00000000ed580000)
  to   space 5120K, 0% used [0x00000000ecb80000,0x00000000ecb80000,0x00000000ed080000)
 ParOldGen       total 87552K, used 0K [0x00000000c0000000, 0x00000000c5580000, 0x00000000eab00000)
  object space 87552K, 0% used [0x00000000c0000000,0x00000000c0000000,0x00000000c5580000)
 Metaspace       used 4738K, capacity 5872K, committed 6016K, reserved 1056768K
  class space    used 517K, capacity 552K, committed 640K, reserved 1048576K

Card table byte_map: [0x00000000116f0000,0x0000000011900000] byte_map_base: 0x00000000110f0000

Marking Bits: (ParMarkBitMap*) 0x00000000726aa5b0
 Begin Bits: [0x0000000011e60000, 0x0000000012e60000)
 End Bits:   [0x0000000012e60000, 0x0000000013e60000)

Polling page: 0x00000000001f0000

CodeCache: size=245760Kb used=1824Kb max_used=1835Kb free=243935Kb
 bounds [0x0000000002330000, 0x00000000025a0000, 0x0000000011330000]
 total_blobs=577 nmethods=312 adapters=178
 compilation: enabled

Compilation events (10 events):
Event: 0.985 Thread 0x0000000016248800  309       3       com.android.dx.rop.type.Type::getType (2 bytes)
Event: 0.985 Thread 0x0000000016248800 nmethod 309 0x00000000024f7e90 code [0x00000000024f7fe0, 0x00000000024f8130]
Event: 0.985 Thread 0x0000000016248800  310       3       com.android.dx.rop.type.Type::hashCode (8 bytes)
Event: 0.986 Thread 0x0000000016248800 nmethod 310 0x00000000024f81d0 code [0x00000000024f8340, 0x00000000024f8548]
Event: 0.986 Thread 0x0000000016248800  311   !   3       com.android.dx.cf.code.BytecodeArray::parseInstruction (2764 bytes)
Event: 0.987 Thread 0x0000000014a00800  318       4       java.lang.String::replace (127 bytes)
Event: 0.988 Thread 0x00000000149fd800  322   !   4       com.android.dx.util.FixedSizeList::get0 (47 bytes)
Event: 0.988 Thread 0x00000000149fd800 nmethod 322 0x00000000024fb2d0 code [0x00000000024fb400, 0x00000000024fb4b8]
Event: 0.988 Thread 0x00000000149fd800  325       4       java.util.ArrayList::get (11 bytes)
Event: 0.989 Thread 0x00000000149fd800 nmethod 325 0x00000000024fb590 code [0x00000000024fb6c0, 0x00000000024fb778]

GC Heap History (0 events):
No events

Deoptimization events (0 events):
No events

Internal exceptions (2 events):
Event: 0.750 Thread 0x0000000002230800 Exception <a 'java/lang/NoSuchMethodError': Method sun.misc.Unsafe.defineClass(Ljava/lang/String;[BII)Ljava/lang/Class; name or signature does not match> (0x00000000eab0d5a0) thrown at [C:\re\workspace\8-2-build-windows-amd64-cygwin\jdk8u60\4407\hotspot\sr	8`hè?
Event: 0.750 Thread 0x0000000002230800 Exception <a 'java/lang/NoSuchMethodError': Method sun.misc.Unsafe.prefetchRead(Ljava/lang/Object;J)V name or signature does not match> (0x00000000eab0d888) thrown at [C:\re\workspace\8-2-build-windows-amd64-cygwin\jdk8u60\4407\hotspot\src\share\vm\prims\j

Events (10 events):
Event: 0.987 loading class com/android/dx/ssa/NormalSsaInsn
Event: 0.987 loading class com/android/dx/ssa/NormalSsaInsn done
Event: 0.987 loading class com/android/dx/rop/code/BasicBlockList$RegCountVisitor
Event: 0.987 loading class com/android/dx/rop/code/BasicBlockList$RegCountVisitor done
Event: 0.988 loading class com/android/dx/ssa/SsaBasicBlock
Event: 0.988 loading class com/android/dx/ssa/SsaBasicBlock done
Event: 0.990 loading class com/android/dx/ssa/SsaBasicBlock$LabelComparator
Event: 0.990 loading class com/android/dx/ssa/SsaBasicBlock$LabelComparator done
Event: 0.990 loading class java/lang/CloneNotSupportedException
Event: 0.990 loading class java/lang/CloneNotSupportedException done


Dynamic libraries:
0x00007ff622e40000 - 0x00007ff622e77000 	C:\Program Files\Java\jdk1.8.0_60\bin\java.exe
0x00007fffbb0e0000 - 0x00007fffbb2a1000 	C:\WINDOWS\SYSTEM32\ntdll.dll
0x00007fffb8820000 - 0x00007fffb88cd000 	C:\WINDOWS\system32\KERNEL32.DLL
0x00007fffb81e0000 - 0x00007fffb83c8000 	C:\WINDOWS\system32\KERNELBASE.dll
0x00007fffb9ad0000 - 0x00007fffb9b77000 	C:\WINDOWS\system32\ADVAPI32.dll
0x00007fffb8d80000 - 0x00007fffb8e1d000 	C:\WINDOWS\system32\msvcrt.dll
0x00007fffb8e30000 - 0x00007fffb8e8b000 	C:\WINDOWS\system32\sechost.dll
0x00007fffb8ed0000 - 0x00007fffb8fec000 	C:\WINDOWS\system32\RPCRT4.dll
0x00007fffb84e0000 - 0x00007fffb8636000 	C:\WINDOWS\system32\USER32.dll
0x00007fffb8a80000 - 0x00007fffb8c06000 	C:\WINDOWS\system32\GDI32.dll
0x00007fffb34a0000 - 0x00007fffb3714000 	C:\WINDOWS\WinSxS\amd64_microsoft.windows.common-controls_6595b64144ccf1df_6.0.10586.0_none_8c15ae12515e1c22\COMCTL32.dll
0x00007fffb9830000 - 0x00007fffb9aad000 	C:\WINDOWS\system32\combase.dll
0x00007fffb8120000 - 0x00007fffb818a000 	C:\WINDOWS\system32\bcryptPrimitives.dll
0x00007fffb8e90000 - 0x00007fffb8ecb000 	C:\WINDOWS\system32\IMM32.DLL
0x000000006fa70000 - 0x000000006fb42000 	C:\Program Files\Java\jdk1.8.0_60\jre\bin\msvcr100.dll
0x0000000071ea0000 - 0x0000000072729000 	C:\Program Files\Java\jdk1.8.0_60\jre\bin\server\jvm.dll
0x00007fffb8e20000 - 0x00007fffb8e28000 	C:\WINDOWS\system32\PSAPI.DLL
0x00007fffb3c00000 - 0x00007fffb3c09000 	C:\WINDOWS\SYSTEM32\WSOCK32.dll
0x00007fffb9140000 - 0x00007fffb91ab000 	C:\WINDOWS\system32\WS2_32.dll
0x00007fffb5cf0000 - 0x00007fffb5d13000 	C:\WINDOWS\SYSTEM32\WINMM.dll
0x00007fffb37e0000 - 0x00007fffb37ea000 	C:\WINDOWS\SYSTEM32\VERSION.dll
0x00007fffb5cc0000 - 0x00007fffb5cec000 	C:\WINDOWS\SYSTEM32\WINMMBASE.dll
0x00007fffb8190000 - 0x00007fffb81d3000 	C:\WINDOWS\system32\cfgmgr32.dll
0x0000000071db0000 - 0x0000000071dbf000 	C:\Program Files\Java\jdk1.8.0_60\jre\bin\verify.dll
0x0000000071d80000 - 0x0000000071da9000 	C:\Program Files\Java\jdk1.8.0_60\jre\bin\java.dll
0x0000000071d60000 - 0x0000000071d76000 	C:\Program Files\Java\jdk1.8.0_60\jre\bin\zip.dll
0x00007fffb9b80000 - 0x00007fffbb0dc000 	C:\WINDOWS\system32\SHELL32.dll
0x00007fffb77b0000 - 0x00007fffb7df4000 	C:\WINDOWS\system32\windows.storage.dll
0x00007fffb8c10000 - 0x00007fffb8c62000 	C:\WINDOWS\system32\shlwapi.dll
0x00007fffb7730000 - 0x00007fffb773f000 	C:\WINDOWS\system32\kernel.appcore.dll
0x00007fffb7e90000 - 0x00007fffb7f45000 	C:\WINDOWS\system32\shcore.dll
0x00007fffb7740000 - 0x00007fffb778b000 	C:\WINDOWS\system32\powrprof.dll
0x00007fffb7710000 - 0x00007fffb7724000 	C:\WINDOWS\system32\profapi.dll

VM Arguments:
jvm_args: -Djava.awt.headless=true -Xmx1024M -Dfile.encoding=windows-1252 -Duser.country=SE -Duser.language=sv -Duser.variant 
java_command: com.android.dx.command.Main --dex --force-jumbo --num-threads=4 --multi-dex --output C:\Kexjobb\Kexjobb\Nuklearmedicin\app\build\intermediates\transforms\dex\debug\folders\1000\10\com.android.support-support-vector-drawable-23.3.0_4f33fbb4a1ebe48dfbababa7fab66bea48c59a57 C:\Kexjobb\Kexjobb\Nuklearmedicin\app\build\intermediates\exploded-aar\com.android.support\support-vector-drawable\23.3.0\jars\classes.jar
java_class_path (initial): C:\Users\Mikael\AppData\Local\Android\sdk\build-tools\23.0.3\lib\dx.jar
Launcher Type: SUN_STANDARD

Environment Variables:
PATH=C:\ProgramData\Oracle\Java\javapath;C:\WINDOWS\system32;C:\WINDOWS;C:\WINDOWS\System32\Wbem;C:\WINDOWS\System32\WindowsPowerShell\v1.0\;C:\Program Files\OpenVPN\bin;C:\WINDOWS\system32;C:\WINDOWS;C:\WINDOWS\System32\Wbem;C:\WINDOWS\System32\WindowsPowerShell\v1.0\;C:\Program Files (x86)\NVIDIA Corporation\PhysX\Common;C:\Program Files (x86)\Skype\Phone\;C:\WINDOWS\system32\config\systemprofile\.dnx\bin;C:\Program Files\Microsoft DNX\Dnvm\;C:\Program Files (x86)\Windows Kits\10\Windows Performance Toolkit\;;C:\Program Files\Docker Toolbox
USERNAME=Mikael
OS=Windows_NT
PROCESSOR_IDENTIFIER=Intel64 Family 6 Model 58 Stepping 9, GenuineIntel



---------------  S Y S T E M  ---------------

OS: Windows 10.0 , 64 bit Build 10586 (10.0.10586.0)

CPU:total 4 (4 cores per cpu, 1 threads per core) family 6 model 58 stepping 9, cmov, cx8, fxsr, mmx, sse, sse2, sse3, ssse3, sse4.1, sse4.2, popcnt, avx, aes, clmul, erms, tsc, tscinvbit, tscinv

Memory: 4k page, physical 8338132k(1059392k free), swap 12815340k(4140k free)

vm_info: Java HotSpot(TM) 64-Bit Server VM (25.60-b23) for windows-amd64 JRE (1.8.0_60-b27), built on Aug  4 2015 11:06:27 by "java_re" with MS VC++ 10.0 (VS2010)

time: Wed May 18 13:25:39 2016
elapsed time: 0 seconds (0d 0h 0m 0s)

