#
# There is insufficient memory for the Java Runtime Environment to continue.
# Native memory allocation (malloc) failed to allocate 841872 bytes for Chunk::new
# Possible reasons:
#   The system is out of physical RAM or swap space
#   In 32 bit mode, the process size limit was hit
# Possible solutions:
#   Reduce memory load on the system
#   Increase physical memory or swap space
#   Check if swap backing store is full
#   Use 64 bit Java on a 64 bit OS
#   Decrease Java heap size (-Xmx/-Xms)
#   Decrease number of Java threads
#   Decrease Java thread stack sizes (-Xss)
#   Set larger code cache with -XX:ReservedCodeCacheSize=
# This output file may be truncated or incomplete.
#
#  Out of Memory Error (allocation.cpp:390), pid=11296, tid=6352
#
# JRE version: Java(TM) SE Runtime Environment (8.0_60-b27) (build 1.8.0_60-b27)
# Java VM: Java HotSpot(TM) 64-Bit Server VM (25.60-b23 mixed mode windows-amd64 compressed oops)
# Failed to write core dump. Minidumps are not enabled by default on client versions of Windows
#

---------------  T H R E A D  ---------------

Current thread (0x000000001498d800):  JavaThread "C2 CompilerThread0" daemon [_thread_in_native, id=6352, stack(0x0000000015fd0000,0x00000000160d0000)]

Stack: [0x0000000015fd0000,0x00000000160d0000]
[error occurred during error reporting (printing stack bounds), id 0xc0000005]

Native frames: (J=compiled Java code, j=interpreted, Vv=VM code, C=native code)


Current CompileTask:
C2:   4351 1074       4       com.android.dx.ssa.SCCP::simulateStmt (481 bytes)


---------------  P R O C E S S  ---------------

Java Threads: ( => current thread )
  0x000000001652a000 JavaThread "pool-2-thread-4" [_thread_blocked, id=9148, stack(0x0000000016cd0000,0x0000000016dd0000)]
  0x0000000016524800 JavaThread "pool-2-thread-3" [_thread_in_Java, id=9160, stack(0x0000000016bd0000,0x0000000016cd0000)]
  0x0000000016451800 JavaThread "pool-2-thread-2" [_thread_blocked, id=11228, stack(0x0000000016ad0000,0x0000000016bd0000)]
  0x00000000163f7800 JavaThread "pool-3-thread-1" [_thread_blocked, id=10100, stack(0x00000000169d0000,0x0000000016ad0000)]
  0x00000000163f6800 JavaThread "pool-2-thread-1" [_thread_blocked, id=11276, stack(0x00000000168d0000,0x00000000169d0000)]
  0x00000000162d4000 JavaThread "Service Thread" daemon [_thread_blocked, id=11380, stack(0x00000000166d0000,0x00000000167d0000)]
  0x00000000149e9800 JavaThread "C1 CompilerThread2" daemon [_thread_blocked, id=6804, stack(0x00000000161d0000,0x00000000162d0000)]
  0x00000000149de800 JavaThread "C2 CompilerThread1" daemon [_thread_in_native, id=11368, stack(0x00000000160d0000,0x00000000161d0000)]
=>0x000000001498d800 JavaThread "C2 CompilerThread0" daemon [_thread_in_native, id=6352, stack(0x0000000015fd0000,0x00000000160d0000)]
  0x000000001498b800 JavaThread "Attach Listener" daemon [_thread_blocked, id=10616, stack(0x0000000015ed0000,0x0000000015fd0000)]
  0x000000001498a000 JavaThread "Signal Dispatcher" daemon [_thread_blocked, id=7944, stack(0x0000000015dd0000,0x0000000015ed0000)]
  0x00000000022b0800 JavaThread "Finalizer" daemon [_thread_blocked, id=2472, stack(0x0000000015be0000,0x0000000015ce0000)]
  0x00000000022ad000 JavaThread "Reference Handler" daemon [_thread_blocked, id=11272, stack(0x0000000015ae0000,0x0000000015be0000)]
  0x00000000021c0800 JavaThread "main" [_thread_blocked, id=11268, stack(0x0000000000770000,0x0000000000870000)]

Other Threads:
  0x0000000014958000 VMThread [stack: 0x00000000159e0000,0x0000000015ae0000] [id=3380]
  0x00000000162db800 WatcherThread [stack: 0x00000000167d0000,0x00000000168d0000] [id=9700]

VM state:not at safepoint (normal execution)

VM Mutex/Monitor currently owned by a thread: None

Heap:
 PSYoungGen      total 38400K, used 27337K [0x00000000eab00000, 0x00000000ed580000, 0x0000000100000000)
  eden space 33280K, 82% used [0x00000000eab00000,0x00000000ec5b2770,0x00000000ecb80000)
  from space 5120K, 0% used [0x00000000ed080000,0x00000000ed080000,0x00000000ed580000)
  to   space 5120K, 0% used [0x00000000ecb80000,0x00000000ecb80000,0x00000000ed080000)
 ParOldGen       total 87552K, used 0K [0x00000000c0000000, 0x00000000c5580000, 0x00000000eab00000)
  object space 87552K, 0% used [0x00000000c0000000,0x00000000c0000000,0x00000000c5580000)
 Metaspace       used 5962K, capacity 6898K, committed 7040K, reserved 1056768K
  class space    used 603K, capacity 618K, committed 640K, reserved 1048576K

Card table byte_map: [0x0000000011680000,0x0000000011890000] byte_map_base: 0x0000000011080000

Marking Bits: (ParMarkBitMap*) 0x00000000726aa5b0
 Begin Bits: [0x0000000011df0000, 0x0000000012df0000)
 End Bits:   [0x0000000012df0000, 0x0000000013df0000)

Polling page: 0x00000000001f0000

CodeCache: size=245760Kb used=4761Kb max_used=4772Kb free=240999Kb
 bounds [0x00000000022c0000, 0x0000000002770000, 0x00000000112c0000]
 total_blobs=1402 nmethods=1133 adapters=182
 compilation: enabled

Compilation events (10 events):
Event: 4.336 Thread 0x00000000149de800 nmethod 1130 0x000000000275c590 code [0x000000000275c6c0, 0x000000000275c778]
Event: 4.339 Thread 0x00000000149e9800 1131       3       com.android.dx.cf.code.Ropper::addExceptionSetupBlocks (203 bytes)
Event: 4.340 Thread 0x00000000149e9800 nmethod 1131 0x00000000027672d0 code [0x00000000027676c0, 0x0000000002769a88]
Event: 4.340 Thread 0x00000000149e9800 1132       3       com.android.dx.ssa.SsaConverter::edgeSplitSuccessors (98 bytes)
Event: 4.341 Thread 0x00000000149e9800 nmethod 1132 0x0000000002765890 code [0x0000000002765b00, 0x0000000002766928]
Event: 4.342 Thread 0x00000000149e9800 1133       3       com.android.dx.rop.type.StdTypeList::getType (6 bytes)
Event: 4.342 Thread 0x00000000149e9800 nmethod 1133 0x000000000275bf50 code [0x000000000275c0c0, 0x000000000275c488]
Event: 4.343 Thread 0x00000000149de800 1134       4       com.android.dx.rop.type.Type::equals (31 bytes)
Event: 4.344 Thread 0x00000000149de800 nmethod 1134 0x000000000275bbd0 code [0x000000000275bd20, 0x000000000275be98]
Event: 4.345 Thread 0x00000000149de800 1135       4       com.android.dx.rop.code.RopMethod::labelToPredecessors (54 bytes)

GC Heap History (0 events):
No events

Deoptimization events (4 events):
Event: 3.724 Thread 0x00000000021c0800 Uncommon trap: reason=unstable_if action=reinterpret pc=0x00000000024f2398 method=java.util.HashMap.getNode(ILjava/lang/Object;)Ljava/util/HashMap$Node; @ 129
Event: 4.021 Thread 0x0000000016524800 Uncommon trap: reason=unstable_if action=reinterpret pc=0x000000000254cc60 method=java.util.HashMap.getNode(ILjava/lang/Object;)Ljava/util/HashMap$Node; @ 129
Event: 4.046 Thread 0x00000000163f6800 Uncommon trap: reason=unstable_if action=reinterpret pc=0x0000000002665adc method=com.android.dx.rop.cst.Constant.compareTo(Lcom/android/dx/rop/cst/Constant;)I @ 12
Event: 4.343 Thread 0x0000000016524800 Uncommon trap: reason=null_check action=make_not_entrant pc=0x000000000258ac60 method=com.android.dx.rop.type.Type.equals(Ljava/lang/Object;)Z @ 8

Internal exceptions (3 events):
Event: 0.068 Thread 0x00000000021c0800 Exception <a 'java/lang/NoSuchMethodError': Method sun.misc.Unsafe.defineClass(Ljava/lang/String;[BII)Ljava/lang/Class; name or signature does not match> (0x00000000eab0d5a0) thrown at [C:\re\workspace\8-2-build-windows-amd64-cygwin\jdk8u60\4407\hotspot\srG»0%S±?
Event: 0.068 Thread 0x00000000021c0800 Exception <a 'java/lang/NoSuchMethodError': Method sun.misc.Unsafe.prefetchRead(Ljava/lang/Object;J)V name or signature does not match> (0x00000000eab0d888) thrown at [C:\re\workspace\8-2-build-windows-amd64-cygwin\jdk8u60\4407\hotspot\src\share\vm\prims\jR‡“·ú^@
Event: 4.343 Thread 0x0000000016524800 Implicit null exception at 0x000000000258ab62 to 0x000000000258ac52

Events (10 events):
Event: 4.199 loading class java/util/TreeMap$EntrySet done
Event: 4.199 loading class java/util/TreeMap$EntryIterator
Event: 4.199 loading class java/util/TreeMap$EntryIterator done
Event: 4.199 Executing VM operation: Deoptimize
Event: 4.249 Executing VM operation: Deoptimize done
Event: 4.289 Executing VM operation: EnableBiasedLocking
Event: 4.290 Executing VM operation: EnableBiasedLocking done
Event: 4.343 Thread 0x0000000016524800 Uncommon trap: trap_request=0xfffffff4 fr.pc=0x000000000258ac60
Event: 4.343 Thread 0x0000000016524800 DEOPT PACKING pc=0x000000000258ac60 sp=0x0000000016ccea40
Event: 4.343 Thread 0x0000000016524800 DEOPT UNPACKING pc=0x000000000230582a sp=0x0000000016cce9c8 mode 2


Dynamic libraries:
0x00007ff622e40000 - 0x00007ff622e77000 	C:\Program Files\Java\jdk1.8.0_60\bin\java.exe
0x00007fffbb0e0000 - 0x00007fffbb2a1000 	C:\WINDOWS\SYSTEM32\ntdll.dll
0x00007fffb8820000 - 0x00007fffb88cd000 	C:\WINDOWS\system32\KERNEL32.DLL
0x00007fffb81e0000 - 0x00007fffb83c8000 	C:\WINDOWS\system32\KERNELBASE.dll
0x00007fffb9ad0000 - 0x00007fffb9b77000 	C:\WINDOWS\system32\ADVAPI32.dll
0x00007fffb8d80000 - 0x00007fffb8e1d000 	C:\WINDOWS\system32\msvcrt.dll
0x00007fffb8e30000 - 0x00007fffb8e8b000 	C:\WINDOWS\system32\sechost.dll
0x00007fffb8ed0000 - 0x00007fffb8fec000 	C:\WINDOWS\system32\RPCRT4.dll
0x00007fffb84e0000 - 0x00007fffb8636000 	C:\WINDOWS\system32\USER32.dll
0x00007fffb8a80000 - 0x00007fffb8c06000 	C:\WINDOWS\system32\GDI32.dll
0x00007fffb34a0000 - 0x00007fffb3714000 	C:\WINDOWS\WinSxS\amd64_microsoft.windows.common-controls_6595b64144ccf1df_6.0.10586.0_none_8c15ae12515e1c22\COMCTL32.dll
0x00007fffb9830000 - 0x00007fffb9aad000 	C:\WINDOWS\system32\combase.dll
0x00007fffb8120000 - 0x00007fffb818a000 	C:\WINDOWS\system32\bcryptPrimitives.dll
0x00007fffb8e90000 - 0x00007fffb8ecb000 	C:\WINDOWS\system32\IMM32.DLL
0x000000006fa70000 - 0x000000006fb42000 	C:\Program Files\Java\jdk1.8.0_60\jre\bin\msvcr100.dll
0x0000000071ea0000 - 0x0000000072729000 	C:\Program Files\Java\jdk1.8.0_60\jre\bin\server\jvm.dll
0x00007fffb8e20000 - 0x00007fffb8e28000 	C:\WINDOWS\system32\PSAPI.DLL
0x00007fffb3c00000 - 0x00007fffb3c09000 	C:\WINDOWS\SYSTEM32\WSOCK32.dll
0x00007fffb9140000 - 0x00007fffb91ab000 	C:\WINDOWS\system32\WS2_32.dll
0x00007fffb5cf0000 - 0x00007fffb5d13000 	C:\WINDOWS\SYSTEM32\WINMM.dll
0x00007fffb37e0000 - 0x00007fffb37ea000 	C:\WINDOWS\SYSTEM32\VERSION.dll
0x00007fffb5cc0000 - 0x00007fffb5cec000 	C:\WINDOWS\SYSTEM32\WINMMBASE.dll
0x00007fffb8190000 - 0x00007fffb81d3000 	C:\WINDOWS\system32\cfgmgr32.dll
0x0000000071db0000 - 0x0000000071dbf000 	C:\Program Files\Java\jdk1.8.0_60\jre\bin\verify.dll
0x0000000071d80000 - 0x0000000071da9000 	C:\Program Files\Java\jdk1.8.0_60\jre\bin\java.dll
0x0000000071d60000 - 0x0000000071d76000 	C:\Program Files\Java\jdk1.8.0_60\jre\bin\zip.dll
0x00007fffb9b80000 - 0x00007fffbb0dc000 	C:\WINDOWS\system32\SHELL32.dll
0x00007fffb77b0000 - 0x00007fffb7df4000 	C:\WINDOWS\system32\windows.storage.dll
0x00007fffb8c10000 - 0x00007fffb8c62000 	C:\WINDOWS\system32\shlwapi.dll
0x00007fffb7730000 - 0x00007fffb773f000 	C:\WINDOWS\system32\kernel.appcore.dll
0x00007fffb7e90000 - 0x00007fffb7f45000 	C:\WINDOWS\system32\shcore.dll
0x00007fffb7740000 - 0x00007fffb778b000 	C:\WINDOWS\system32\powrprof.dll
0x00007fffb7710000 - 0x00007fffb7724000 	C:\WINDOWS\system32\profapi.dll

VM Arguments:
jvm_args: -Djava.awt.headless=true -Xmx1024M -Dfile.encoding=windows-1252 -Duser.country=SE -Duser.language=sv -Duser.variant 
java_command: com.android.dx.command.Main --dex --force-jumbo --num-threads=4 --multi-dex --output C:\Kexjobb\Kexjobb\Nuklearmedicin\app\build\intermediates\transforms\dex\debug\folders\1000\10\com.android.support-support-vector-drawable-23.3.0_4f33fbb4a1ebe48dfbababa7fab66bea48c59a57 C:\Kexjobb\Kexjobb\Nuklearmedicin\app\build\intermediates\exploded-aar\com.android.support\support-vector-drawable\23.3.0\jars\classes.jar
java_class_path (initial): C:\Users\Mikael\AppData\Local\Android\sdk\build-tools\23.0.3\lib\dx.jar
Launcher Type: SUN_STANDARD

Environment Variables:
PATH=C:\ProgramData\Oracle\Java\javapath;C:\WINDOWS\system32;C:\WINDOWS;C:\WINDOWS\System32\Wbem;C:\WINDOWS\System32\WindowsPowerShell\v1.0\;C:\Program Files\OpenVPN\bin;C:\WINDOWS\system32;C:\WINDOWS;C:\WINDOWS\System32\Wbem;C:\WINDOWS\System32\WindowsPowerShell\v1.0\;C:\Program Files (x86)\NVIDIA Corporation\PhysX\Common;C:\Program Files (x86)\Skype\Phone\;C:\WINDOWS\system32\config\systemprofile\.dnx\bin;C:\Program Files\Microsoft DNX\Dnvm\;C:\Program Files (x86)\Windows Kits\10\Windows Performance Toolkit\;;C:\Program Files\Docker Toolbox
USERNAME=Mikael
OS=Windows_NT
PROCESSOR_IDENTIFIER=Intel64 Family 6 Model 58 Stepping 9, GenuineIntel



---------------  S Y S T E M  ---------------

OS: Windows 10.0 , 64 bit Build 10586 (10.0.10586.0)

CPU:total 4 (4 cores per cpu, 1 threads per core) family 6 model 58 stepping 9, cmov, cx8, fxsr, mmx, sse, sse2, sse3, ssse3, sse4.1, sse4.2, popcnt, avx, aes, clmul, erms, tsc, tscinvbit, tscinv

Memory: 4k page, physical 8338132k(714060k free), swap 12776920k(5940k free)

vm_info: Java HotSpot(TM) 64-Bit Server VM (25.60-b23) for windows-amd64 JRE (1.8.0_60-b27), built on Aug  4 2015 11:06:27 by "java_re" with MS VC++ 10.0 (VS2010)

time: Wed May 18 13:06:47 2016
elapsed time: 4 seconds (0d 0h 0m 4s)

