#
# There is insufficient memory for the Java Runtime Environment to continue.
# Native memory allocation (malloc) failed to allocate 2378416 bytes for Chunk::new
# Possible reasons:
#   The system is out of physical RAM or swap space
#   In 32 bit mode, the process size limit was hit
# Possible solutions:
#   Reduce memory load on the system
#   Increase physical memory or swap space
#   Check if swap backing store is full
#   Use 64 bit Java on a 64 bit OS
#   Decrease Java heap size (-Xmx/-Xms)
#   Decrease number of Java threads
#   Decrease Java thread stack sizes (-Xss)
#   Set larger code cache with -XX:ReservedCodeCacheSize=
# This output file may be truncated or incomplete.
#
#  Out of Memory Error (allocation.cpp:390), pid=3224, tid=11320
#
# JRE version: Java(TM) SE Runtime Environment (8.0_60-b27) (build 1.8.0_60-b27)
# Java VM: Java HotSpot(TM) 64-Bit Server VM (25.60-b23 mixed mode windows-amd64 compressed oops)
# Failed to write core dump. Minidumps are not enabled by default on client versions of Windows
#

---------------  T H R E A D  ---------------

Current thread (0x000000001499d800):  JavaThread "C2 CompilerThread0" daemon [_thread_in_native, id=11320, stack(0x0000000015ff0000,0x00000000160f0000)]

Stack: [0x0000000015ff0000,0x00000000160f0000]
[error occurred during error reporting (printing stack bounds), id 0xc0000005]

Native frames: (J=compiled Java code, j=interpreted, Vv=VM code, C=native code)


Current CompileTask:
C2:   3420 1955   !   4       com.android.dx.cf.cst.ConstantPoolParser::parse0 (731 bytes)


---------------  P R O C E S S  ---------------

Java Threads: ( => current thread )
  0x00000000165ec000 JavaThread "pool-2-thread-4" [_thread_in_Java, id=9780, stack(0x00000000174f0000,0x00000000175f0000)]
  0x00000000165eb000 JavaThread "pool-2-thread-3" [_thread_in_Java, id=3936, stack(0x00000000173f0000,0x00000000174f0000)]
  0x00000000165ea800 JavaThread "pool-2-thread-2" [_thread_in_Java, id=11680, stack(0x00000000172f0000,0x00000000173f0000)]
  0x000000001645c800 JavaThread "pool-3-thread-1" [_thread_blocked, id=11956, stack(0x00000000171f0000,0x00000000172f0000)]
  0x000000001645c000 JavaThread "pool-2-thread-1" [_thread_in_Java, id=11624, stack(0x00000000170f0000,0x00000000171f0000)]
  0x00000000161fb000 JavaThread "Service Thread" daemon [_thread_blocked, id=10896, stack(0x00000000166f0000,0x00000000167f0000)]
  0x00000000161f8800 JavaThread "C1 CompilerThread2" daemon [_thread_blocked, id=11668, stack(0x00000000165f0000,0x00000000166f0000)]
  0x00000000149a0800 JavaThread "C2 CompilerThread1" daemon [_thread_in_native, id=11488, stack(0x00000000160f0000,0x00000000161f0000)]
=>0x000000001499d800 JavaThread "C2 CompilerThread0" daemon [_thread_in_native, id=11320, stack(0x0000000015ff0000,0x00000000160f0000)]
  0x000000001499b800 JavaThread "Attach Listener" daemon [_thread_blocked, id=11576, stack(0x0000000015ef0000,0x0000000015ff0000)]
  0x000000001499a000 JavaThread "Signal Dispatcher" daemon [_thread_blocked, id=12000, stack(0x0000000015df0000,0x0000000015ef0000)]
  0x00000000022c0000 JavaThread "Finalizer" daemon [_thread_blocked, id=5260, stack(0x0000000015c00000,0x0000000015d00000)]
  0x00000000022bd000 JavaThread "Reference Handler" daemon [_thread_blocked, id=336, stack(0x0000000015b00000,0x0000000015c00000)]
  0x00000000021d0800 JavaThread "main" [_thread_in_Java, id=11712, stack(0x0000000001ff0000,0x00000000020f0000)]

Other Threads:
  0x0000000014968000 VMThread [stack: 0x0000000015a00000,0x0000000015b00000] [id=12228]
  0x00000000161ff800 WatcherThread [stack: 0x00000000167f0000,0x00000000168f0000] [id=5980]

VM state:not at safepoint (normal execution)

VM Mutex/Monitor currently owned by a thread: None

Heap:
 PSYoungGen      total 71680K, used 46962K [0x00000000eab00000, 0x00000000ef600000, 0x0000000100000000)
  eden space 66560K, 62% used [0x00000000eab00000,0x00000000ed3e0df8,0x00000000eec00000)
  from space 5120K, 99% used [0x00000000ef100000,0x00000000ef5fbdf0,0x00000000ef600000)
  to   space 5120K, 0% used [0x00000000eec00000,0x00000000eec00000,0x00000000ef100000)
 ParOldGen       total 87552K, used 23118K [0x00000000c0000000, 0x00000000c5580000, 0x00000000eab00000)
  object space 87552K, 26% used [0x00000000c0000000,0x00000000c1693b28,0x00000000c5580000)
 Metaspace       used 6377K, capacity 7216K, committed 7296K, reserved 1056768K
  class space    used 603K, capacity 616K, committed 640K, reserved 1048576K

Card table byte_map: [0x0000000011690000,0x00000000118a0000] byte_map_base: 0x0000000011090000

Marking Bits: (ParMarkBitMap*) 0x00000000726aa5b0
 Begin Bits: [0x0000000011e00000, 0x0000000012e00000)
 End Bits:   [0x0000000012e00000, 0x0000000013e00000)

Polling page: 0x00000000001f0000

CodeCache: size=245760Kb used=8432Kb max_used=8432Kb free=237327Kb
 bounds [0x00000000022d0000, 0x0000000002b20000, 0x00000000112d0000]
 total_blobs=2221 nmethods=1951 adapters=182
 compilation: enabled

Compilation events (10 events):
Event: 3.185 Thread 0x00000000161f8800 1983       1       com.android.dx.cf.direct.DirectClassFile$DcfTypeList::isMutable (2 bytes)
Event: 3.185 Thread 0x00000000161f8800 nmethod 1983 0x0000000002ae6050 code [0x0000000002ae61a0, 0x0000000002ae62b0]
Event: 3.195 Thread 0x00000000161f8800 1985       2       com.android.dx.rop.cst.CstLiteral32::getLongBits (6 bytes)
Event: 3.196 Thread 0x00000000161f8800 nmethod 1985 0x0000000002ae5c50 code [0x0000000002ae5da0, 0x0000000002ae5ef0]
Event: 3.200 Thread 0x00000000161f8800 1986       2       com.android.dx.cf.attrib.AttSignature::<init> (26 bytes)
Event: 3.201 Thread 0x00000000161f8800 nmethod 1986 0x0000000002b0d0d0 code [0x0000000002b0d240, 0x0000000002b0d488]
Event: 3.205 Thread 0x00000000161f8800 1987       2       com.android.dx.rop.annotation.Annotations::combine (24 bytes)
Event: 3.206 Thread 0x00000000161f8800 nmethod 1987 0x0000000002b0d550 code [0x0000000002b0d6c0, 0x0000000002b0d918]
Event: 3.206 Thread 0x00000000161f8800 1988       3       com.android.dx.dex.cf.CfTranslator::translate0 (259 bytes)
Event: 3.208 Thread 0x00000000161f8800 nmethod 1988 0x0000000002b0da50 code [0x0000000002b0dee0, 0x0000000002b10db8]

GC Heap History (8 events):
Event: 0.767 GC heap before
{Heap before GC invocations=1 (full 0):
 PSYoungGen      total 38400K, used 33280K [0x00000000eab00000, 0x00000000ed580000, 0x0000000100000000)
  eden space 33280K, 100% used [0x00000000eab00000,0x00000000ecb80000,0x00000000ecb80000)
  from space 5120K, 0% used [0x00000000ed080000,0x00000000ed080000,0x00000000ed580000)
  to   space 5120K, 0% used [0x00000000ecb80000,0x00000000ecb80000,0x00000000ed080000)
 ParOldGen       total 87552K, used 0K [0x00000000c0000000, 0x00000000c5580000, 0x00000000eab00000)
  object space 87552K, 0% used [0x00000000c0000000,0x00000000c0000000,0x00000000c5580000)
 Metaspace       used 5843K, capacity 6768K, committed 7040K, reserved 1056768K
  class space    used 600K, capacity 616K, committed 640K, reserved 1048576K
Event: 0.814 GC heap after
Heap after GC invocations=1 (full 0):
 PSYoungGen      total 38400K, used 5105K [0x00000000eab00000, 0x00000000ef600000, 0x0000000100000000)
  eden space 33280K, 0% used [0x00000000eab00000,0x00000000eab00000,0x00000000ecb80000)
  from space 5120K, 99% used [0x00000000ecb80000,0x00000000ed07c680,0x00000000ed080000)
  to   space 5120K, 0% used [0x00000000ef100000,0x00000000ef100000,0x00000000ef600000)
 ParOldGen       total 87552K, used 78K [0x00000000c0000000, 0x00000000c5580000, 0x00000000eab00000)
  object space 87552K, 0% used [0x00000000c0000000,0x00000000c00138b0,0x00000000c5580000)
 Metaspace       used 5843K, capacity 6768K, committed 7040K, reserved 1056768K
  class space    used 600K, capacity 616K, committed 640K, reserved 1048576K
}
Event: 1.392 GC heap before
{Heap before GC invocations=2 (full 0):
 PSYoungGen      total 38400K, used 38385K [0x00000000eab00000, 0x00000000ef600000, 0x0000000100000000)
  eden space 33280K, 100% used [0x00000000eab00000,0x00000000ecb80000,0x00000000ecb80000)
  from space 5120K, 99% used [0x00000000ecb80000,0x00000000ed07c680,0x00000000ed080000)
  to   space 5120K, 0% used [0x00000000ef100000,0x00000000ef100000,0x00000000ef600000)
 ParOldGen       total 87552K, used 78K [0x00000000c0000000, 0x00000000c5580000, 0x00000000eab00000)
  object space 87552K, 0% used [0x00000000c0000000,0x00000000c00138b0,0x00000000c5580000)
 Metaspace       used 6162K, capacity 7088K, committed 7296K, reserved 1056768K
  class space    used 602K, capacity 616K, committed 640K, reserved 1048576K
Event: 1.400 GC heap after
Heap after GC invocations=2 (full 0):
 PSYoungGen      total 71680K, used 5119K [0x00000000eab00000, 0x00000000ef600000, 0x0000000100000000)
  eden space 66560K, 0% used [0x00000000eab00000,0x00000000eab00000,0x00000000eec00000)
  from space 5120K, 99% used [0x00000000ef100000,0x00000000ef5fff80,0x00000000ef600000)
  to   space 5120K, 0% used [0x00000000eec00000,0x00000000eec00000,0x00000000ef100000)
 ParOldGen       total 87552K, used 3470K [0x00000000c0000000, 0x00000000c5580000, 0x00000000eab00000)
  object space 87552K, 3% used [0x00000000c0000000,0x00000000c0363b70,0x00000000c5580000)
 Metaspace       used 6162K, capacity 7088K, committed 7296K, reserved 1056768K
  class space    used 602K, capacity 616K, committed 640K, reserved 1048576K
}
Event: 1.988 GC heap before
{Heap before GC invocations=3 (full 0):
 PSYoungGen      total 71680K, used 71679K [0x00000000eab00000, 0x00000000ef600000, 0x0000000100000000)
  eden space 66560K, 100% used [0x00000000eab00000,0x00000000eec00000,0x00000000eec00000)
  from space 5120K, 99% used [0x00000000ef100000,0x00000000ef5fff80,0x00000000ef600000)
  to   space 5120K, 0% used [0x00000000eec00000,0x00000000eec00000,0x00000000ef100000)
 ParOldGen       total 87552K, used 3470K [0x00000000c0000000, 0x00000000c5580000, 0x00000000eab00000)
  object space 87552K, 3% used [0x00000000c0000000,0x00000000c0363b70,0x00000000c5580000)
 Metaspace       used 6263K, capacity 7152K, committed 7296K, reserved 1056768K
  class space    used 603K, capacity 616K, committed 640K, reserved 1048576K
Event: 2.034 GC heap after
Heap after GC invocations=3 (full 0):
 PSYoungGen      total 71680K, used 5089K [0x00000000eab00000, 0x00000000ef600000, 0x0000000100000000)
  eden space 66560K, 0% used [0x00000000eab00000,0x00000000eab00000,0x00000000eec00000)
  from space 5120K, 99% used [0x00000000eec00000,0x00000000ef0f86f0,0x00000000ef100000)
  to   space 5120K, 0% used [0x00000000ef100000,0x00000000ef100000,0x00000000ef600000)
 ParOldGen       total 87552K, used 12791K [0x00000000c0000000, 0x00000000c5580000, 0x00000000eab00000)
  object space 87552K, 14% used [0x00000000c0000000,0x00000000c0c7de90,0x00000000c5580000)
 Metaspace       used 6263K, capacity 7152K, committed 7296K, reserved 1056768K
  class space    used 603K, capacity 616K, committed 640K, reserved 1048576K
}
Event: 2.861 GC heap before
{Heap before GC invocations=4 (full 0):
 PSYoungGen      total 71680K, used 71649K [0x00000000eab00000, 0x00000000ef600000, 0x0000000100000000)
  eden space 66560K, 100% used [0x00000000eab00000,0x00000000eec00000,0x00000000eec00000)
  from space 5120K, 99% used [0x00000000eec00000,0x00000000ef0f86f0,0x00000000ef100000)
  to   space 5120K, 0% used [0x00000000ef100000,0x00000000ef100000,0x00000000ef600000)
 ParOldGen       total 87552K, used 12791K [0x00000000c0000000, 0x00000000c5580000, 0x00000000eab00000)
  object space 87552K, 14% used [0x00000000c0000000,0x00000000c0c7de90,0x00000000c5580000)
 Metaspace       used 6325K, capacity 7152K, committed 7296K, reserved 1056768K
  class space    used 603K, capacity 616K, committed 640K, reserved 1048576K
Event: 3.084 GC heap after
Heap after GC invocations=4 (full 0):
 PSYoungGen      total 71680K, used 5103K [0x00000000eab00000, 0x00000000ef600000, 0x0000000100000000)
  eden space 66560K, 0% used [0x00000000eab00000,0x00000000eab00000,0x00000000eec00000)
  from space 5120K, 99% used [0x00000000ef100000,0x00000000ef5fbdf0,0x00000000ef600000)
  to   space 5120K, 0% used [0x00000000eec00000,0x00000000eec00000,0x00000000ef100000)
 ParOldGen       total 87552K, used 23118K [0x00000000c0000000, 0x00000000c5580000, 0x00000000eab00000)
  object space 87552K, 26% used [0x00000000c0000000,0x00000000c1693b28,0x00000000c5580000)
 Metaspace       used 6325K, capacity 7152K, committed 7296K, reserved 1056768K
  class space    used 603K, capacity 616K, committed 640K, reserved 1048576K
}

Deoptimization events (10 events):
Event: 2.075 Thread 0x00000000165ec000 Uncommon trap: reason=bimorphic action=maybe_recompile pc=0x000000000292952c method=com.android.dx.cf.code.BytecodeArray.parseInstruction(ILcom/android/dx/cf/code/BytecodeArray$Visitor;)I @ 1501
Event: 2.076 Thread 0x00000000165ec000 Uncommon trap: reason=bimorphic action=maybe_recompile pc=0x000000000292952c method=com.android.dx.cf.code.BytecodeArray.parseInstruction(ILcom/android/dx/cf/code/BytecodeArray$Visitor;)I @ 1501
Event: 2.290 Thread 0x00000000021d0800 Uncommon trap: reason=unstable_if action=reinterpret pc=0x000000000299fe98 method=com.android.dx.ssa.SCCP.simulateStmt(Lcom/android/dx/ssa/SsaInsn;)V @ 53
Event: 2.390 Thread 0x00000000021d0800 Uncommon trap: reason=class_check action=maybe_recompile pc=0x0000000002856600 method=java.util.HashMap.putVal(ILjava/lang/Object;Ljava/lang/Object;ZZ)Ljava/lang/Object; @ 203
Event: 2.528 Thread 0x00000000021d0800 Uncommon trap: reason=bimorphic action=maybe_recompile pc=0x0000000002a87a38 method=com.android.dx.cf.code.RopperMachine.run(Lcom/android/dx/cf/code/Frame;II)V @ 988
Event: 2.528 Thread 0x00000000021d0800 Uncommon trap: reason=bimorphic action=maybe_recompile pc=0x0000000002a87a38 method=com.android.dx.cf.code.RopperMachine.run(Lcom/android/dx/cf/code/Frame;II)V @ 988
Event: 2.529 Thread 0x00000000021d0800 Uncommon trap: reason=bimorphic action=maybe_recompile pc=0x0000000002a87a38 method=com.android.dx.cf.code.RopperMachine.run(Lcom/android/dx/cf/code/Frame;II)V @ 988
Event: 2.533 Thread 0x00000000021d0800 Uncommon trap: reason=uninitialized action=reinterpret pc=0x0000000002a475b8 method=com.android.dx.cf.code.BytecodeArray.parseInstruction(ILcom/android/dx/cf/code/BytecodeArray$Visitor;)I @ 1079
Event: 2.534 Thread 0x00000000021d0800 Uncommon trap: reason=bimorphic action=maybe_recompile pc=0x0000000002a87a38 method=com.android.dx.cf.code.RopperMachine.run(Lcom/android/dx/cf/code/Frame;II)V @ 988
Event: 3.180 Thread 0x00000000165eb000 Uncommon trap: reason=unstable_if action=reinterpret pc=0x000000000293fc28 method=com.android.dx.rop.code.LocalItem.compareHandlesNulls(Lcom/android/dx/rop/cst/CstString;Lcom/android/dx/rop/cst/CstString;)I @ 14

Internal exceptions (3 events):
Event: 0.150 Thread 0x00000000021d0800 Exception <a 'java/lang/NoSuchMethodError': Method sun.misc.Unsafe.defineClass(Ljava/lang/String;[BII)Ljava/lang/Class; name or signature does not match> (0x00000000eab0d568) thrown at [C:\re\workspace\8-2-build-windows-amd64-cygwin\jdk8u60\4407\hotspot\sr/¡kbßBÃ?
Event: 0.150 Thread 0x00000000021d0800 Exception <a 'java/lang/NoSuchMethodError': Method sun.misc.Unsafe.prefetchRead(Ljava/lang/Object;J)V name or signature does not match> (0x00000000eab0d850) thrown at [C:\re\workspace\8-2-build-windows-amd64-cygwin\jdk8u60\4407\hotspot\src\share\vm\prims\jèÅ5Âp	@
Event: 3.180 Thread 0x00000000165eb000 Implicit null exception at 0x000000000293e6ed to 0x000000000293fbf9

Events (10 events):
Event: 3.084 Executing VM operation: ParallelGCFailedAllocation done
Event: 3.167 Thread 0x00000000021d0800 DEOPT PACKING pc=0x000000000296cd52 sp=0x00000000020eea80
Event: 3.167 Thread 0x00000000021d0800 DEOPT UNPACKING pc=0x000000000231787f sp=0x00000000020ee898 mode 0
Event: 3.180 Thread 0x00000000165eb000 Uncommon trap: trap_request=0xffffff65 fr.pc=0x000000000293fc28
Event: 3.180 Thread 0x00000000165eb000 DEOPT PACKING pc=0x000000000293fc28 sp=0x00000000174ee8c0
Event: 3.180 Thread 0x00000000165eb000 DEOPT UNPACKING pc=0x000000000231582a sp=0x00000000174ee6a8 mode 2
Event: 3.197 Thread 0x00000000165ea800 DEOPT PACKING pc=0x000000000271b7ee sp=0x00000000173ee9d0
Event: 3.197 Thread 0x00000000165ea800 DEOPT UNPACKING pc=0x000000000231787f sp=0x00000000173ee810 mode 0
Event: 3.206 Thread 0x00000000165ea800 DEOPT PACKING pc=0x00000000029992bf sp=0x00000000173ef1f0
Event: 3.206 Thread 0x00000000165ea800 DEOPT UNPACKING pc=0x000000000231787f sp=0x00000000173eefc0 mode 0


Dynamic libraries:
0x00007ff622e40000 - 0x00007ff622e77000 	C:\Program Files\Java\jdk1.8.0_60\bin\java.exe
0x00007fffbb0e0000 - 0x00007fffbb2a1000 	C:\WINDOWS\SYSTEM32\ntdll.dll
0x00007fffb8820000 - 0x00007fffb88cd000 	C:\WINDOWS\system32\KERNEL32.DLL
0x00007fffb81e0000 - 0x00007fffb83c8000 	C:\WINDOWS\system32\KERNELBASE.dll
0x00007fffb9ad0000 - 0x00007fffb9b77000 	C:\WINDOWS\system32\ADVAPI32.dll
0x00007fffb8d80000 - 0x00007fffb8e1d000 	C:\WINDOWS\system32\msvcrt.dll
0x00007fffb8e30000 - 0x00007fffb8e8b000 	C:\WINDOWS\system32\sechost.dll
0x00007fffb8ed0000 - 0x00007fffb8fec000 	C:\WINDOWS\system32\RPCRT4.dll
0x00007fffb84e0000 - 0x00007fffb8636000 	C:\WINDOWS\system32\USER32.dll
0x00007fffb8a80000 - 0x00007fffb8c06000 	C:\WINDOWS\system32\GDI32.dll
0x00007fffb34a0000 - 0x00007fffb3714000 	C:\WINDOWS\WinSxS\amd64_microsoft.windows.common-controls_6595b64144ccf1df_6.0.10586.0_none_8c15ae12515e1c22\COMCTL32.dll
0x00007fffb9830000 - 0x00007fffb9aad000 	C:\WINDOWS\system32\combase.dll
0x00007fffb8120000 - 0x00007fffb818a000 	C:\WINDOWS\system32\bcryptPrimitives.dll
0x00007fffb8e90000 - 0x00007fffb8ecb000 	C:\WINDOWS\system32\IMM32.DLL
0x000000006fa70000 - 0x000000006fb42000 	C:\Program Files\Java\jdk1.8.0_60\jre\bin\msvcr100.dll
0x0000000071ea0000 - 0x0000000072729000 	C:\Program Files\Java\jdk1.8.0_60\jre\bin\server\jvm.dll
0x00007fffb8e20000 - 0x00007fffb8e28000 	C:\WINDOWS\system32\PSAPI.DLL
0x00007fffb3c00000 - 0x00007fffb3c09000 	C:\WINDOWS\SYSTEM32\WSOCK32.dll
0x00007fffb9140000 - 0x00007fffb91ab000 	C:\WINDOWS\system32\WS2_32.dll
0x00007fffb5cf0000 - 0x00007fffb5d13000 	C:\WINDOWS\SYSTEM32\WINMM.dll
0x00007fffb37e0000 - 0x00007fffb37ea000 	C:\WINDOWS\SYSTEM32\VERSION.dll
0x00007fffb5cc0000 - 0x00007fffb5cec000 	C:\WINDOWS\SYSTEM32\WINMMBASE.dll
0x00007fffb8190000 - 0x00007fffb81d3000 	C:\WINDOWS\system32\cfgmgr32.dll
0x0000000071db0000 - 0x0000000071dbf000 	C:\Program Files\Java\jdk1.8.0_60\jre\bin\verify.dll
0x0000000071d80000 - 0x0000000071da9000 	C:\Program Files\Java\jdk1.8.0_60\jre\bin\java.dll
0x0000000071d60000 - 0x0000000071d76000 	C:\Program Files\Java\jdk1.8.0_60\jre\bin\zip.dll
0x00007fffb9b80000 - 0x00007fffbb0dc000 	C:\WINDOWS\system32\SHELL32.dll
0x00007fffb77b0000 - 0x00007fffb7df4000 	C:\WINDOWS\system32\windows.storage.dll
0x00007fffb8c10000 - 0x00007fffb8c62000 	C:\WINDOWS\system32\shlwapi.dll
0x00007fffb7730000 - 0x00007fffb773f000 	C:\WINDOWS\system32\kernel.appcore.dll
0x00007fffb7e90000 - 0x00007fffb7f45000 	C:\WINDOWS\system32\shcore.dll
0x00007fffb7740000 - 0x00007fffb778b000 	C:\WINDOWS\system32\powrprof.dll
0x00007fffb7710000 - 0x00007fffb7724000 	C:\WINDOWS\system32\profapi.dll

VM Arguments:
jvm_args: -Djava.awt.headless=true -Xmx1024M -Dfile.encoding=windows-1252 -Duser.country=SE -Duser.language=sv -Duser.variant 
java_command: com.android.dx.command.Main --dex --force-jumbo --num-threads=4 --multi-dex --output C:\Kexjobb\Kexjobb\Nuklearmedicin\app\build\intermediates\transforms\dex\debug\folders\1000\10\com.android.support-support-v4-23.3.0_158fc6f47cee555f4264d90be6f844d29f19e21b C:\Kexjobb\Kexjobb\Nuklearmedicin\app\build\intermediates\exploded-aar\com.android.support\support-v4\23.3.0\jars\classes.jar
java_class_path (initial): C:\Users\Mikael\AppData\Local\Android\sdk\build-tools\23.0.3\lib\dx.jar
Launcher Type: SUN_STANDARD

Environment Variables:
PATH=C:\ProgramData\Oracle\Java\javapath;C:\WINDOWS\system32;C:\WINDOWS;C:\WINDOWS\System32\Wbem;C:\WINDOWS\System32\WindowsPowerShell\v1.0\;C:\Program Files\OpenVPN\bin;C:\WINDOWS\system32;C:\WINDOWS;C:\WINDOWS\System32\Wbem;C:\WINDOWS\System32\WindowsPowerShell\v1.0\;C:\Program Files (x86)\NVIDIA Corporation\PhysX\Common;C:\Program Files (x86)\Skype\Phone\;C:\WINDOWS\system32\config\systemprofile\.dnx\bin;C:\Program Files\Microsoft DNX\Dnvm\;C:\Program Files (x86)\Windows Kits\10\Windows Performance Toolkit\;;C:\Program Files\Docker Toolbox
USERNAME=Mikael
OS=Windows_NT
PROCESSOR_IDENTIFIER=Intel64 Family 6 Model 58 Stepping 9, GenuineIntel



---------------  S Y S T E M  ---------------

OS: Windows 10.0 , 64 bit Build 10586 (10.0.10586.0)

CPU:total 4 (4 cores per cpu, 1 threads per core) family 6 model 58 stepping 9, cmov, cx8, fxsr, mmx, sse, sse2, sse3, ssse3, sse4.1, sse4.2, popcnt, avx, aes, clmul, erms, tsc, tscinvbit, tscinv

Memory: 4k page, physical 8338132k(1019080k free), swap 12786496k(7180k free)

vm_info: Java HotSpot(TM) 64-Bit Server VM (25.60-b23) for windows-amd64 JRE (1.8.0_60-b27), built on Aug  4 2015 11:06:27 by "java_re" with MS VC++ 10.0 (VS2010)

time: Wed May 18 13:10:47 2016
elapsed time: 3 seconds (0d 0h 0m 3s)

