#
# There is insufficient memory for the Java Runtime Environment to continue.
# Native memory allocation (malloc) failed to allocate 360336 bytes for Chunk::new
# Possible reasons:
#   The system is out of physical RAM or swap space
#   In 32 bit mode, the process size limit was hit
# Possible solutions:
#   Reduce memory load on the system
#   Increase physical memory or swap space
#   Check if swap backing store is full
#   Use 64 bit Java on a 64 bit OS
#   Decrease Java heap size (-Xmx/-Xms)
#   Decrease number of Java threads
#   Decrease Java thread stack sizes (-Xss)
#   Set larger code cache with -XX:ReservedCodeCacheSize=
# This output file may be truncated or incomplete.
#
#  Out of Memory Error (allocation.cpp:390), pid=10112, tid=11396
#
# JRE version: Java(TM) SE Runtime Environment (8.0_60-b27) (build 1.8.0_60-b27)
# Java VM: Java HotSpot(TM) 64-Bit Server VM (25.60-b23 mixed mode windows-amd64 compressed oops)
# Failed to write core dump. Minidumps are not enabled by default on client versions of Windows
#

---------------  T H R E A D  ---------------

Current thread (0x00000000149ac800):  JavaThread "C2 CompilerThread0" daemon [_thread_in_native, id=11396, stack(0x0000000016010000,0x0000000016110000)]

Stack: [0x0000000016010000,0x0000000016110000]
[error occurred during error reporting (printing stack bounds), id 0xc0000005]

Native frames: (J=compiled Java code, j=interpreted, Vv=VM code, C=native code)


Current CompileTask:
C2:   2986  660       4       com.android.dx.ssa.SsaBasicBlock::forEachInsn (37 bytes)


---------------  P R O C E S S  ---------------

Java Threads: ( => current thread )
  0x000000001644e000 JavaThread "pool-2-thread-4" [_thread_in_Java, id=6400, stack(0x0000000016d10000,0x0000000016e10000)]
  0x000000001644c800 JavaThread "pool-2-thread-3" [_thread_in_Java, id=9340, stack(0x0000000016c10000,0x0000000016d10000)]
  0x0000000016360000 JavaThread "pool-2-thread-2" [_thread_in_Java, id=4836, stack(0x0000000016b10000,0x0000000016c10000)]
  0x0000000016352000 JavaThread "pool-3-thread-1" [_thread_blocked, id=12056, stack(0x0000000016a10000,0x0000000016b10000)]
  0x000000001632e000 JavaThread "pool-2-thread-1" [_thread_in_Java, id=6360, stack(0x0000000016910000,0x0000000016a10000)]
  0x000000001621c800 JavaThread "Service Thread" daemon [_thread_blocked, id=9028, stack(0x0000000016710000,0x0000000016810000)]
  0x0000000016218800 JavaThread "C1 CompilerThread2" daemon [_thread_in_native, id=11932, stack(0x0000000016610000,0x0000000016710000)]
  0x00000000149af800 JavaThread "C2 CompilerThread1" daemon [_thread_in_native, id=12104, stack(0x0000000016110000,0x0000000016210000)]
=>0x00000000149ac800 JavaThread "C2 CompilerThread0" daemon [_thread_in_native, id=11396, stack(0x0000000016010000,0x0000000016110000)]
  0x00000000149aa800 JavaThread "Attach Listener" daemon [_thread_blocked, id=5884, stack(0x0000000015f10000,0x0000000016010000)]
  0x00000000149a9000 JavaThread "Signal Dispatcher" daemon [_thread_blocked, id=12220, stack(0x0000000015e10000,0x0000000015f10000)]
  0x00000000022d0800 JavaThread "Finalizer" daemon [_thread_blocked, id=6268, stack(0x0000000015c20000,0x0000000015d20000)]
  0x00000000022cd000 JavaThread "Reference Handler" daemon [_thread_blocked, id=10500, stack(0x0000000015b20000,0x0000000015c20000)]
  0x00000000021e0800 JavaThread "main" [_thread_in_Java, id=11848, stack(0x0000000001f70000,0x0000000002070000)]

Other Threads:
  0x0000000014978000 VMThread [stack: 0x0000000015a20000,0x0000000015b20000] [id=11816]
  0x0000000016229800 WatcherThread [stack: 0x0000000016810000,0x0000000016910000] [id=11384]

VM state:not at safepoint (normal execution)

VM Mutex/Monitor currently owned by a thread: None

Heap:
 PSYoungGen      total 38400K, used 13588K [0x00000000eab00000, 0x00000000ed580000, 0x0000000100000000)
  eden space 33280K, 40% used [0x00000000eab00000,0x00000000eb8450b0,0x00000000ecb80000)
  from space 5120K, 0% used [0x00000000ed080000,0x00000000ed080000,0x00000000ed580000)
  to   space 5120K, 0% used [0x00000000ecb80000,0x00000000ecb80000,0x00000000ed080000)
 ParOldGen       total 87552K, used 0K [0x00000000c0000000, 0x00000000c5580000, 0x00000000eab00000)
  object space 87552K, 0% used [0x00000000c0000000,0x00000000c0000000,0x00000000c5580000)
 Metaspace       used 5467K, capacity 6640K, committed 6784K, reserved 1056768K
  class space    used 574K, capacity 616K, committed 640K, reserved 1048576K

Card table byte_map: [0x00000000116a0000,0x00000000118b0000] byte_map_base: 0x00000000110a0000

Marking Bits: (ParMarkBitMap*) 0x00000000726aa5b0
 Begin Bits: [0x0000000011e10000, 0x0000000012e10000)
 End Bits:   [0x0000000012e10000, 0x0000000013e10000)

Polling page: 0x00000000001f0000

CodeCache: size=245760Kb used=2670Kb max_used=2681Kb free=243089Kb
 bounds [0x00000000022e0000, 0x0000000002590000, 0x00000000112e0000]
 total_blobs=919 nmethods=658 adapters=174
 compilation: enabled

Compilation events (10 events):
Event: 2.975 Thread 0x0000000016218800  668   !   3       com.android.dx.cf.code.RopperMachine::run (1550 bytes)
Event: 2.976 Thread 0x00000000149af800 nmethod 669 0x000000000257f810 code [0x000000000257f960, 0x000000000257fb78]
Event: 2.979 Thread 0x00000000149af800  671       4       com.android.dx.rop.code.RegisterSpec::equals (51 bytes)
Event: 2.979 Thread 0x00000000149af800 nmethod 671 0x0000000002569310 code [0x0000000002569460, 0x0000000002569538]
Event: 2.980 Thread 0x00000000149af800  672       4       com.android.dx.rop.code.RegisterSpec::hashCodeOf (30 bytes)
Event: 2.980 Thread 0x00000000149af800 nmethod 672 0x0000000002570350 code [0x00000000025704a0, 0x0000000002570588]
Event: 2.980 Thread 0x00000000149af800  673       4       java.util.ArrayList::remove (69 bytes)
Event: 2.982 Thread 0x00000000149af800 nmethod 673 0x000000000257fcd0 code [0x000000000257fe20, 0x000000000257ffb8]
Event: 2.982 Thread 0x00000000149af800  674       4       java.util.ArrayList$Itr::<init> (6 bytes)
Event: 2.982 Thread 0x00000000149af800 nmethod 674 0x0000000002580150 code [0x0000000002580280, 0x0000000002580318]

GC Heap History (0 events):
No events

Deoptimization events (1 events):
Event: 2.937 Thread 0x000000001632e000 Uncommon trap: reason=unstable_if action=reinterpret pc=0x00000000024dbbe4 method=java.util.HashMap.getNode(ILjava/lang/Object;)Ljava/util/HashMap$Node; @ 129

Internal exceptions (2 events):
Event: 0.261 Thread 0x00000000021e0800 Exception <a 'java/lang/NoSuchMethodError': Method sun.misc.Unsafe.defineClass(Ljava/lang/String;[BII)Ljava/lang/Class; name or signature does not match> (0x00000000eab0d4c0) thrown at [C:\re\workspace\8-2-build-windows-amd64-cygwin\jdk8u60\4407\hotspot\sršä&—D½Ð?
Event: 0.262 Thread 0x00000000021e0800 Exception <a 'java/lang/NoSuchMethodError': Method sun.misc.Unsafe.prefetchRead(Ljava/lang/Object;J)V name or signature does not match> (0x00000000eab0d7a8) thrown at [C:\re\workspace\8-2-build-windows-amd64-cygwin\jdk8u60\4407\hotspot\src\share\vm\prims\j

Events (10 events):
Event: 2.931 loading class com/android/dx/cf/code/SwitchList done
Event: 2.937 Thread 0x000000001632e000 Uncommon trap: trap_request=0xffffff65 fr.pc=0x00000000024dbbe4
Event: 2.937 Thread 0x000000001632e000 DEOPT PACKING pc=0x00000000024dbbe4 sp=0x0000000016a0e8d0
Event: 2.937 Thread 0x000000001632e000 DEOPT UNPACKING pc=0x000000000232582a sp=0x0000000016a0e848 mode 2
Event: 2.941 loading class com/android/dx/ssa/back/FirstFitLocalCombiningAllocator$Multiset
Event: 2.941 loading class com/android/dx/ssa/back/FirstFitLocalCombiningAllocator$Multiset done
Event: 2.943 loading class java/util/DualPivotQuicksort
Event: 2.943 loading class java/util/DualPivotQuicksort done
Event: 2.980 loading class java/util/ArrayList$1
Event: 2.980 loading class java/util/ArrayList$1 done


Dynamic libraries:
0x00007ff622e40000 - 0x00007ff622e77000 	C:\Program Files\Java\jdk1.8.0_60\bin\java.exe
0x00007fffbb0e0000 - 0x00007fffbb2a1000 	C:\WINDOWS\SYSTEM32\ntdll.dll
0x00007fffb8820000 - 0x00007fffb88cd000 	C:\WINDOWS\system32\KERNEL32.DLL
0x00007fffb81e0000 - 0x00007fffb83c8000 	C:\WINDOWS\system32\KERNELBASE.dll
0x00007fffb9ad0000 - 0x00007fffb9b77000 	C:\WINDOWS\system32\ADVAPI32.dll
0x00007fffb8d80000 - 0x00007fffb8e1d000 	C:\WINDOWS\system32\msvcrt.dll
0x00007fffb8e30000 - 0x00007fffb8e8b000 	C:\WINDOWS\system32\sechost.dll
0x00007fffb8ed0000 - 0x00007fffb8fec000 	C:\WINDOWS\system32\RPCRT4.dll
0x00007fffb84e0000 - 0x00007fffb8636000 	C:\WINDOWS\system32\USER32.dll
0x00007fffb8a80000 - 0x00007fffb8c06000 	C:\WINDOWS\system32\GDI32.dll
0x00007fffb34a0000 - 0x00007fffb3714000 	C:\WINDOWS\WinSxS\amd64_microsoft.windows.common-controls_6595b64144ccf1df_6.0.10586.0_none_8c15ae12515e1c22\COMCTL32.dll
0x00007fffb9830000 - 0x00007fffb9aad000 	C:\WINDOWS\system32\combase.dll
0x00007fffb8120000 - 0x00007fffb818a000 	C:\WINDOWS\system32\bcryptPrimitives.dll
0x00007fffb8e90000 - 0x00007fffb8ecb000 	C:\WINDOWS\system32\IMM32.DLL
0x000000006fa70000 - 0x000000006fb42000 	C:\Program Files\Java\jdk1.8.0_60\jre\bin\msvcr100.dll
0x0000000071ea0000 - 0x0000000072729000 	C:\Program Files\Java\jdk1.8.0_60\jre\bin\server\jvm.dll
0x00007fffb8e20000 - 0x00007fffb8e28000 	C:\WINDOWS\system32\PSAPI.DLL
0x00007fffb3c00000 - 0x00007fffb3c09000 	C:\WINDOWS\SYSTEM32\WSOCK32.dll
0x00007fffb9140000 - 0x00007fffb91ab000 	C:\WINDOWS\system32\WS2_32.dll
0x00007fffb5cf0000 - 0x00007fffb5d13000 	C:\WINDOWS\SYSTEM32\WINMM.dll
0x00007fffb37e0000 - 0x00007fffb37ea000 	C:\WINDOWS\SYSTEM32\VERSION.dll
0x00007fffb5cc0000 - 0x00007fffb5cec000 	C:\WINDOWS\SYSTEM32\WINMMBASE.dll
0x00007fffb8190000 - 0x00007fffb81d3000 	C:\WINDOWS\system32\cfgmgr32.dll
0x0000000071db0000 - 0x0000000071dbf000 	C:\Program Files\Java\jdk1.8.0_60\jre\bin\verify.dll
0x0000000071d80000 - 0x0000000071da9000 	C:\Program Files\Java\jdk1.8.0_60\jre\bin\java.dll
0x0000000071d60000 - 0x0000000071d76000 	C:\Program Files\Java\jdk1.8.0_60\jre\bin\zip.dll
0x00007fffb9b80000 - 0x00007fffbb0dc000 	C:\WINDOWS\system32\SHELL32.dll
0x00007fffb77b0000 - 0x00007fffb7df4000 	C:\WINDOWS\system32\windows.storage.dll
0x00007fffb8c10000 - 0x00007fffb8c62000 	C:\WINDOWS\system32\shlwapi.dll
0x00007fffb7730000 - 0x00007fffb773f000 	C:\WINDOWS\system32\kernel.appcore.dll
0x00007fffb7e90000 - 0x00007fffb7f45000 	C:\WINDOWS\system32\shcore.dll
0x00007fffb7740000 - 0x00007fffb778b000 	C:\WINDOWS\system32\powrprof.dll
0x00007fffb7710000 - 0x00007fffb7724000 	C:\WINDOWS\system32\profapi.dll

VM Arguments:
jvm_args: -Djava.awt.headless=true -Xmx1024M -Dfile.encoding=windows-1252 -Duser.country=SE -Duser.language=sv -Duser.variant 
java_command: com.android.dx.command.Main --dex --force-jumbo --num-threads=4 --multi-dex --output C:\Kexjobb\Kexjobb\Nuklearmedicin\app\build\intermediates\transforms\dex\debug\folders\1000\5\slice_4 C:\Kexjobb\Kexjobb\Nuklearmedicin\app\build\intermediates\transforms\instantRunSlicer\debug\folders\1\5\slice_4
java_class_path (initial): C:\Users\Mikael\AppData\Local\Android\sdk\build-tools\23.0.3\lib\dx.jar
Launcher Type: SUN_STANDARD

Environment Variables:
PATH=C:\ProgramData\Oracle\Java\javapath;C:\WINDOWS\system32;C:\WINDOWS;C:\WINDOWS\System32\Wbem;C:\WINDOWS\System32\WindowsPowerShell\v1.0\;C:\Program Files\OpenVPN\bin;C:\WINDOWS\system32;C:\WINDOWS;C:\WINDOWS\System32\Wbem;C:\WINDOWS\System32\WindowsPowerShell\v1.0\;C:\Program Files (x86)\NVIDIA Corporation\PhysX\Common;C:\Program Files (x86)\Skype\Phone\;C:\WINDOWS\system32\config\systemprofile\.dnx\bin;C:\Program Files\Microsoft DNX\Dnvm\;C:\Program Files (x86)\Windows Kits\10\Windows Performance Toolkit\;;C:\Program Files\Docker Toolbox
USERNAME=Mikael
OS=Windows_NT
PROCESSOR_IDENTIFIER=Intel64 Family 6 Model 58 Stepping 9, GenuineIntel



---------------  S Y S T E M  ---------------

OS: Windows 10.0 , 64 bit Build 10586 (10.0.10586.0)

CPU:total 4 (4 cores per cpu, 1 threads per core) family 6 model 58 stepping 9, cmov, cx8, fxsr, mmx, sse, sse2, sse3, ssse3, sse4.1, sse4.2, popcnt, avx, aes, clmul, erms, tsc, tscinvbit, tscinv

Memory: 4k page, physical 8338132k(1015212k free), swap 12786496k(5132k free)

vm_info: Java HotSpot(TM) 64-Bit Server VM (25.60-b23) for windows-amd64 JRE (1.8.0_60-b27), built on Aug  4 2015 11:06:27 by "java_re" with MS VC++ 10.0 (VS2010)

time: Wed May 18 13:10:55 2016
elapsed time: 2 seconds (0d 0h 0m 2s)

