#
# There is insufficient memory for the Java Runtime Environment to continue.
# Native memory allocation (malloc) failed to allocate 1254256 bytes for Chunk::new
# Possible reasons:
#   The system is out of physical RAM or swap space
#   In 32 bit mode, the process size limit was hit
# Possible solutions:
#   Reduce memory load on the system
#   Increase physical memory or swap space
#   Check if swap backing store is full
#   Use 64 bit Java on a 64 bit OS
#   Decrease Java heap size (-Xmx/-Xms)
#   Decrease number of Java threads
#   Decrease Java thread stack sizes (-Xss)
#   Set larger code cache with -XX:ReservedCodeCacheSize=
# This output file may be truncated or incomplete.
#
#  Out of Memory Error (allocation.cpp:390), pid=6948, tid=7844
#
# JRE version: Java(TM) SE Runtime Environment (8.0_60-b27) (build 1.8.0_60-b27)
# Java VM: Java HotSpot(TM) 64-Bit Server VM (25.60-b23 mixed mode windows-amd64 compressed oops)
# Failed to write core dump. Minidumps are not enabled by default on client versions of Windows
#

---------------  T H R E A D  ---------------

Current thread (0x000000001492f800):  JavaThread "C2 CompilerThread1" daemon [_thread_in_native, id=7844, stack(0x0000000016090000,0x0000000016190000)]

Stack: [0x0000000016090000,0x0000000016190000]
[error occurred during error reporting (printing stack bounds), id 0xc0000005]

Native frames: (J=compiled Java code, j=interpreted, Vv=VM code, C=native code)


Current CompileTask:
C2:   1840 1400   !   4       com.android.dx.cf.code.RopperMachine::run (1550 bytes)


---------------  P R O C E S S  ---------------

Java Threads: ( => current thread )
  0x00000000164f0000 JavaThread "pool-2-thread-4" [_thread_blocked, id=5888, stack(0x0000000016c90000,0x0000000016d90000)]
  0x0000000016435000 JavaThread "pool-2-thread-3" [_thread_blocked, id=4980, stack(0x0000000016b90000,0x0000000016c90000)]
  0x0000000016433000 JavaThread "pool-2-thread-2" [_thread_blocked, id=3144, stack(0x0000000016a90000,0x0000000016b90000)]
  0x0000000016415000 JavaThread "pool-3-thread-1" [_thread_blocked, id=8332, stack(0x0000000016990000,0x0000000016a90000)]
  0x0000000016414800 JavaThread "pool-2-thread-1" [_thread_blocked, id=8208, stack(0x0000000016890000,0x0000000016990000)]
  0x000000001629d000 JavaThread "Service Thread" daemon [_thread_blocked, id=10124, stack(0x0000000016690000,0x0000000016790000)]
  0x000000001498b800 JavaThread "C1 CompilerThread2" daemon [_thread_blocked, id=1772, stack(0x0000000016190000,0x0000000016290000)]
=>0x000000001492f800 JavaThread "C2 CompilerThread1" daemon [_thread_in_native, id=7844, stack(0x0000000016090000,0x0000000016190000)]
  0x000000001492c800 JavaThread "C2 CompilerThread0" daemon [_thread_in_native, id=10520, stack(0x0000000015f90000,0x0000000016090000)]
  0x000000001492a800 JavaThread "Attach Listener" daemon [_thread_blocked, id=6176, stack(0x0000000015e90000,0x0000000015f90000)]
  0x0000000014929000 JavaThread "Signal Dispatcher" daemon [_thread_blocked, id=8256, stack(0x0000000015d90000,0x0000000015e90000)]
  0x0000000002250800 JavaThread "Finalizer" daemon [_thread_blocked, id=4984, stack(0x0000000015ba0000,0x0000000015ca0000)]
  0x000000000224d000 JavaThread "Reference Handler" daemon [_thread_blocked, id=8100, stack(0x0000000015aa0000,0x0000000015ba0000)]
  0x0000000002160800 JavaThread "main" [_thread_in_native, id=5296, stack(0x0000000001ed0000,0x0000000001fd0000)]

Other Threads:
  0x00000000148f8000 VMThread [stack: 0x00000000159a0000,0x0000000015aa0000] [id=208]
  0x00000000162b2000 WatcherThread [stack: 0x0000000016790000,0x0000000016890000] [id=4088]

VM state:not at safepoint (normal execution)

VM Mutex/Monitor currently owned by a thread: None

Heap:
 PSYoungGen      total 71680K, used 26777K [0x00000000eab00000, 0x00000000ef600000, 0x0000000100000000)
  eden space 66560K, 32% used [0x00000000eab00000,0x00000000ec02dc48,0x00000000eec00000)
  from space 5120K, 99% used [0x00000000ef100000,0x00000000ef5f8a40,0x00000000ef600000)
  to   space 5120K, 0% used [0x00000000eec00000,0x00000000eec00000,0x00000000ef100000)
 ParOldGen       total 87552K, used 6119K [0x00000000c0000000, 0x00000000c5580000, 0x00000000eab00000)
  object space 87552K, 6% used [0x00000000c0000000,0x00000000c05f9d70,0x00000000c5580000)
 Metaspace       used 5869K, capacity 6960K, committed 7040K, reserved 1056768K
  class space    used 583K, capacity 616K, committed 640K, reserved 1048576K

Card table byte_map: [0x0000000011620000,0x0000000011830000] byte_map_base: 0x0000000011020000

Marking Bits: (ParMarkBitMap*) 0x00000000726aa5b0
 Begin Bits: [0x0000000011d90000, 0x0000000012d90000)
 End Bits:   [0x0000000012d90000, 0x0000000013d90000)

Polling page: 0x0000000000420000

CodeCache: size=245760Kb used=5854Kb max_used=5874Kb free=239905Kb
 bounds [0x0000000002260000, 0x0000000002830000, 0x0000000011260000]
 total_blobs=1644 nmethods=1382 adapters=175
 compilation: enabled

Compilation events (10 events):
Event: 1.793 Thread 0x000000001492f800 nmethod 1410% 0x000000000280dc50 code [0x000000000280dda0, 0x000000000280df18]
Event: 1.793 Thread 0x000000001492f800 1405       4       com.android.dx.cf.code.BaseMachine::storeResults (90 bytes)
Event: 1.797 Thread 0x000000001498b800 1422       2       com.android.dx.ssa.SsaInsn::makeFromRop (10 bytes)
Event: 1.797 Thread 0x000000001498b800 nmethod 1422 0x000000000280fa10 code [0x000000000280fb80, 0x000000000280fe08]
Event: 1.798 Thread 0x000000001492f800 nmethod 1405 0x0000000002816150 code [0x00000000028162e0, 0x00000000028167f8]
Event: 1.798 Thread 0x000000001492f800 1393       4       com.android.dx.ssa.back.FirstFitLocalCombiningAllocator::findNextUnreservedRopReg (68 bytes)
Event: 1.801 Thread 0x000000001492f800 nmethod 1393 0x00000000027f6890 code [0x00000000027f69e0, 0x00000000027f6e18]
Event: 1.801 Thread 0x000000001492f800 1400   !   4       com.android.dx.cf.code.RopperMachine::run (1550 bytes)
Event: 1.809 Thread 0x000000001492c800 nmethod 1401 0x000000000281ecd0 code [0x000000000281f060, 0x0000000002821448]
Event: 1.809 Thread 0x000000001492c800 1415       4       com.android.dx.ssa.SCCP::simulatePhi (169 bytes)

GC Heap History (4 events):
Event: 0.680 GC heap before
{Heap before GC invocations=1 (full 0):
 PSYoungGen      total 38400K, used 33280K [0x00000000eab00000, 0x00000000ed580000, 0x0000000100000000)
  eden space 33280K, 100% used [0x00000000eab00000,0x00000000ecb80000,0x00000000ecb80000)
  from space 5120K, 0% used [0x00000000ed080000,0x00000000ed080000,0x00000000ed580000)
  to   space 5120K, 0% used [0x00000000ecb80000,0x00000000ecb80000,0x00000000ed080000)
 ParOldGen       total 87552K, used 0K [0x00000000c0000000, 0x00000000c5580000, 0x00000000eab00000)
  object space 87552K, 0% used [0x00000000c0000000,0x00000000c0000000,0x00000000c5580000)
 Metaspace       used 5683K, capacity 6832K, committed 7040K, reserved 1056768K
  class space    used 576K, capacity 616K, committed 640K, reserved 1048576K
Event: 0.721 GC heap after
Heap after GC invocations=1 (full 0):
 PSYoungGen      total 38400K, used 5104K [0x00000000eab00000, 0x00000000ef600000, 0x0000000100000000)
  eden space 33280K, 0% used [0x00000000eab00000,0x00000000eab00000,0x00000000ecb80000)
  from space 5120K, 99% used [0x00000000ecb80000,0x00000000ed07c0b0,0x00000000ed080000)
  to   space 5120K, 0% used [0x00000000ef100000,0x00000000ef100000,0x00000000ef600000)
 ParOldGen       total 87552K, used 1358K [0x00000000c0000000, 0x00000000c5580000, 0x00000000eab00000)
  object space 87552K, 1% used [0x00000000c0000000,0x00000000c0153b88,0x00000000c5580000)
 Metaspace       used 5683K, capacity 6832K, committed 7040K, reserved 1056768K
  class space    used 576K, capacity 616K, committed 640K, reserved 1048576K
}
Event: 1.202 GC heap before
{Heap before GC invocations=2 (full 0):
 PSYoungGen      total 38400K, used 38384K [0x00000000eab00000, 0x00000000ef600000, 0x0000000100000000)
  eden space 33280K, 100% used [0x00000000eab00000,0x00000000ecb80000,0x00000000ecb80000)
  from space 5120K, 99% used [0x00000000ecb80000,0x00000000ed07c0b0,0x00000000ed080000)
  to   space 5120K, 0% used [0x00000000ef100000,0x00000000ef100000,0x00000000ef600000)
 ParOldGen       total 87552K, used 1358K [0x00000000c0000000, 0x00000000c5580000, 0x00000000eab00000)
  object space 87552K, 1% used [0x00000000c0000000,0x00000000c0153b88,0x00000000c5580000)
 Metaspace       used 5843K, capacity 6960K, committed 7040K, reserved 1056768K
  class space    used 581K, capacity 616K, committed 640K, reserved 1048576K
Event: 1.377 GC heap after
Heap after GC invocations=2 (full 0):
 PSYoungGen      total 71680K, used 5090K [0x00000000eab00000, 0x00000000ef600000, 0x0000000100000000)
  eden space 66560K, 0% used [0x00000000eab00000,0x00000000eab00000,0x00000000eec00000)
  from space 5120K, 99% used [0x00000000ef100000,0x00000000ef5f8a40,0x00000000ef600000)
  to   space 5120K, 0% used [0x00000000eec00000,0x00000000eec00000,0x00000000ef100000)
 ParOldGen       total 87552K, used 6119K [0x00000000c0000000, 0x00000000c5580000, 0x00000000eab00000)
  object space 87552K, 6% used [0x00000000c0000000,0x00000000c05f9d70,0x00000000c5580000)
 Metaspace       used 5843K, capacity 6960K, committed 7040K, reserved 1056768K
  class space    used 581K, capacity 616K, committed 640K, reserved 1048576K
}

Deoptimization events (10 events):
Event: 1.426 Thread 0x0000000016435000 Uncommon trap: reason=class_check action=maybe_recompile pc=0x00000000027a3d2c method=com.android.dx.ssa.SsaMethod.isRegALocal(Lcom/android/dx/rop/code/RegisterSpec;)Z @ 16
Event: 1.427 Thread 0x0000000016435000 Uncommon trap: reason=class_check action=maybe_recompile pc=0x00000000027a3d2c method=com.android.dx.ssa.SsaMethod.isRegALocal(Lcom/android/dx/rop/code/RegisterSpec;)Z @ 16
Event: 1.427 Thread 0x0000000016435000 Uncommon trap: reason=class_check action=maybe_recompile pc=0x00000000027a3d2c method=com.android.dx.ssa.SsaMethod.isRegALocal(Lcom/android/dx/rop/code/RegisterSpec;)Z @ 16
Event: 1.428 Thread 0x0000000016435000 Uncommon trap: reason=unstable_if action=reinterpret pc=0x0000000002699b78 method=com.android.dx.ssa.SCCP.simulateStmt(Lcom/android/dx/ssa/SsaInsn;)V @ 469
Event: 1.430 Thread 0x0000000016435000 Uncommon trap: reason=unstable_if action=reinterpret pc=0x0000000002756374 method=com.android.dx.ssa.DeadCodeRemover.isCircularNoSideEffect(ILjava/util/BitSet;)Z @ 9
Event: 1.437 Thread 0x0000000016435000 Uncommon trap: reason=unstable_if action=reinterpret pc=0x00000000027aa150 method=com.android.dx.rop.code.InsnList.contentEquals(Lcom/android/dx/rop/code/InsnList;)Z @ 25
Event: 1.437 Thread 0x0000000016435000 Uncommon trap: reason=unstable_if action=reinterpret pc=0x0000000002669a50 method=com.android.dx.util.LabeledList.set(ILcom/android/dx/util/LabeledItem;)V @ 16
Event: 1.450 Thread 0x0000000016435000 Uncommon trap: reason=class_check action=maybe_recompile pc=0x00000000025864f0 method=com.android.dx.rop.type.Type.equals(Ljava/lang/Object;)Z @ 8
Event: 1.450 Thread 0x0000000016435000 Uncommon trap: reason=class_check action=maybe_recompile pc=0x00000000025864f0 method=com.android.dx.rop.type.Type.equals(Ljava/lang/Object;)Z @ 8
Event: 1.450 Thread 0x0000000016435000 Uncommon trap: reason=class_check action=maybe_recompile pc=0x00000000025864f0 method=com.android.dx.rop.type.Type.equals(Ljava/lang/Object;)Z @ 8

Internal exceptions (4 events):
Event: 0.150 Thread 0x0000000002160800 Exception <a 'java/lang/NoSuchMethodError': Method sun.misc.Unsafe.defineClass(Ljava/lang/String;[BII)Ljava/lang/Class; name or signature does not match> (0x00000000eab0d4c0) thrown at [C:\re\workspace\8-2-build-windows-amd64-cygwin\jdk8u60\4407\hotspot\srrí`≥¸9√?
Event: 0.150 Thread 0x0000000002160800 Exception <a 'java/lang/NoSuchMethodError': Method sun.misc.Unsafe.prefetchRead(Ljava/lang/Object;J)V name or signature does not match> (0x00000000eab0d7a8) thrown at [C:\re\workspace\8-2-build-windows-amd64-cygwin\jdk8u60\4407\hotspot\src\share\vm\prims\jèLóûu†ˆ?
Event: 1.414 Thread 0x00000000164f0000 Implicit null exception at 0x00000000026eeb54 to 0x00000000026efcc9
Event: 1.415 Thread 0x00000000164f0000 Implicit null exception at 0x00000000026f9c41 to 0x00000000026fac69

Events (10 events):
Event: 1.450 Thread 0x0000000016435000 DEOPT PACKING pc=0x00000000025864f0 sp=0x0000000016c8e280
Event: 1.450 Thread 0x0000000016435000 DEOPT UNPACKING pc=0x00000000022a582a sp=0x0000000016c8e218 mode 2
Event: 1.450 Thread 0x0000000016435000 Uncommon trap: trap_request=0xffffffde fr.pc=0x00000000025864f0
Event: 1.450 Thread 0x0000000016435000 DEOPT PACKING pc=0x00000000025864f0 sp=0x0000000016c8e280
Event: 1.450 Thread 0x0000000016435000 DEOPT UNPACKING pc=0x00000000022a582a sp=0x0000000016c8e218 mode 2
Event: 1.450 Thread 0x0000000016435000 Uncommon trap: trap_request=0xffffffde fr.pc=0x00000000025864f0
Event: 1.450 Thread 0x0000000016435000 DEOPT PACKING pc=0x00000000025864f0 sp=0x0000000016c8e550
Event: 1.450 Thread 0x0000000016435000 DEOPT UNPACKING pc=0x00000000022a582a sp=0x0000000016c8e4e8 mode 2
Event: 1.770 Thread 0x0000000016435000 DEOPT PACKING pc=0x00000000027d4ab5 sp=0x0000000016c8e460
Event: 1.770 Thread 0x0000000016435000 DEOPT UNPACKING pc=0x00000000022a787f sp=0x0000000016c8e1c8 mode 0


Dynamic libraries:
0x00007ff622e40000 - 0x00007ff622e77000 	C:\Program Files\Java\jdk1.8.0_60\bin\java.exe
0x00007fffbb0e0000 - 0x00007fffbb2a1000 	C:\WINDOWS\SYSTEM32\ntdll.dll
0x00007fffb8820000 - 0x00007fffb88cd000 	C:\WINDOWS\system32\KERNEL32.DLL
0x00007fffb81e0000 - 0x00007fffb83c8000 	C:\WINDOWS\system32\KERNELBASE.dll
0x00007fffb9ad0000 - 0x00007fffb9b77000 	C:\WINDOWS\system32\ADVAPI32.dll
0x00007fffb8d80000 - 0x00007fffb8e1d000 	C:\WINDOWS\system32\msvcrt.dll
0x00007fffb8e30000 - 0x00007fffb8e8b000 	C:\WINDOWS\system32\sechost.dll
0x00007fffb8ed0000 - 0x00007fffb8fec000 	C:\WINDOWS\system32\RPCRT4.dll
0x00007fffb84e0000 - 0x00007fffb8636000 	C:\WINDOWS\system32\USER32.dll
0x00007fffb8a80000 - 0x00007fffb8c06000 	C:\WINDOWS\system32\GDI32.dll
0x00007fffb34a0000 - 0x00007fffb3714000 	C:\WINDOWS\WinSxS\amd64_microsoft.windows.common-controls_6595b64144ccf1df_6.0.10586.0_none_8c15ae12515e1c22\COMCTL32.dll
0x00007fffb9830000 - 0x00007fffb9aad000 	C:\WINDOWS\system32\combase.dll
0x00007fffb8120000 - 0x00007fffb818a000 	C:\WINDOWS\system32\bcryptPrimitives.dll
0x00007fffb8e90000 - 0x00007fffb8ecb000 	C:\WINDOWS\system32\IMM32.DLL
0x000000006fa70000 - 0x000000006fb42000 	C:\Program Files\Java\jdk1.8.0_60\jre\bin\msvcr100.dll
0x0000000071ea0000 - 0x0000000072729000 	C:\Program Files\Java\jdk1.8.0_60\jre\bin\server\jvm.dll
0x00007fffb8e20000 - 0x00007fffb8e28000 	C:\WINDOWS\system32\PSAPI.DLL
0x00007fffb3c00000 - 0x00007fffb3c09000 	C:\WINDOWS\SYSTEM32\WSOCK32.dll
0x00007fffb9140000 - 0x00007fffb91ab000 	C:\WINDOWS\system32\WS2_32.dll
0x00007fffb5cf0000 - 0x00007fffb5d13000 	C:\WINDOWS\SYSTEM32\WINMM.dll
0x00007fffb37e0000 - 0x00007fffb37ea000 	C:\WINDOWS\SYSTEM32\VERSION.dll
0x00007fffb5cc0000 - 0x00007fffb5cec000 	C:\WINDOWS\SYSTEM32\WINMMBASE.dll
0x00007fffb8190000 - 0x00007fffb81d3000 	C:\WINDOWS\system32\cfgmgr32.dll
0x0000000071db0000 - 0x0000000071dbf000 	C:\Program Files\Java\jdk1.8.0_60\jre\bin\verify.dll
0x0000000071d80000 - 0x0000000071da9000 	C:\Program Files\Java\jdk1.8.0_60\jre\bin\java.dll
0x0000000071d60000 - 0x0000000071d76000 	C:\Program Files\Java\jdk1.8.0_60\jre\bin\zip.dll
0x00007fffb9b80000 - 0x00007fffbb0dc000 	C:\WINDOWS\system32\SHELL32.dll
0x00007fffb77b0000 - 0x00007fffb7df4000 	C:\WINDOWS\system32\windows.storage.dll
0x00007fffb8c10000 - 0x00007fffb8c62000 	C:\WINDOWS\system32\shlwapi.dll
0x00007fffb7730000 - 0x00007fffb773f000 	C:\WINDOWS\system32\kernel.appcore.dll
0x00007fffb7e90000 - 0x00007fffb7f45000 	C:\WINDOWS\system32\shcore.dll
0x00007fffb7740000 - 0x00007fffb778b000 	C:\WINDOWS\system32\powrprof.dll
0x00007fffb7710000 - 0x00007fffb7724000 	C:\WINDOWS\system32\profapi.dll

VM Arguments:
jvm_args: -Djava.awt.headless=true -Xmx1024M -Dfile.encoding=windows-1252 -Duser.country=SE -Duser.language=sv -Duser.variant 
java_command: com.android.dx.command.Main --dex --force-jumbo --num-threads=4 --multi-dex --output C:\Kexjobb\Kexjobb\Nuklearmedicin\app\build\intermediates\transforms\dex\debug\folders\1000\5\slice_5 C:\Kexjobb\Kexjobb\Nuklearmedicin\app\build\intermediates\transforms\instantRunSlicer\debug\folders\1\5\slice_5
java_class_path (initial): C:\Users\Mikael\AppData\Local\Android\sdk\build-tools\23.0.3\lib\dx.jar
Launcher Type: SUN_STANDARD

Environment Variables:
PATH=C:\ProgramData\Oracle\Java\javapath;C:\WINDOWS\system32;C:\WINDOWS;C:\WINDOWS\System32\Wbem;C:\WINDOWS\System32\WindowsPowerShell\v1.0\;C:\Program Files\OpenVPN\bin;C:\WINDOWS\system32;C:\WINDOWS;C:\WINDOWS\System32\Wbem;C:\WINDOWS\System32\WindowsPowerShell\v1.0\;C:\Program Files (x86)\NVIDIA Corporation\PhysX\Common;C:\Program Files (x86)\Skype\Phone\;C:\WINDOWS\system32\config\systemprofile\.dnx\bin;C:\Program Files\Microsoft DNX\Dnvm\;C:\Program Files (x86)\Windows Kits\10\Windows Performance Toolkit\;;C:\Program Files\Docker Toolbox
USERNAME=Mikael
OS=Windows_NT
PROCESSOR_IDENTIFIER=Intel64 Family 6 Model 58 Stepping 9, GenuineIntel



---------------  S Y S T E M  ---------------

OS: Windows 10.0 , 64 bit Build 10586 (10.0.10586.0)

CPU:total 4 (4 cores per cpu, 1 threads per core) family 6 model 58 stepping 9, cmov, cx8, fxsr, mmx, sse, sse2, sse3, ssse3, sse4.1, sse4.2, popcnt, avx, aes, clmul, erms, tsc, tscinvbit, tscinv

Memory: 4k page, physical 8338132k(891468k free), swap 12517776k(5644k free)

vm_info: Java HotSpot(TM) 64-Bit Server VM (25.60-b23) for windows-amd64 JRE (1.8.0_60-b27), built on Aug  4 2015 11:06:27 by "java_re" with MS VC++ 10.0 (VS2010)

time: Wed May 18 13:04:21 2016
elapsed time: 1 seconds (0d 0h 0m 1s)

